[INFO] 12:08:26:528 ESI/(17921:17921): Conectado con el coordinador
[TRACE] 12:08:26:529 ESI/(17921:17921): ID del ESI: 13
[INFO] 12:08:26:529 ESI/(17921:17921): conectando con el Planificador
[INFO] 12:08:26:529 ESI/(17921:17921): Conectado con el planificador
[INFO] 12:08:26:530 ESI/(17921:17921): Comienzo a correr script
[INFO] 12:08:26:530 ESI/(17921:17921): Espero mensaje del planificador
[INFO] 12:08:34:664 ESI/(17921:17921): Recibi mensaje del planificador, recibi 11
[TRACE] 12:08:34:865 ESI/(17921:17921): recibi 13 del coordinador
[INFO] 12:08:34:865 ESI/(17921:17921): Espero mensaje del planificador
[INFO] 12:08:34:865 ESI/(17921:17921): Recibi mensaje del planificador, recibi 11
[TRACE] 12:08:35:106 ESI/(17921:17921): recibi 13 del coordinador
[INFO] 12:08:35:106 ESI/(17921:17921): Espero mensaje del planificador
[INFO] 12:08:35:106 ESI/(17921:17921): Recibi mensaje del planificador, recibi 11
[TRACE] 12:08:35:386 ESI/(17921:17921): recibi 13 del coordinador
[INFO] 12:08:35:386 ESI/(17921:17921): Espero mensaje del planificador
[INFO] 12:08:35:386 ESI/(17921:17921): Recibi mensaje del planificador, recibi 11
[TRACE] 12:08:35:667 ESI/(17921:17921): recibi 13 del coordinador
[INFO] 12:08:35:667 ESI/(17921:17921): Espero mensaje del planificador
[INFO] 12:08:35:668 ESI/(17921:17921): Recibi mensaje del planificador, recibi 11
[TRACE] 12:08:35:947 ESI/(17921:17921): recibi 13 del coordinador
[INFO] 12:08:35:947 ESI/(17921:17921): Espero mensaje del planificador
[INFO] 12:08:35:947 ESI/(17921:17921): Recibi mensaje del planificador, recibi 11
[TRACE] 12:08:36:226 ESI/(17921:17921): recibi 13 del coordinador
[INFO] 12:08:36:226 ESI/(17921:17921): Espero mensaje del planificador
[INFO] 12:08:36:227 ESI/(17921:17921): Recibi mensaje del planificador, recibi 11
[TRACE] 12:08:36:506 ESI/(17921:17921): recibi 13 del coordinador
[INFO] 12:08:36:506 ESI/(17921:17921): Espero mensaje del planificador
[INFO] 12:08:36:507 ESI/(17921:17921): Recibi mensaje del planificador, recibi 11
[TRACE] 12:08:36:786 ESI/(17921:17921): recibi 13 del coordinador
[INFO] 12:08:36:787 ESI/(17921:17921): Espero mensaje del planificador
[INFO] 12:08:36:787 ESI/(17921:17921): Recibi mensaje del planificador, recibi 11
[TRACE] 12:08:37:66 ESI/(17921:17921): recibi 13 del coordinador
[INFO] 12:08:37:66 ESI/(17921:17921): Espero mensaje del planificador
[INFO] 12:08:37:66 ESI/(17921:17921): Recibi mensaje del planificador, recibi 11
[TRACE] 12:08:37:346 ESI/(17921:17921): recibi 13 del coordinador
[INFO] 12:08:37:346 ESI/(17921:17921): Espero mensaje del planificador
[INFO] 12:08:37:347 ESI/(17921:17921): Recibi mensaje del planificador, recibi 11
[TRACE] 12:08:37:626 ESI/(17921:17921): recibi 13 del coordinador
[INFO] 12:08:37:626 ESI/(17921:17921): Espero mensaje del planificador
[INFO] 12:08:37:626 ESI/(17921:17921): Recibi mensaje del planificador, recibi 11
[TRACE] 12:08:37:906 ESI/(17921:17921): recibi 13 del coordinador
[INFO] 12:08:37:906 ESI/(17921:17921): Espero mensaje del planificador
[INFO] 12:08:37:906 ESI/(17921:17921): Recibi mensaje del planificador, recibi 11
[TRACE] 12:08:38:186 ESI/(17921:17921): recibi 13 del coordinador
[INFO] 12:08:38:186 ESI/(17921:17921): Espero mensaje del planificador
[INFO] 12:08:38:186 ESI/(17921:17921): Recibi mensaje del planificador, recibi 11
[TRACE] 12:08:38:467 ESI/(17921:17921): recibi 13 del coordinador
[INFO] 12:08:38:467 ESI/(17921:17921): Espero mensaje del planificador
[INFO] 12:08:38:467 ESI/(17921:17921): Recibi mensaje del planificador, recibi 11
[TRACE] 12:08:38:746 ESI/(17921:17921): recibi 13 del coordinador
[INFO] 12:08:38:746 ESI/(17921:17921): Espero mensaje del planificador
[INFO] 12:08:38:746 ESI/(17921:17921): Recibi mensaje del planificador, recibi 11
[TRACE] 12:08:39:27 ESI/(17921:17921): recibi 13 del coordinador
[INFO] 12:08:39:27 ESI/(17921:17921): Espero mensaje del planificador
[INFO] 12:08:39:27 ESI/(17921:17921): Recibi mensaje del planificador, recibi 11
[TRACE] 12:08:39:307 ESI/(17921:17921): recibi 13 del coordinador
[INFO] 12:08:39:307 ESI/(17921:17921): Espero mensaje del planificador
[INFO] 12:08:39:307 ESI/(17921:17921): Recibi mensaje del planificador, recibi 11
[TRACE] 12:08:39:586 ESI/(17921:17921): recibi 13 del coordinador
[INFO] 12:08:39:586 ESI/(17921:17921): Espero mensaje del planificador
[INFO] 12:08:39:587 ESI/(17921:17921): Recibi mensaje del planificador, recibi 11
[TRACE] 12:08:39:867 ESI/(17921:17921): recibi 13 del coordinador
[INFO] 12:08:39:867 ESI/(17921:17921): Espero mensaje del planificador
[INFO] 12:08:39:867 ESI/(17921:17921): Recibi mensaje del planificador, recibi 11
[TRACE] 12:08:40:146 ESI/(17921:17921): recibi 13 del coordinador
