[INFO] 12:09:10:995 ESI/(17932:17932): Conectado con el coordinador
[TRACE] 12:09:10:995 ESI/(17932:17932): ID del ESI: 17
[INFO] 12:09:10:995 ESI/(17932:17932): conectando con el Planificador
[INFO] 12:09:10:995 ESI/(17932:17932): Conectado con el planificador
[INFO] 12:09:10:996 ESI/(17932:17932): Comienzo a correr script
[INFO] 12:09:10:996 ESI/(17932:17932): Espero mensaje del planificador
[INFO] 12:09:13:205 ESI/(17932:17932): Recibi mensaje del planificador, recibi 11
[TRACE] 12:09:13:442 ESI/(17932:17932): recibi 13 del coordinador
[INFO] 12:09:13:442 ESI/(17932:17932): Espero mensaje del planificador
[INFO] 12:09:13:443 ESI/(17932:17932): Recibi mensaje del planificador, recibi 11
[TRACE] 12:09:13:682 ESI/(17932:17932): recibi 13 del coordinador
[INFO] 12:09:13:682 ESI/(17932:17932): Espero mensaje del planificador
[INFO] 12:09:13:683 ESI/(17932:17932): Recibi mensaje del planificador, recibi 11
[TRACE] 12:09:13:922 ESI/(17932:17932): recibi 13 del coordinador
[INFO] 12:09:13:922 ESI/(17932:17932): Espero mensaje del planificador
[INFO] 12:09:13:923 ESI/(17932:17932): Recibi mensaje del planificador, recibi 11
[TRACE] 12:09:14:162 ESI/(17932:17932): recibi 13 del coordinador
[INFO] 12:09:14:162 ESI/(17932:17932): Espero mensaje del planificador
[INFO] 12:09:14:162 ESI/(17932:17932): Recibi mensaje del planificador, recibi 11
[TRACE] 12:09:14:403 ESI/(17932:17932): recibi 13 del coordinador
[INFO] 12:09:14:403 ESI/(17932:17932): Espero mensaje del planificador
[INFO] 12:09:14:404 ESI/(17932:17932): Recibi mensaje del planificador, recibi 11
[TRACE] 12:09:14:643 ESI/(17932:17932): recibi 13 del coordinador
[INFO] 12:09:14:643 ESI/(17932:17932): Espero mensaje del planificador
[INFO] 12:09:14:643 ESI/(17932:17932): Recibi mensaje del planificador, recibi 11
[TRACE] 12:09:14:882 ESI/(17932:17932): recibi 13 del coordinador
[INFO] 12:09:14:882 ESI/(17932:17932): Espero mensaje del planificador
[INFO] 12:09:14:882 ESI/(17932:17932): Recibi mensaje del planificador, recibi 11
[TRACE] 12:09:15:123 ESI/(17932:17932): recibi 13 del coordinador
[INFO] 12:09:15:123 ESI/(17932:17932): Espero mensaje del planificador
[INFO] 12:09:15:123 ESI/(17932:17932): Recibi mensaje del planificador, recibi 11
[TRACE] 12:09:15:362 ESI/(17932:17932): recibi 13 del coordinador
[INFO] 12:09:15:362 ESI/(17932:17932): Espero mensaje del planificador
[INFO] 12:09:15:362 ESI/(17932:17932): Recibi mensaje del planificador, recibi 11
[TRACE] 12:09:15:602 ESI/(17932:17932): recibi 13 del coordinador
[INFO] 12:09:15:602 ESI/(17932:17932): Espero mensaje del planificador
[INFO] 12:09:15:602 ESI/(17932:17932): Recibi mensaje del planificador, recibi 11
[TRACE] 12:09:15:842 ESI/(17932:17932): recibi 13 del coordinador
[INFO] 12:09:15:842 ESI/(17932:17932): Espero mensaje del planificador
[INFO] 12:09:15:842 ESI/(17932:17932): Recibi mensaje del planificador, recibi 11
[TRACE] 12:09:16:82 ESI/(17932:17932): recibi 13 del coordinador
[INFO] 12:09:16:82 ESI/(17932:17932): Espero mensaje del planificador
[INFO] 12:09:16:83 ESI/(17932:17932): Recibi mensaje del planificador, recibi 11
[TRACE] 12:09:16:326 ESI/(17932:17932): recibi 13 del coordinador
[INFO] 12:09:16:326 ESI/(17932:17932): Espero mensaje del planificador
[INFO] 12:09:16:326 ESI/(17932:17932): Recibi mensaje del planificador, recibi 11
[TRACE] 12:09:16:566 ESI/(17932:17932): recibi 13 del coordinador
[INFO] 12:09:16:566 ESI/(17932:17932): Espero mensaje del planificador
[INFO] 12:09:16:566 ESI/(17932:17932): Recibi mensaje del planificador, recibi 11
[TRACE] 12:09:16:806 ESI/(17932:17932): recibi 13 del coordinador
[INFO] 12:09:16:806 ESI/(17932:17932): Espero mensaje del planificador
[INFO] 12:09:16:806 ESI/(17932:17932): Recibi mensaje del planificador, recibi 11
[TRACE] 12:09:17:46 ESI/(17932:17932): recibi 13 del coordinador
[INFO] 12:09:17:46 ESI/(17932:17932): Espero mensaje del planificador
[INFO] 12:09:17:46 ESI/(17932:17932): Recibi mensaje del planificador, recibi 11
[TRACE] 12:09:17:286 ESI/(17932:17932): recibi 13 del coordinador
[INFO] 12:09:17:286 ESI/(17932:17932): Espero mensaje del planificador
[INFO] 12:09:17:286 ESI/(17932:17932): Recibi mensaje del planificador, recibi 11
[TRACE] 12:09:17:526 ESI/(17932:17932): recibi 13 del coordinador
[INFO] 12:09:17:526 ESI/(17932:17932): Espero mensaje del planificador
[INFO] 12:09:17:526 ESI/(17932:17932): Recibi mensaje del planificador, recibi 11
[TRACE] 12:09:17:766 ESI/(17932:17932): recibi 13 del coordinador
[INFO] 12:09:17:766 ESI/(17932:17932): Espero mensaje del planificador
[INFO] 12:09:17:766 ESI/(17932:17932): Recibi mensaje del planificador, recibi 11
[TRACE] 12:09:18:6 ESI/(17932:17932): recibi 13 del coordinador
[INFO] 12:09:18:6 ESI/(17932:17932): Espero mensaje del planificador
[INFO] 12:09:18:6 ESI/(17932:17932): Recibi mensaje del planificador, recibi 11
[TRACE] 12:09:18:247 ESI/(17932:17932): recibi 13 del coordinador
[INFO] 12:09:18:247 ESI/(17932:17932): Espero mensaje del planificador
[INFO] 12:09:18:247 ESI/(17932:17932): Recibi mensaje del planificador, recibi 11
[TRACE] 12:09:18:486 ESI/(17932:17932): recibi 13 del coordinador
[INFO] 12:09:18:486 ESI/(17932:17932): Espero mensaje del planificador
[INFO] 12:09:18:487 ESI/(17932:17932): Recibi mensaje del planificador, recibi 11
[TRACE] 12:09:18:726 ESI/(17932:17932): recibi 13 del coordinador
[INFO] 12:09:18:726 ESI/(17932:17932): Espero mensaje del planificador
[INFO] 12:09:18:726 ESI/(17932:17932): Recibi mensaje del planificador, recibi 11
[TRACE] 12:09:18:967 ESI/(17932:17932): recibi 13 del coordinador
[INFO] 12:09:18:967 ESI/(17932:17932): Espero mensaje del planificador
[INFO] 12:09:18:967 ESI/(17932:17932): Recibi mensaje del planificador, recibi 11
[TRACE] 12:09:19:207 ESI/(17932:17932): recibi 13 del coordinador
[INFO] 12:09:19:207 ESI/(17932:17932): Espero mensaje del planificador
[INFO] 12:09:19:207 ESI/(17932:17932): Recibi mensaje del planificador, recibi 11
[TRACE] 12:09:19:447 ESI/(17932:17932): recibi 13 del coordinador
[INFO] 12:09:19:448 ESI/(17932:17932): Espero mensaje del planificador
[INFO] 12:09:19:448 ESI/(17932:17932): Recibi mensaje del planificador, recibi 11
[TRACE] 12:09:19:687 ESI/(17932:17932): recibi 13 del coordinador
[INFO] 12:09:19:687 ESI/(17932:17932): Espero mensaje del planificador
[INFO] 12:09:19:687 ESI/(17932:17932): Recibi mensaje del planificador, recibi 11
[TRACE] 12:09:19:926 ESI/(17932:17932): recibi 13 del coordinador
[INFO] 12:09:19:926 ESI/(17932:17932): Espero mensaje del planificador
[INFO] 12:09:19:926 ESI/(17932:17932): Recibi mensaje del planificador, recibi 11
[TRACE] 12:09:20:166 ESI/(17932:17932): recibi 13 del coordinador
[INFO] 12:09:20:167 ESI/(17932:17932): Espero mensaje del planificador
[INFO] 12:09:20:167 ESI/(17932:17932): Recibi mensaje del planificador, recibi 11
[TRACE] 12:09:20:407 ESI/(17932:17932): recibi 13 del coordinador
[INFO] 12:09:20:408 ESI/(17932:17932): Espero mensaje del planificador
[INFO] 12:09:20:408 ESI/(17932:17932): Recibi mensaje del planificador, recibi 11
[TRACE] 12:09:20:686 ESI/(17932:17932): recibi 13 del coordinador
[INFO] 12:09:20:686 ESI/(17932:17932): Espero mensaje del planificador
[INFO] 12:09:20:686 ESI/(17932:17932): Recibi mensaje del planificador, recibi 11
[TRACE] 12:09:20:966 ESI/(17932:17932): recibi 13 del coordinador
[INFO] 12:09:20:966 ESI/(17932:17932): Espero mensaje del planificador
[INFO] 12:09:20:966 ESI/(17932:17932): Recibi mensaje del planificador, recibi 11
[TRACE] 12:09:21:247 ESI/(17932:17932): recibi 13 del coordinador
[INFO] 12:09:21:247 ESI/(17932:17932): Espero mensaje del planificador
[INFO] 12:09:21:247 ESI/(17932:17932): Recibi mensaje del planificador, recibi 11
[TRACE] 12:09:21:526 ESI/(17932:17932): recibi 13 del coordinador
[INFO] 12:09:21:526 ESI/(17932:17932): Espero mensaje del planificador
[INFO] 12:09:21:526 ESI/(17932:17932): Recibi mensaje del planificador, recibi 11
[TRACE] 12:09:21:807 ESI/(17932:17932): recibi 13 del coordinador
[INFO] 12:09:21:807 ESI/(17932:17932): Espero mensaje del planificador
[INFO] 12:09:21:808 ESI/(17932:17932): Recibi mensaje del planificador, recibi 11
[TRACE] 12:09:22:86 ESI/(17932:17932): recibi 13 del coordinador
[INFO] 12:09:22:86 ESI/(17932:17932): Espero mensaje del planificador
[INFO] 12:09:22:86 ESI/(17932:17932): Recibi mensaje del planificador, recibi 11
[TRACE] 12:09:22:366 ESI/(17932:17932): recibi 13 del coordinador
[INFO] 12:09:22:366 ESI/(17932:17932): Espero mensaje del planificador
[INFO] 12:09:22:366 ESI/(17932:17932): Recibi mensaje del planificador, recibi 11
[TRACE] 12:09:22:647 ESI/(17932:17932): recibi 13 del coordinador
[INFO] 12:09:22:647 ESI/(17932:17932): Espero mensaje del planificador
[INFO] 12:09:22:647 ESI/(17932:17932): Recibi mensaje del planificador, recibi 11
[TRACE] 12:09:22:927 ESI/(17932:17932): recibi 13 del coordinador
[INFO] 12:09:22:927 ESI/(17932:17932): Espero mensaje del planificador
[INFO] 12:09:22:927 ESI/(17932:17932): Recibi mensaje del planificador, recibi 11
[TRACE] 12:09:23:208 ESI/(17932:17932): recibi 13 del coordinador
[INFO] 12:09:23:208 ESI/(17932:17932): Espero mensaje del planificador
[INFO] 12:09:23:208 ESI/(17932:17932): Recibi mensaje del planificador, recibi 11
[TRACE] 12:09:23:486 ESI/(17932:17932): recibi 13 del coordinador
[INFO] 12:09:23:486 ESI/(17932:17932): Espero mensaje del planificador
[INFO] 12:09:23:486 ESI/(17932:17932): Recibi mensaje del planificador, recibi 11
[TRACE] 12:09:23:766 ESI/(17932:17932): recibi 13 del coordinador
[INFO] 12:09:23:766 ESI/(17932:17932): Espero mensaje del planificador
[INFO] 12:09:23:766 ESI/(17932:17932): Recibi mensaje del planificador, recibi 11
[TRACE] 12:09:24:46 ESI/(17932:17932): recibi 13 del coordinador
[INFO] 12:09:24:46 ESI/(17932:17932): Espero mensaje del planificador
[INFO] 12:09:24:46 ESI/(17932:17932): Recibi mensaje del planificador, recibi 11
[TRACE] 12:09:24:326 ESI/(17932:17932): recibi 13 del coordinador
[INFO] 12:09:24:326 ESI/(17932:17932): Espero mensaje del planificador
[INFO] 12:09:24:327 ESI/(17932:17932): Recibi mensaje del planificador, recibi 11
[TRACE] 12:09:24:606 ESI/(17932:17932): recibi 13 del coordinador
[INFO] 12:09:24:606 ESI/(17932:17932): Espero mensaje del planificador
[INFO] 12:09:24:606 ESI/(17932:17932): Recibi mensaje del planificador, recibi 11
[TRACE] 12:09:24:887 ESI/(17932:17932): recibi 13 del coordinador
[INFO] 12:09:24:887 ESI/(17932:17932): Espero mensaje del planificador
[INFO] 12:09:24:887 ESI/(17932:17932): Recibi mensaje del planificador, recibi 11
[TRACE] 12:09:25:167 ESI/(17932:17932): recibi 13 del coordinador
[INFO] 12:09:25:167 ESI/(17932:17932): Espero mensaje del planificador
[INFO] 12:09:25:167 ESI/(17932:17932): Recibi mensaje del planificador, recibi 11
[TRACE] 12:09:25:446 ESI/(17932:17932): recibi 13 del coordinador
[INFO] 12:09:25:446 ESI/(17932:17932): Espero mensaje del planificador
[INFO] 12:09:25:446 ESI/(17932:17932): Recibi mensaje del planificador, recibi 11
[TRACE] 12:09:25:726 ESI/(17932:17932): recibi 13 del coordinador
[INFO] 12:09:25:726 ESI/(17932:17932): Espero mensaje del planificador
[INFO] 12:09:25:726 ESI/(17932:17932): Recibi mensaje del planificador, recibi 11
[TRACE] 12:09:26:7 ESI/(17932:17932): recibi 13 del coordinador
[INFO] 12:09:26:7 ESI/(17932:17932): Espero mensaje del planificador
[INFO] 12:09:26:7 ESI/(17932:17932): Recibi mensaje del planificador, recibi 11
[TRACE] 12:09:26:286 ESI/(17932:17932): recibi 13 del coordinador
[INFO] 12:09:26:286 ESI/(17932:17932): Espero mensaje del planificador
[INFO] 12:09:26:286 ESI/(17932:17932): Recibi mensaje del planificador, recibi 11
[TRACE] 12:09:26:566 ESI/(17932:17932): recibi 13 del coordinador
[INFO] 12:09:26:566 ESI/(17932:17932): Espero mensaje del planificador
[INFO] 12:09:26:566 ESI/(17932:17932): Recibi mensaje del planificador, recibi 11
[TRACE] 12:09:26:847 ESI/(17932:17932): recibi 13 del coordinador
[INFO] 12:09:26:847 ESI/(17932:17932): Espero mensaje del planificador
[INFO] 12:09:26:847 ESI/(17932:17932): Recibi mensaje del planificador, recibi 11
[TRACE] 12:09:27:127 ESI/(17932:17932): recibi 13 del coordinador
[INFO] 12:09:27:127 ESI/(17932:17932): Espero mensaje del planificador
[INFO] 12:09:27:127 ESI/(17932:17932): Recibi mensaje del planificador, recibi 11
[TRACE] 12:09:27:407 ESI/(17932:17932): recibi 13 del coordinador
[INFO] 12:09:27:407 ESI/(17932:17932): Espero mensaje del planificador
[INFO] 12:09:27:407 ESI/(17932:17932): Recibi mensaje del planificador, recibi 11
[TRACE] 12:09:27:686 ESI/(17932:17932): recibi 13 del coordinador
[INFO] 12:09:27:686 ESI/(17932:17932): Espero mensaje del planificador
[INFO] 12:09:27:686 ESI/(17932:17932): Recibi mensaje del planificador, recibi 11
[TRACE] 12:09:27:966 ESI/(17932:17932): recibi 13 del coordinador
[INFO] 12:09:27:966 ESI/(17932:17932): Espero mensaje del planificador
[INFO] 12:09:27:966 ESI/(17932:17932): Recibi mensaje del planificador, recibi 11
[TRACE] 12:09:28:247 ESI/(17932:17932): recibi 13 del coordinador
[INFO] 12:09:28:247 ESI/(17932:17932): Espero mensaje del planificador
[INFO] 12:09:28:247 ESI/(17932:17932): Recibi mensaje del planificador, recibi 11
[TRACE] 12:09:28:526 ESI/(17932:17932): recibi 13 del coordinador
[INFO] 12:09:28:526 ESI/(17932:17932): Espero mensaje del planificador
[INFO] 12:09:28:526 ESI/(17932:17932): Recibi mensaje del planificador, recibi 11
[TRACE] 12:09:28:806 ESI/(17932:17932): recibi 13 del coordinador
[INFO] 12:09:28:806 ESI/(17932:17932): Espero mensaje del planificador
[INFO] 12:09:28:806 ESI/(17932:17932): Recibi mensaje del planificador, recibi 11
[TRACE] 12:09:29:87 ESI/(17932:17932): recibi 13 del coordinador
[INFO] 12:09:29:87 ESI/(17932:17932): Espero mensaje del planificador
[INFO] 12:09:29:87 ESI/(17932:17932): Recibi mensaje del planificador, recibi 11
[TRACE] 12:09:29:367 ESI/(17932:17932): recibi 13 del coordinador
[INFO] 12:09:29:368 ESI/(17932:17932): Espero mensaje del planificador
[INFO] 12:09:29:370 ESI/(17932:17932): Recibi mensaje del planificador, recibi 11
[TRACE] 12:09:29:650 ESI/(17932:17932): recibi 13 del coordinador
[INFO] 12:09:29:650 ESI/(17932:17932): Espero mensaje del planificador
[INFO] 12:09:29:651 ESI/(17932:17932): Recibi mensaje del planificador, recibi 11
[TRACE] 12:09:29:930 ESI/(17932:17932): recibi 13 del coordinador
[INFO] 12:09:29:930 ESI/(17932:17932): Espero mensaje del planificador
[INFO] 12:09:29:930 ESI/(17932:17932): Recibi mensaje del planificador, recibi 11
[TRACE] 12:09:30:210 ESI/(17932:17932): recibi 13 del coordinador
[INFO] 12:09:30:210 ESI/(17932:17932): Espero mensaje del planificador
[INFO] 12:09:30:210 ESI/(17932:17932): Recibi mensaje del planificador, recibi 11
[TRACE] 12:09:30:490 ESI/(17932:17932): recibi 13 del coordinador
[INFO] 12:09:30:490 ESI/(17932:17932): Espero mensaje del planificador
[INFO] 12:09:30:490 ESI/(17932:17932): Recibi mensaje del planificador, recibi 11
[TRACE] 12:09:30:771 ESI/(17932:17932): recibi 13 del coordinador
[INFO] 12:09:30:771 ESI/(17932:17932): Espero mensaje del planificador
[INFO] 12:09:30:771 ESI/(17932:17932): Recibi mensaje del planificador, recibi 11
[TRACE] 12:09:31:51 ESI/(17932:17932): recibi 13 del coordinador
[INFO] 12:09:31:51 ESI/(17932:17932): Espero mensaje del planificador
[INFO] 12:09:31:51 ESI/(17932:17932): Recibi mensaje del planificador, recibi 11
[TRACE] 12:09:31:331 ESI/(17932:17932): recibi 13 del coordinador
[INFO] 12:09:31:331 ESI/(17932:17932): Espero mensaje del planificador
[INFO] 12:09:31:331 ESI/(17932:17932): Recibi mensaje del planificador, recibi 11
[TRACE] 12:09:31:610 ESI/(17932:17932): recibi 13 del coordinador
[INFO] 12:09:31:610 ESI/(17932:17932): Espero mensaje del planificador
[INFO] 12:09:31:610 ESI/(17932:17932): Recibi mensaje del planificador, recibi 11
[TRACE] 12:09:31:890 ESI/(17932:17932): recibi 13 del coordinador
[INFO] 12:09:31:890 ESI/(17932:17932): Espero mensaje del planificador
[INFO] 12:09:31:890 ESI/(17932:17932): Recibi mensaje del planificador, recibi 11
[TRACE] 12:09:32:171 ESI/(17932:17932): recibi 13 del coordinador
[INFO] 12:09:32:171 ESI/(17932:17932): Espero mensaje del planificador
[INFO] 12:09:32:171 ESI/(17932:17932): Recibi mensaje del planificador, recibi 11
[TRACE] 12:09:32:450 ESI/(17932:17932): recibi 13 del coordinador
[INFO] 12:09:32:450 ESI/(17932:17932): Espero mensaje del planificador
[INFO] 12:09:32:450 ESI/(17932:17932): Recibi mensaje del planificador, recibi 11
[TRACE] 12:09:32:735 ESI/(17932:17932): recibi 13 del coordinador
[INFO] 12:09:32:735 ESI/(17932:17932): Espero mensaje del planificador
[INFO] 12:09:32:735 ESI/(17932:17932): Recibi mensaje del planificador, recibi 11
[TRACE] 12:09:33:14 ESI/(17932:17932): recibi 13 del coordinador
[INFO] 12:09:33:15 ESI/(17932:17932): Espero mensaje del planificador
[INFO] 12:09:33:15 ESI/(17932:17932): Recibi mensaje del planificador, recibi 11
[TRACE] 12:09:33:300 ESI/(17932:17932): recibi 13 del coordinador
[INFO] 12:09:33:300 ESI/(17932:17932): Espero mensaje del planificador
[INFO] 12:09:33:302 ESI/(17932:17932): Recibi mensaje del planificador, recibi 11
[TRACE] 12:09:33:582 ESI/(17932:17932): recibi 13 del coordinador
[INFO] 12:09:33:583 ESI/(17932:17932): Espero mensaje del planificador
[INFO] 12:09:33:583 ESI/(17932:17932): Recibi mensaje del planificador, recibi 11
[TRACE] 12:09:33:868 ESI/(17932:17932): recibi 13 del coordinador
[INFO] 12:09:33:870 ESI/(17932:17932): Espero mensaje del planificador
[INFO] 12:09:33:871 ESI/(17932:17932): Recibi mensaje del planificador, recibi 11
[TRACE] 12:09:34:150 ESI/(17932:17932): recibi 13 del coordinador
[INFO] 12:09:34:151 ESI/(17932:17932): Espero mensaje del planificador
[INFO] 12:09:34:151 ESI/(17932:17932): Recibi mensaje del planificador, recibi 11
[TRACE] 12:09:34:435 ESI/(17932:17932): recibi 13 del coordinador
[INFO] 12:09:34:435 ESI/(17932:17932): Espero mensaje del planificador
[INFO] 12:09:34:436 ESI/(17932:17932): Recibi mensaje del planificador, recibi 11
[TRACE] 12:09:34:714 ESI/(17932:17932): recibi 13 del coordinador
[INFO] 12:09:34:714 ESI/(17932:17932): Espero mensaje del planificador
[INFO] 12:09:34:715 ESI/(17932:17932): Recibi mensaje del planificador, recibi 11
[TRACE] 12:09:34:995 ESI/(17932:17932): recibi 13 del coordinador
[INFO] 12:09:34:995 ESI/(17932:17932): Espero mensaje del planificador
[INFO] 12:09:34:995 ESI/(17932:17932): Recibi mensaje del planificador, recibi 11
[TRACE] 12:09:35:275 ESI/(17932:17932): recibi 13 del coordinador
[INFO] 12:09:35:275 ESI/(17932:17932): Espero mensaje del planificador
[INFO] 12:09:35:276 ESI/(17932:17932): Recibi mensaje del planificador, recibi 11
[TRACE] 12:09:35:554 ESI/(17932:17932): recibi 13 del coordinador
[INFO] 12:09:35:555 ESI/(17932:17932): Espero mensaje del planificador
[INFO] 12:09:35:555 ESI/(17932:17932): Recibi mensaje del planificador, recibi 11
[TRACE] 12:09:35:834 ESI/(17932:17932): recibi 13 del coordinador
[INFO] 12:09:35:835 ESI/(17932:17932): Espero mensaje del planificador
[INFO] 12:09:35:835 ESI/(17932:17932): Recibi mensaje del planificador, recibi 11
[TRACE] 12:09:36:114 ESI/(17932:17932): recibi 13 del coordinador
[INFO] 12:09:36:114 ESI/(17932:17932): Espero mensaje del planificador
[INFO] 12:09:36:114 ESI/(17932:17932): Recibi mensaje del planificador, recibi 11
[TRACE] 12:09:36:394 ESI/(17932:17932): recibi 13 del coordinador
[INFO] 12:09:36:394 ESI/(17932:17932): Espero mensaje del planificador
[INFO] 12:09:36:394 ESI/(17932:17932): Recibi mensaje del planificador, recibi 11
[TRACE] 12:09:36:674 ESI/(17932:17932): recibi 13 del coordinador
[INFO] 12:09:36:674 ESI/(17932:17932): Espero mensaje del planificador
[INFO] 12:09:36:674 ESI/(17932:17932): Recibi mensaje del planificador, recibi 11
[TRACE] 12:09:36:954 ESI/(17932:17932): recibi 13 del coordinador
[INFO] 12:09:36:954 ESI/(17932:17932): Espero mensaje del planificador
[INFO] 12:09:36:954 ESI/(17932:17932): Recibi mensaje del planificador, recibi 11
[TRACE] 12:09:37:234 ESI/(17932:17932): recibi 13 del coordinador
