[INFO] 12:08:30:769 ESI/(17925:17925): Conectado con el coordinador
[TRACE] 12:08:30:769 ESI/(17925:17925): ID del ESI: 15
[INFO] 12:08:30:769 ESI/(17925:17925): conectando con el Planificador
[INFO] 12:08:30:769 ESI/(17925:17925): Conectado con el planificador
[INFO] 12:08:30:769 ESI/(17925:17925): Comienzo a correr script
[INFO] 12:08:30:770 ESI/(17925:17925): Espero mensaje del planificador
[INFO] 12:08:40:386 ESI/(17925:17925): Recibi mensaje del planificador, recibi 11
[TRACE] 12:08:40:626 ESI/(17925:17925): recibi 13 del coordinador
[INFO] 12:08:40:626 ESI/(17925:17925): Espero mensaje del planificador
[INFO] 12:08:40:626 ESI/(17925:17925): Recibi mensaje del planificador, recibi 11
[TRACE] 12:08:40:866 ESI/(17925:17925): recibi 13 del coordinador
[INFO] 12:08:40:866 ESI/(17925:17925): Espero mensaje del planificador
[INFO] 12:08:40:866 ESI/(17925:17925): Recibi mensaje del planificador, recibi 11
[TRACE] 12:08:41:106 ESI/(17925:17925): recibi 13 del coordinador
[INFO] 12:08:41:106 ESI/(17925:17925): Espero mensaje del planificador
[INFO] 12:08:41:107 ESI/(17925:17925): Recibi mensaje del planificador, recibi 11
[TRACE] 12:08:41:346 ESI/(17925:17925): recibi 13 del coordinador
[INFO] 12:08:41:346 ESI/(17925:17925): Espero mensaje del planificador
[INFO] 12:08:41:346 ESI/(17925:17925): Recibi mensaje del planificador, recibi 11
[TRACE] 12:08:41:586 ESI/(17925:17925): recibi 13 del coordinador
[INFO] 12:08:41:586 ESI/(17925:17925): Espero mensaje del planificador
[INFO] 12:08:41:586 ESI/(17925:17925): Recibi mensaje del planificador, recibi 11
[TRACE] 12:08:41:826 ESI/(17925:17925): recibi 13 del coordinador
[INFO] 12:08:41:826 ESI/(17925:17925): Espero mensaje del planificador
[INFO] 12:08:41:826 ESI/(17925:17925): Recibi mensaje del planificador, recibi 11
[TRACE] 12:08:42:66 ESI/(17925:17925): recibi 13 del coordinador
[INFO] 12:08:42:66 ESI/(17925:17925): Espero mensaje del planificador
[INFO] 12:08:42:67 ESI/(17925:17925): Recibi mensaje del planificador, recibi 11
[TRACE] 12:08:42:306 ESI/(17925:17925): recibi 13 del coordinador
[INFO] 12:08:42:306 ESI/(17925:17925): Espero mensaje del planificador
[INFO] 12:08:42:306 ESI/(17925:17925): Recibi mensaje del planificador, recibi 11
[TRACE] 12:08:42:547 ESI/(17925:17925): recibi 13 del coordinador
[INFO] 12:08:42:547 ESI/(17925:17925): Espero mensaje del planificador
[INFO] 12:08:42:547 ESI/(17925:17925): Recibi mensaje del planificador, recibi 11
[TRACE] 12:08:42:786 ESI/(17925:17925): recibi 13 del coordinador
[INFO] 12:08:42:786 ESI/(17925:17925): Espero mensaje del planificador
[INFO] 12:08:42:786 ESI/(17925:17925): Recibi mensaje del planificador, recibi 11
[TRACE] 12:08:43:26 ESI/(17925:17925): recibi 13 del coordinador
[INFO] 12:08:43:26 ESI/(17925:17925): Espero mensaje del planificador
[INFO] 12:08:43:26 ESI/(17925:17925): Recibi mensaje del planificador, recibi 11
[TRACE] 12:08:43:266 ESI/(17925:17925): recibi 13 del coordinador
[INFO] 12:08:43:266 ESI/(17925:17925): Espero mensaje del planificador
[INFO] 12:08:43:266 ESI/(17925:17925): Recibi mensaje del planificador, recibi 11
[TRACE] 12:08:43:506 ESI/(17925:17925): recibi 13 del coordinador
[INFO] 12:08:43:506 ESI/(17925:17925): Espero mensaje del planificador
[INFO] 12:08:43:506 ESI/(17925:17925): Recibi mensaje del planificador, recibi 11
[TRACE] 12:08:43:746 ESI/(17925:17925): recibi 13 del coordinador
[INFO] 12:08:43:746 ESI/(17925:17925): Espero mensaje del planificador
[INFO] 12:08:43:746 ESI/(17925:17925): Recibi mensaje del planificador, recibi 11
[TRACE] 12:08:44:26 ESI/(17925:17925): recibi 13 del coordinador
[INFO] 12:08:44:26 ESI/(17925:17925): Espero mensaje del planificador
[INFO] 12:08:44:26 ESI/(17925:17925): Recibi mensaje del planificador, recibi 11
[TRACE] 12:08:44:306 ESI/(17925:17925): recibi 13 del coordinador
[INFO] 12:08:44:306 ESI/(17925:17925): Espero mensaje del planificador
[INFO] 12:08:44:306 ESI/(17925:17925): Recibi mensaje del planificador, recibi 11
[TRACE] 12:08:44:586 ESI/(17925:17925): recibi 13 del coordinador
[INFO] 12:08:44:586 ESI/(17925:17925): Espero mensaje del planificador
[INFO] 12:08:44:586 ESI/(17925:17925): Recibi mensaje del planificador, recibi 11
[TRACE] 12:08:44:866 ESI/(17925:17925): recibi 13 del coordinador
[INFO] 12:08:44:866 ESI/(17925:17925): Espero mensaje del planificador
[INFO] 12:08:44:866 ESI/(17925:17925): Recibi mensaje del planificador, recibi 11
[TRACE] 12:08:45:146 ESI/(17925:17925): recibi 13 del coordinador
[INFO] 12:08:45:146 ESI/(17925:17925): Espero mensaje del planificador
[INFO] 12:08:45:146 ESI/(17925:17925): Recibi mensaje del planificador, recibi 11
[TRACE] 12:08:45:426 ESI/(17925:17925): recibi 13 del coordinador
[INFO] 12:08:45:426 ESI/(17925:17925): Espero mensaje del planificador
[INFO] 12:08:45:426 ESI/(17925:17925): Recibi mensaje del planificador, recibi 11
[TRACE] 12:08:45:706 ESI/(17925:17925): recibi 13 del coordinador
[INFO] 12:08:45:706 ESI/(17925:17925): Espero mensaje del planificador
[INFO] 12:08:45:706 ESI/(17925:17925): Recibi mensaje del planificador, recibi 11
[TRACE] 12:08:45:987 ESI/(17925:17925): recibi 13 del coordinador
[INFO] 12:08:45:987 ESI/(17925:17925): Espero mensaje del planificador
[INFO] 12:08:45:987 ESI/(17925:17925): Recibi mensaje del planificador, recibi 11
[TRACE] 12:08:46:266 ESI/(17925:17925): recibi 13 del coordinador
[INFO] 12:08:46:266 ESI/(17925:17925): Espero mensaje del planificador
[INFO] 12:08:46:266 ESI/(17925:17925): Recibi mensaje del planificador, recibi 11
[TRACE] 12:08:46:547 ESI/(17925:17925): recibi 13 del coordinador
[INFO] 12:08:46:547 ESI/(17925:17925): Espero mensaje del planificador
[INFO] 12:08:46:547 ESI/(17925:17925): Recibi mensaje del planificador, recibi 11
[TRACE] 12:08:46:826 ESI/(17925:17925): recibi 13 del coordinador
[INFO] 12:08:46:826 ESI/(17925:17925): Espero mensaje del planificador
[INFO] 12:08:46:826 ESI/(17925:17925): Recibi mensaje del planificador, recibi 11
[TRACE] 12:08:47:106 ESI/(17925:17925): recibi 13 del coordinador
[INFO] 12:08:47:106 ESI/(17925:17925): Espero mensaje del planificador
[INFO] 12:08:47:106 ESI/(17925:17925): Recibi mensaje del planificador, recibi 11
[TRACE] 12:08:47:387 ESI/(17925:17925): recibi 13 del coordinador
[INFO] 12:08:47:387 ESI/(17925:17925): Espero mensaje del planificador
[INFO] 12:08:47:387 ESI/(17925:17925): Recibi mensaje del planificador, recibi 11
[TRACE] 12:08:47:666 ESI/(17925:17925): recibi 13 del coordinador
