[TRACE] 03:55:12:997 Planificador/(812:812): inicializacion de logs
[DEBUG] 03:55:12:997 Planificador/(812:812): puerto que escucha 9010
[DEBUG] 03:55:12:997 Planificador/(812:812): algoritmo seleccionado HRRN
[DEBUG] 03:55:12:997 Planificador/(812:812): estimacion inicial 3
[DEBUG] 03:55:12:997 Planificador/(812:812): alfa 0.500000
[DEBUG] 03:55:12:997 Planificador/(812:812): IP del coordinador 127.0.0.1
[DEBUG] 03:55:12:997 Planificador/(812:812): puerto del coordinador 8010
[WARNING] 03:55:12:997 Planificador/(812:812): claves inicialmente bloqueadas: spoiler2, principal3, spoiler3, principal4.
[INFO] 03:55:12:0 Planificador/(812:812): Conectado con el Coordinador
[INFO] 03:55:12:0 Planificador/(812:812): Conectado consola con el Coordinador
[TRACE] 03:55:12:3 Planificador/(812:834): Se inicializa la consola del planificador.
[TRACE] 03:55:25:649 Planificador/(812:834): Consola recibe pausar
[TRACE] 03:55:30:283 Planificador/(812:834): Consola recibe desbloquear
[DEBUG] 03:55:30:283 Planificador/(812:834): no hay procesos bloqueados, se libero la clave
[WARNING] 03:55:38:575 Planificador/(812:837): Recibi un nuevo ESI!
[DEBUG] 03:55:42:640 Planificador/(812:837): ID del ESI 12
[INFO] 03:55:46:264 Planificador/(812:837): promedio exponencial del esi 12
[INFO] 03:55:46:264 Planificador/(812:837): (0 * 0.500000) + (3.000000 * (1.0 - 0.500000) = 1.500000
[INFO] 03:55:46:265 Planificador/(812:837): estimacion HRRN: 1.0 + (0 / 1.500000) = 1.000000
[DEBUG] 03:55:54:118 Planificador/(812:837): ESI creado!
[TRACE] 03:56:41:678 Planificador/(976:976): inicializacion de logs
[DEBUG] 03:56:41:678 Planificador/(976:976): puerto que escucha 9010
[DEBUG] 03:56:41:678 Planificador/(976:976): algoritmo seleccionado HRRN
[DEBUG] 03:56:41:678 Planificador/(976:976): estimacion inicial 3
[DEBUG] 03:56:41:678 Planificador/(976:976): alfa 0.500000
[DEBUG] 03:56:41:678 Planificador/(976:976): IP del coordinador 127.0.0.1
[DEBUG] 03:56:41:678 Planificador/(976:976): puerto del coordinador 8010
[WARNING] 03:56:41:679 Planificador/(976:976): claves inicialmente bloqueadas: spoiler2, principal3, spoiler3, principal4.
[INFO] 03:56:41:679 Planificador/(976:976): Conectado con el Coordinador
[INFO] 03:56:41:679 Planificador/(976:976): Conectado consola con el Coordinador
[TRACE] 03:56:41:693 Planificador/(976:999): Se inicializa la consola del planificador.
[TRACE] 03:56:47:38 Planificador/(976:999): Consola recibe pausar
[TRACE] 03:57:01:69 Planificador/(976:999): Consola recibe desbloquear
[DEBUG] 03:57:01:71 Planificador/(976:999): no hay procesos bloqueados, se libero la clave
[WARNING] 03:57:05:944 Planificador/(976:1001): Recibi un nuevo ESI!
[DEBUG] 03:57:05:945 Planificador/(976:1001): ID del ESI 12
[INFO] 03:57:05:945 Planificador/(976:1001): promedio exponencial del esi 12
[INFO] 03:57:05:945 Planificador/(976:1001): (0 * 0.500000) + (3.000000 * (1.0 - 0.500000) = 1.500000
[INFO] 03:57:05:945 Planificador/(976:1001): estimacion HRRN: 1.0 + (0 / 1.500000) = 1.000000
[DEBUG] 03:57:05:945 Planificador/(976:1001): ESI creado!
[INFO] 03:57:05:945 Planificador/(976:1001): promedio exponencial del esi 12
[INFO] 03:57:05:945 Planificador/(976:1001): (0 * 0.500000) + (1.000000 * (1.0 - 0.500000) = 0.500000
[INFO] 03:57:05:946 Planificador/(976:1001): estimacion HRRN: 1.0 + (0 / 0.500000) = 1.000000
[TRACE] 03:57:05:946 Planificador/(976:1001): ESI 12 agregado a la cola de listos!
[WARNING] 03:57:22:454 Planificador/(976:1001): Recibi un nuevo ESI!
[DEBUG] 03:57:22:455 Planificador/(976:1001): ID del ESI 13
[INFO] 03:57:22:456 Planificador/(976:1001): promedio exponencial del esi 13
[INFO] 03:57:22:456 Planificador/(976:1001): (0 * 0.500000) + (3.000000 * (1.0 - 0.500000) = 1.500000
[INFO] 03:57:22:456 Planificador/(976:1001): estimacion HRRN: 1.0 + (0 / 1.500000) = 1.000000
[DEBUG] 03:57:22:457 Planificador/(976:1001): ESI creado!
[INFO] 03:57:22:457 Planificador/(976:1001): promedio exponencial del esi 13
[INFO] 03:57:22:457 Planificador/(976:1001): (0 * 0.500000) + (1.000000 * (1.0 - 0.500000) = 0.500000
[INFO] 03:57:22:457 Planificador/(976:1001): estimacion HRRN: 1.0 + (0 / 0.500000) = 1.000000
[TRACE] 03:57:22:457 Planificador/(976:1001): ESI 13 agregado a la cola de listos!
[WARNING] 03:57:24:462 Planificador/(976:1001): Recibi un nuevo ESI!
[DEBUG] 03:57:24:463 Planificador/(976:1001): ID del ESI 14
[INFO] 03:57:24:463 Planificador/(976:1001): promedio exponencial del esi 14
[INFO] 03:57:24:463 Planificador/(976:1001): (0 * 0.500000) + (3.000000 * (1.0 - 0.500000) = 1.500000
[INFO] 03:57:24:463 Planificador/(976:1001): estimacion HRRN: 1.0 + (0 / 1.500000) = 1.000000
[DEBUG] 03:57:24:463 Planificador/(976:1001): ESI creado!
[INFO] 03:57:24:463 Planificador/(976:1001): promedio exponencial del esi 14
[INFO] 03:57:24:463 Planificador/(976:1001): (0 * 0.500000) + (1.000000 * (1.0 - 0.500000) = 0.500000
[INFO] 03:57:24:463 Planificador/(976:1001): estimacion HRRN: 1.0 + (0 / 0.500000) = 1.000000
[TRACE] 03:57:24:463 Planificador/(976:1001): ESI 14 agregado a la cola de listos!
[TRACE] 03:57:32:269 Planificador/(976:999): Consola recibe desbloquear
[ERROR] 03:57:32:270 Planificador/(976:999): Faltan argumentos: desbloquear [clave]
[TRACE] 03:57:36:233 Planificador/(976:999): Consola recibe continuar
[INFO] 03:57:36:234 Planificador/(976:1000): promedio exponencial del esi 12
[INFO] 03:57:36:234 Planificador/(976:1000): (0 * 0.500000) + (3.000000 * (1.0 - 0.500000) = 1.500000
[INFO] 03:57:36:234 Planificador/(976:1000): estimacion HRRN: 1.0 + (0 / 1.500000) = 1.000000
[INFO] 03:57:36:234 Planificador/(976:1000): promedio exponencial del esi 13
[INFO] 03:57:36:234 Planificador/(976:1000): (0 * 0.500000) + (3.000000 * (1.0 - 0.500000) = 1.500000
[INFO] 03:57:36:234 Planificador/(976:1000): estimacion HRRN: 1.0 + (0 / 1.500000) = 1.000000
[INFO] 03:57:36:235 Planificador/(976:1000): promedio exponencial del esi 14
[INFO] 03:57:36:235 Planificador/(976:1000): (0 * 0.500000) + (3.000000 * (1.0 - 0.500000) = 1.500000
[INFO] 03:57:36:235 Planificador/(976:1000): estimacion HRRN: 1.0 + (0 / 1.500000) = 1.000000
[INFO] 03:57:36:235 Planificador/(976:1000): esi 12 enviado a ejecutar
[TRACE] 03:57:36:440 Planificador/(976:1000): mensaje 13 del ESI
[TRACE] 03:57:36:678 Planificador/(976:1000): mensaje 14 del ESI
[DEBUG] 03:57:36:679 Planificador/(976:1000): esi 12 enviado a la cola de bloqueados de la key spoiler2
[INFO] 03:57:36:679 Planificador/(976:1000): promedio exponencial del esi 13
[INFO] 03:57:36:679 Planificador/(976:1000): (0 * 0.500000) + (3.000000 * (1.0 - 0.500000) = 1.500000
[INFO] 03:57:36:679 Planificador/(976:1000): estimacion HRRN: 1.0 + (2 / 1.500000) = 2.333333
[INFO] 03:57:36:679 Planificador/(976:1000): promedio exponencial del esi 14
[INFO] 03:57:36:679 Planificador/(976:1000): (0 * 0.500000) + (3.000000 * (1.0 - 0.500000) = 1.500000
[INFO] 03:57:36:679 Planificador/(976:1000): estimacion HRRN: 1.0 + (2 / 1.500000) = 2.333333
[INFO] 03:57:36:679 Planificador/(976:1000): esi 13 enviado a ejecutar
[TRACE] 03:57:36:920 Planificador/(976:1000): mensaje 13 del ESI
[TRACE] 03:57:37:158 Planificador/(976:1000): mensaje 13 del ESI
[TRACE] 03:57:37:439 Planificador/(976:1000): mensaje 13 del ESI
[TRACE] 03:57:37:722 Planificador/(976:1000): mensaje 13 del ESI
[TRACE] 03:57:38:2 Planificador/(976:1000): mensaje 13 del ESI
[TRACE] 03:57:38:246 Planificador/(976:1000): mensaje 13 del ESI
[TRACE] 03:57:38:486 Planificador/(976:1002): clave principal1 liberada
[TRACE] 03:57:38:530 Planificador/(976:1000): mensaje 13 del ESI
[TRACE] 03:57:38:811 Planificador/(976:1000): mensaje 13 del ESI
[TRACE] 03:57:39:58 Planificador/(976:1002): clave principal2 liberada
[TRACE] 03:57:39:103 Planificador/(976:1000): mensaje 13 del ESI
[TRACE] 03:57:39:347 Planificador/(976:1000): mensaje 14 del ESI
[DEBUG] 03:57:39:347 Planificador/(976:1000): esi 13 enviado a la cola de bloqueados de la key principal4
[INFO] 03:57:39:347 Planificador/(976:1000): promedio exponencial del esi 14
[INFO] 03:57:39:347 Planificador/(976:1000): (0 * 0.500000) + (3.000000 * (1.0 - 0.500000) = 1.500000
[INFO] 03:57:39:347 Planificador/(976:1000): estimacion HRRN: 1.0 + (12 / 1.500000) = 9.000000
[INFO] 03:57:39:347 Planificador/(976:1000): esi 14 enviado a ejecutar
[TRACE] 03:57:39:589 Planificador/(976:1000): mensaje 13 del ESI
[TRACE] 03:57:39:835 Planificador/(976:1000): mensaje 13 del ESI
[TRACE] 03:57:40:119 Planificador/(976:1000): mensaje 13 del ESI
[TRACE] 03:57:40:403 Planificador/(976:1000): mensaje 13 del ESI
[TRACE] 03:57:40:649 Planificador/(976:1002): clave principal1 liberada
[TRACE] 03:57:40:691 Planificador/(976:1000): mensaje 13 del ESI
[TRACE] 03:57:40:930 Planificador/(976:1002): clave principal2 liberada
[TRACE] 03:57:40:972 Planificador/(976:1000): mensaje 13 del ESI
[TRACE] 03:57:40:975 Planificador/(976:1000): mensaje 16 del ESI
[TRACE] 03:57:40:975 Planificador/(976:1000): clave principal1 liberada
[TRACE] 03:57:40:975 Planificador/(976:1000): clave principal2 liberada
[INFO] 03:57:40:976 Planificador/(976:1000): ESI 14 movido a la cola de terminados
