[TRACE] 12:07:52:998 Planificador/(17911:17911): inicializacion de logs
[DEBUG] 12:07:52:998 Planificador/(17911:17911): puerto que escucha 9010
[DEBUG] 12:07:52:998 Planificador/(17911:17911): algoritmo seleccionado HRRN
[DEBUG] 12:07:52:998 Planificador/(17911:17911): estimacion inicial 3
[DEBUG] 12:07:52:999 Planificador/(17911:17911): alfa 0.500000
[DEBUG] 12:07:52:999 Planificador/(17911:17911): IP del coordinador 127.0.0.1
[DEBUG] 12:07:52:999 Planificador/(17911:17911): puerto del coordinador 8010
[WARNING] 12:07:52:999 Planificador/(17911:17911): claves inicialmente bloqueadas: postre:ingrediente1.
[INFO] 12:07:52:999 Planificador/(17911:17911): Conectado con el Coordinador
[INFO] 12:07:52:999 Planificador/(17911:17911): Conectado consola con el Coordinador
[TRACE] 12:07:52:0 Planificador/(17911:17913): Se inicializa la consola del planificador.
[TRACE] 12:08:23:716 Planificador/(17911:17913): Consola recibe pausar
[WARNING] 12:08:26:529 Planificador/(17911:17915): Recibi un nuevo ESI!
[DEBUG] 12:08:26:529 Planificador/(17911:17915): ID del ESI 13
[DEBUG] 12:08:26:529 Planificador/(17911:17915): ESI creado!
[TRACE] 12:08:26:529 Planificador/(17911:17915): ESI 13 agregado a la cola de listos!
[WARNING] 12:08:29:57 Planificador/(17911:17915): Recibi un nuevo ESI!
[DEBUG] 12:08:29:57 Planificador/(17911:17915): ID del ESI 14
[DEBUG] 12:08:29:57 Planificador/(17911:17915): ESI creado!
[TRACE] 12:08:29:57 Planificador/(17911:17915): ESI 14 agregado a la cola de listos!
[WARNING] 12:08:30:769 Planificador/(17911:17915): Recibi un nuevo ESI!
[DEBUG] 12:08:30:769 Planificador/(17911:17915): ID del ESI 15
[DEBUG] 12:08:30:769 Planificador/(17911:17915): ESI creado!
[TRACE] 12:08:30:769 Planificador/(17911:17915): ESI 15 agregado a la cola de listos!
[TRACE] 12:08:34:663 Planificador/(17911:17913): Consola recibe continuar
[WARNING] 12:08:34:664 Planificador/(17911:17914): cola de listos de arriba a abajo
[DEBUG] 12:08:34:664 Planificador/(17911:17914): ESI 13 con rafagaEstimada 1.666667
[DEBUG] 12:08:34:664 Planificador/(17911:17914): ESI 14 con rafagaEstimada 1.666667
[DEBUG] 12:08:34:664 Planificador/(17911:17914): ESI 15 con rafagaEstimada 1.666667
[INFO] 12:08:34:664 Planificador/(17911:17914): esi 13 enviado a ejecutar
[TRACE] 12:08:34:865 Planificador/(17911:17916): recibi mensaje del coordinador, recibi un 26
[TRACE] 12:08:34:865 Planificador/(17911:17914): recibi del esi en ejecucion el mensaje 13
[TRACE] 12:08:35:66 Planificador/(17911:17916): recibi mensaje del coordinador, recibi un 26
[TRACE] 12:08:35:106 Planificador/(17911:17914): recibi del esi en ejecucion el mensaje 13
[TRACE] 12:08:35:306 Planificador/(17911:17916): recibi mensaje del coordinador, recibi un 27
[TRACE] 12:08:35:386 Planificador/(17911:17914): recibi del esi en ejecucion el mensaje 13
[TRACE] 12:08:35:587 Planificador/(17911:17916): recibi mensaje del coordinador, recibi un 27
[TRACE] 12:08:35:667 Planificador/(17911:17914): recibi del esi en ejecucion el mensaje 13
[TRACE] 12:08:35:868 Planificador/(17911:17916): recibi mensaje del coordinador, recibi un 27
[TRACE] 12:08:35:947 Planificador/(17911:17914): recibi del esi en ejecucion el mensaje 13
[TRACE] 12:08:36:148 Planificador/(17911:17916): recibi mensaje del coordinador, recibi un 27
[TRACE] 12:08:36:226 Planificador/(17911:17914): recibi del esi en ejecucion el mensaje 13
[TRACE] 12:08:36:428 Planificador/(17911:17916): recibi mensaje del coordinador, recibi un 27
[TRACE] 12:08:36:506 Planificador/(17911:17914): recibi del esi en ejecucion el mensaje 13
[TRACE] 12:08:36:707 Planificador/(17911:17916): recibi mensaje del coordinador, recibi un 27
[TRACE] 12:08:36:787 Planificador/(17911:17914): recibi del esi en ejecucion el mensaje 13
[TRACE] 12:08:36:988 Planificador/(17911:17916): recibi mensaje del coordinador, recibi un 27
[TRACE] 12:08:37:66 Planificador/(17911:17914): recibi del esi en ejecucion el mensaje 13
[TRACE] 12:08:37:266 Planificador/(17911:17916): recibi mensaje del coordinador, recibi un 27
[TRACE] 12:08:37:346 Planificador/(17911:17914): recibi del esi en ejecucion el mensaje 13
[TRACE] 12:08:37:547 Planificador/(17911:17916): recibi mensaje del coordinador, recibi un 27
[TRACE] 12:08:37:626 Planificador/(17911:17914): recibi del esi en ejecucion el mensaje 13
[TRACE] 12:08:37:827 Planificador/(17911:17916): recibi mensaje del coordinador, recibi un 27
[TRACE] 12:08:37:906 Planificador/(17911:17914): recibi del esi en ejecucion el mensaje 13
[TRACE] 12:08:38:106 Planificador/(17911:17916): recibi mensaje del coordinador, recibi un 27
[TRACE] 12:08:38:186 Planificador/(17911:17914): recibi del esi en ejecucion el mensaje 13
[TRACE] 12:08:38:387 Planificador/(17911:17916): recibi mensaje del coordinador, recibi un 27
[TRACE] 12:08:38:467 Planificador/(17911:17914): recibi del esi en ejecucion el mensaje 13
[TRACE] 12:08:38:668 Planificador/(17911:17916): recibi mensaje del coordinador, recibi un 27
[TRACE] 12:08:38:746 Planificador/(17911:17914): recibi del esi en ejecucion el mensaje 13
[TRACE] 12:08:38:947 Planificador/(17911:17916): recibi mensaje del coordinador, recibi un 27
[TRACE] 12:08:39:27 Planificador/(17911:17914): recibi del esi en ejecucion el mensaje 13
[TRACE] 12:08:39:227 Planificador/(17911:17916): recibi mensaje del coordinador, recibi un 27
[TRACE] 12:08:39:307 Planificador/(17911:17914): recibi del esi en ejecucion el mensaje 13
[TRACE] 12:08:39:507 Planificador/(17911:17916): recibi mensaje del coordinador, recibi un 27
[TRACE] 12:08:39:586 Planificador/(17911:17914): recibi del esi en ejecucion el mensaje 13
[TRACE] 12:08:39:788 Planificador/(17911:17916): recibi mensaje del coordinador, recibi un 28
[TRACE] 12:08:39:826 Planificador/(17911:17916): clave e3:microsoft:juegos liberada
[TRACE] 12:08:39:867 Planificador/(17911:17914): recibi del esi en ejecucion el mensaje 13
[TRACE] 12:08:40:69 Planificador/(17911:17916): recibi mensaje del coordinador, recibi un 28
[TRACE] 12:08:40:106 Planificador/(17911:17916): clave e3:sony:juegos liberada
[TRACE] 12:08:40:146 Planificador/(17911:17914): recibi del esi en ejecucion el mensaje 13
[TRACE] 12:08:40:147 Planificador/(17911:17914): recibi del esi en ejecucion el mensaje 16
[TRACE] 12:08:40:147 Planificador/(17911:17914): clave e3:sony:juegos liberada
[TRACE] 12:08:40:147 Planificador/(17911:17914): clave e3:microsoft:juegos liberada
[INFO] 12:08:40:148 Planificador/(17911:17914): ESI 13 movido a la cola de terminados
[WARNING] 12:08:40:148 Planificador/(17911:17914): cola de listos de arriba a abajo
[DEBUG] 12:08:40:148 Planificador/(17911:17914): ESI 14 con rafagaEstimada 7.352432
[DEBUG] 12:08:40:148 Planificador/(17911:17914): ESI 15 con rafagaEstimada 7.352432
[INFO] 12:08:40:148 Planificador/(17911:17914): esi 14 enviado a ejecutar
[TRACE] 12:08:40:348 Planificador/(17911:17916): recibi mensaje del coordinador, recibi un 26
[TRACE] 12:08:40:386 Planificador/(17911:17914): recibi del esi en ejecucion el mensaje 14
[WARNING] 12:08:40:386 Planificador/(17911:17914): cola de listos de arriba a abajo
[DEBUG] 12:08:40:386 Planificador/(17911:17914): ESI 15 con rafagaEstimada 7.641472
[INFO] 12:08:40:386 Planificador/(17911:17914): esi 15 enviado a ejecutar
[TRACE] 12:08:40:587 Planificador/(17911:17916): recibi mensaje del coordinador, recibi un 26
[TRACE] 12:08:40:626 Planificador/(17911:17914): recibi del esi en ejecucion el mensaje 13
[TRACE] 12:08:40:827 Planificador/(17911:17916): recibi mensaje del coordinador, recibi un 26
[TRACE] 12:08:40:866 Planificador/(17911:17914): recibi del esi en ejecucion el mensaje 13
[TRACE] 12:08:41:66 Planificador/(17911:17916): recibi mensaje del coordinador, recibi un 26
[TRACE] 12:08:41:106 Planificador/(17911:17914): recibi del esi en ejecucion el mensaje 13
[TRACE] 12:08:41:307 Planificador/(17911:17916): recibi mensaje del coordinador, recibi un 26
[TRACE] 12:08:41:346 Planificador/(17911:17914): recibi del esi en ejecucion el mensaje 13
[TRACE] 12:08:41:546 Planificador/(17911:17916): recibi mensaje del coordinador, recibi un 26
[TRACE] 12:08:41:586 Planificador/(17911:17914): recibi del esi en ejecucion el mensaje 13
[TRACE] 12:08:41:787 Planificador/(17911:17916): recibi mensaje del coordinador, recibi un 26
[TRACE] 12:08:41:826 Planificador/(17911:17914): recibi del esi en ejecucion el mensaje 13
[TRACE] 12:08:42:27 Planificador/(17911:17916): recibi mensaje del coordinador, recibi un 26
[TRACE] 12:08:42:66 Planificador/(17911:17914): recibi del esi en ejecucion el mensaje 13
[TRACE] 12:08:42:267 Planificador/(17911:17916): recibi mensaje del coordinador, recibi un 26
[TRACE] 12:08:42:306 Planificador/(17911:17914): recibi del esi en ejecucion el mensaje 13
[TRACE] 12:08:42:507 Planificador/(17911:17916): recibi mensaje del coordinador, recibi un 26
[TRACE] 12:08:42:547 Planificador/(17911:17914): recibi del esi en ejecucion el mensaje 13
[TRACE] 12:08:42:747 Planificador/(17911:17916): recibi mensaje del coordinador, recibi un 26
[TRACE] 12:08:42:786 Planificador/(17911:17914): recibi del esi en ejecucion el mensaje 13
[TRACE] 12:08:42:986 Planificador/(17911:17916): recibi mensaje del coordinador, recibi un 26
[TRACE] 12:08:43:26 Planificador/(17911:17914): recibi del esi en ejecucion el mensaje 13
[TRACE] 12:08:43:227 Planificador/(17911:17916): recibi mensaje del coordinador, recibi un 26
[TRACE] 12:08:43:266 Planificador/(17911:17914): recibi del esi en ejecucion el mensaje 13
[TRACE] 12:08:43:466 Planificador/(17911:17916): recibi mensaje del coordinador, recibi un 26
[TRACE] 12:08:43:506 Planificador/(17911:17914): recibi del esi en ejecucion el mensaje 13
[TRACE] 12:08:43:706 Planificador/(17911:17916): recibi mensaje del coordinador, recibi un 26
[TRACE] 12:08:43:746 Planificador/(17911:17914): recibi del esi en ejecucion el mensaje 13
[TRACE] 12:08:43:947 Planificador/(17911:17916): recibi mensaje del coordinador, recibi un 27
[TRACE] 12:08:44:26 Planificador/(17911:17914): recibi del esi en ejecucion el mensaje 13
[TRACE] 12:08:44:227 Planificador/(17911:17916): recibi mensaje del coordinador, recibi un 27
[TRACE] 12:08:44:306 Planificador/(17911:17914): recibi del esi en ejecucion el mensaje 13
[TRACE] 12:08:44:506 Planificador/(17911:17916): recibi mensaje del coordinador, recibi un 27
[TRACE] 12:08:44:586 Planificador/(17911:17914): recibi del esi en ejecucion el mensaje 13
[TRACE] 12:08:44:787 Planificador/(17911:17916): recibi mensaje del coordinador, recibi un 27
[TRACE] 12:08:44:866 Planificador/(17911:17914): recibi del esi en ejecucion el mensaje 13
[TRACE] 12:08:45:67 Planificador/(17911:17916): recibi mensaje del coordinador, recibi un 27
[TRACE] 12:08:45:146 Planificador/(17911:17914): recibi del esi en ejecucion el mensaje 13
[TRACE] 12:08:45:347 Planificador/(17911:17916): recibi mensaje del coordinador, recibi un 27
[TRACE] 12:08:45:426 Planificador/(17911:17914): recibi del esi en ejecucion el mensaje 13
[TRACE] 12:08:45:626 Planificador/(17911:17916): recibi mensaje del coordinador, recibi un 27
[TRACE] 12:08:45:706 Planificador/(17911:17914): recibi del esi en ejecucion el mensaje 13
[TRACE] 12:08:45:906 Planificador/(17911:17916): recibi mensaje del coordinador, recibi un 27
[TRACE] 12:08:45:987 Planificador/(17911:17914): recibi del esi en ejecucion el mensaje 13
[TRACE] 12:08:46:187 Planificador/(17911:17916): recibi mensaje del coordinador, recibi un 27
[TRACE] 12:08:46:266 Planificador/(17911:17914): recibi del esi en ejecucion el mensaje 13
[TRACE] 12:08:46:467 Planificador/(17911:17916): recibi mensaje del coordinador, recibi un 27
[TRACE] 12:08:46:547 Planificador/(17911:17914): recibi del esi en ejecucion el mensaje 13
[TRACE] 12:08:46:748 Planificador/(17911:17916): recibi mensaje del coordinador, recibi un 27
[TRACE] 12:08:46:826 Planificador/(17911:17914): recibi del esi en ejecucion el mensaje 13
[TRACE] 12:08:47:27 Planificador/(17911:17916): recibi mensaje del coordinador, recibi un 27
[TRACE] 12:08:47:106 Planificador/(17911:17914): recibi del esi en ejecucion el mensaje 13
[TRACE] 12:08:47:306 Planificador/(17911:17916): recibi mensaje del coordinador, recibi un 27
[TRACE] 12:08:47:387 Planificador/(17911:17914): recibi del esi en ejecucion el mensaje 13
[TRACE] 12:08:47:588 Planificador/(17911:17916): recibi mensaje del coordinador, recibi un 27
[TRACE] 12:08:47:666 Planificador/(17911:17914): recibi del esi en ejecucion el mensaje 13
[TRACE] 12:08:47:667 Planificador/(17911:17914): recibi del esi en ejecucion el mensaje 16
[TRACE] 12:08:47:667 Planificador/(17911:17914): clave sony:consola:ps1 liberada
[TRACE] 12:08:47:667 Planificador/(17911:17914): clave sony:consola:ps2 liberada
[TRACE] 12:08:47:667 Planificador/(17911:17914): clave sony:consola:ps3 liberada
[TRACE] 12:08:47:667 Planificador/(17911:17914): clave sony:consola:ps4 liberada
[TRACE] 12:08:47:667 Planificador/(17911:17914): clave microsoft:consola:xbox liberada
[TRACE] 12:08:47:667 Planificador/(17911:17914): clave microsoft:consola:xbox360 liberada
[TRACE] 12:08:47:667 Planificador/(17911:17914): clave microsoft:consola:xboxone liberada
[TRACE] 12:08:47:667 Planificador/(17911:17914): clave nintendo:consola:nes liberada
[TRACE] 12:08:47:667 Planificador/(17911:17914): clave nintendo:consola:snes liberada
[TRACE] 12:08:47:667 Planificador/(17911:17914): clave nintendo:consola:nintendo64 liberada
[TRACE] 12:08:47:667 Planificador/(17911:17914): clave nintendo:consola:gamecube liberada
[TRACE] 12:08:47:667 Planificador/(17911:17914): clave nintendo:consola:wii liberada
[TRACE] 12:08:47:667 Planificador/(17911:17914): clave nintendo:consola:wiiu liberada
[TRACE] 12:08:47:667 Planificador/(17911:17914): clave nintendo:consola:switch liberada
[INFO] 12:08:47:667 Planificador/(17911:17914): ESI 15 movido a la cola de terminados
[WARNING] 12:09:09:204 Planificador/(17911:17915): Recibi un nuevo ESI!
[DEBUG] 12:09:09:204 Planificador/(17911:17915): ID del ESI 16
[DEBUG] 12:09:09:204 Planificador/(17911:17915): ESI creado!
[TRACE] 12:09:09:204 Planificador/(17911:17915): ESI 16 agregado a la cola de listos!
[WARNING] 12:09:09:204 Planificador/(17911:17914): cola de listos de arriba a abajo
[DEBUG] 12:09:09:204 Planificador/(17911:17914): ESI 16 con rafagaEstimada 1.666667
[INFO] 12:09:09:204 Planificador/(17911:17914): esi 16 enviado a ejecutar
[TRACE] 12:09:09:405 Planificador/(17911:17916): recibi mensaje del coordinador, recibi un 26
[TRACE] 12:09:09:443 Planificador/(17911:17914): recibi del esi en ejecucion el mensaje 13
[TRACE] 12:09:09:644 Planificador/(17911:17916): recibi mensaje del coordinador, recibi un 26
[TRACE] 12:09:09:683 Planificador/(17911:17914): recibi del esi en ejecucion el mensaje 13
[TRACE] 12:09:09:884 Planificador/(17911:17916): recibi mensaje del coordinador, recibi un 26
[TRACE] 12:09:09:922 Planificador/(17911:17914): recibi del esi en ejecucion el mensaje 13
[TRACE] 12:09:10:122 Planificador/(17911:17916): recibi mensaje del coordinador, recibi un 26
[TRACE] 12:09:10:162 Planificador/(17911:17914): recibi del esi en ejecucion el mensaje 13
[TRACE] 12:09:10:363 Planificador/(17911:17916): recibi mensaje del coordinador, recibi un 26
[TRACE] 12:09:10:403 Planificador/(17911:17914): recibi del esi en ejecucion el mensaje 13
[TRACE] 12:09:10:604 Planificador/(17911:17916): recibi mensaje del coordinador, recibi un 27
[TRACE] 12:09:10:683 Planificador/(17911:17914): recibi del esi en ejecucion el mensaje 13
[TRACE] 12:09:10:884 Planificador/(17911:17916): recibi mensaje del coordinador, recibi un 27
[TRACE] 12:09:10:963 Planificador/(17911:17914): recibi del esi en ejecucion el mensaje 13
[WARNING] 12:09:10:996 Planificador/(17911:17915): Recibi un nuevo ESI!
[DEBUG] 12:09:10:996 Planificador/(17911:17915): ID del ESI 17
[DEBUG] 12:09:10:996 Planificador/(17911:17915): ESI creado!
[TRACE] 12:09:10:996 Planificador/(17911:17915): ESI 17 agregado a la cola de listos!
[TRACE] 12:09:11:164 Planificador/(17911:17916): recibi mensaje del coordinador, recibi un 27
[TRACE] 12:09:11:242 Planificador/(17911:17914): recibi del esi en ejecucion el mensaje 13
[TRACE] 12:09:11:442 Planificador/(17911:17916): recibi mensaje del coordinador, recibi un 27
[TRACE] 12:09:11:522 Planificador/(17911:17914): recibi del esi en ejecucion el mensaje 13
[TRACE] 12:09:11:722 Planificador/(17911:17916): recibi mensaje del coordinador, recibi un 27
[TRACE] 12:09:11:802 Planificador/(17911:17914): recibi del esi en ejecucion el mensaje 13
[TRACE] 12:09:11:2 Planificador/(17911:17916): recibi mensaje del coordinador, recibi un 28
[TRACE] 12:09:12:42 Planificador/(17911:17916): clave platoprincipal:ingrediente1 liberada
[TRACE] 12:09:12:82 Planificador/(17911:17914): recibi del esi en ejecucion el mensaje 13
[TRACE] 12:09:12:284 Planificador/(17911:17916): recibi mensaje del coordinador, recibi un 28
[TRACE] 12:09:12:322 Planificador/(17911:17916): clave platoprincipal:ingrediente2 liberada
[TRACE] 12:09:12:362 Planificador/(17911:17914): recibi del esi en ejecucion el mensaje 13
[TRACE] 12:09:12:564 Planificador/(17911:17916): recibi mensaje del coordinador, recibi un 28
[TRACE] 12:09:12:602 Planificador/(17911:17916): clave platoprincipal:ingrediente3 liberada
[TRACE] 12:09:12:642 Planificador/(17911:17914): recibi del esi en ejecucion el mensaje 13
[TRACE] 12:09:12:843 Planificador/(17911:17916): recibi mensaje del coordinador, recibi un 28
[TRACE] 12:09:12:883 Planificador/(17911:17916): clave platoprincipal:ingrediente4 liberada
[TRACE] 12:09:12:923 Planificador/(17911:17914): recibi del esi en ejecucion el mensaje 13
[TRACE] 12:09:13:124 Planificador/(17911:17916): recibi mensaje del coordinador, recibi un 28
[TRACE] 12:09:13:162 Planificador/(17911:17916): clave platoprincipal:ingrediente5 liberada
[TRACE] 12:09:13:203 Planificador/(17911:17914): recibi del esi en ejecucion el mensaje 13
[TRACE] 12:09:13:205 Planificador/(17911:17914): recibi del esi en ejecucion el mensaje 16
[TRACE] 12:09:13:205 Planificador/(17911:17914): clave platoprincipal:ingrediente5 liberada
[TRACE] 12:09:13:205 Planificador/(17911:17914): clave platoprincipal:ingrediente4 liberada
[TRACE] 12:09:13:205 Planificador/(17911:17914): clave platoprincipal:ingrediente3 liberada
[TRACE] 12:09:13:205 Planificador/(17911:17914): clave platoprincipal:ingrediente2 liberada
[TRACE] 12:09:13:205 Planificador/(17911:17914): clave platoprincipal:ingrediente1 liberada
[INFO] 12:09:13:205 Planificador/(17911:17914): ESI 16 movido a la cola de terminados
[WARNING] 12:09:13:205 Planificador/(17911:17914): cola de listos de arriba a abajo
[DEBUG] 12:09:13:205 Planificador/(17911:17914): ESI 17 con rafagaEstimada 5.211577
[INFO] 12:09:13:205 Planificador/(17911:17914): esi 17 enviado a ejecutar
[TRACE] 12:09:13:406 Planificador/(17911:17916): recibi mensaje del coordinador, recibi un 26
[TRACE] 12:09:13:442 Planificador/(17911:17914): recibi del esi en ejecucion el mensaje 13
[TRACE] 12:09:13:643 Planificador/(17911:17916): recibi mensaje del coordinador, recibi un 26
[TRACE] 12:09:13:682 Planificador/(17911:17914): recibi del esi en ejecucion el mensaje 13
[TRACE] 12:09:13:883 Planificador/(17911:17916): recibi mensaje del coordinador, recibi un 26
[TRACE] 12:09:13:922 Planificador/(17911:17914): recibi del esi en ejecucion el mensaje 13
[TRACE] 12:09:14:123 Planificador/(17911:17916): recibi mensaje del coordinador, recibi un 26
[TRACE] 12:09:14:162 Planificador/(17911:17914): recibi del esi en ejecucion el mensaje 13
[TRACE] 12:09:14:363 Planificador/(17911:17916): recibi mensaje del coordinador, recibi un 26
[TRACE] 12:09:14:403 Planificador/(17911:17914): recibi del esi en ejecucion el mensaje 13
[TRACE] 12:09:14:605 Planificador/(17911:17916): recibi mensaje del coordinador, recibi un 26
[TRACE] 12:09:14:643 Planificador/(17911:17914): recibi del esi en ejecucion el mensaje 13
[TRACE] 12:09:14:844 Planificador/(17911:17916): recibi mensaje del coordinador, recibi un 26
[TRACE] 12:09:14:882 Planificador/(17911:17914): recibi del esi en ejecucion el mensaje 13
[TRACE] 12:09:15:83 Planificador/(17911:17916): recibi mensaje del coordinador, recibi un 26
[TRACE] 12:09:15:123 Planificador/(17911:17914): recibi del esi en ejecucion el mensaje 13
[TRACE] 12:09:15:323 Planificador/(17911:17916): recibi mensaje del coordinador, recibi un 26
[TRACE] 12:09:15:362 Planificador/(17911:17914): recibi del esi en ejecucion el mensaje 13
[TRACE] 12:09:15:562 Planificador/(17911:17916): recibi mensaje del coordinador, recibi un 26
[TRACE] 12:09:15:602 Planificador/(17911:17914): recibi del esi en ejecucion el mensaje 13
[TRACE] 12:09:15:803 Planificador/(17911:17916): recibi mensaje del coordinador, recibi un 26
[TRACE] 12:09:15:842 Planificador/(17911:17914): recibi del esi en ejecucion el mensaje 13
[TRACE] 12:09:16:43 Planificador/(17911:17916): recibi mensaje del coordinador, recibi un 26
[TRACE] 12:09:16:82 Planificador/(17911:17914): recibi del esi en ejecucion el mensaje 13
[TRACE] 12:09:16:286 Planificador/(17911:17916): recibi mensaje del coordinador, recibi un 26
[TRACE] 12:09:16:326 Planificador/(17911:17914): recibi del esi en ejecucion el mensaje 13
[TRACE] 12:09:16:527 Planificador/(17911:17916): recibi mensaje del coordinador, recibi un 26
[TRACE] 12:09:16:566 Planificador/(17911:17914): recibi del esi en ejecucion el mensaje 13
[TRACE] 12:09:16:766 Planificador/(17911:17916): recibi mensaje del coordinador, recibi un 26
[TRACE] 12:09:16:806 Planificador/(17911:17914): recibi del esi en ejecucion el mensaje 13
[TRACE] 12:09:17:7 Planificador/(17911:17916): recibi mensaje del coordinador, recibi un 26
[TRACE] 12:09:17:46 Planificador/(17911:17914): recibi del esi en ejecucion el mensaje 13
[TRACE] 12:09:17:247 Planificador/(17911:17916): recibi mensaje del coordinador, recibi un 26
[TRACE] 12:09:17:286 Planificador/(17911:17914): recibi del esi en ejecucion el mensaje 13
[TRACE] 12:09:17:487 Planificador/(17911:17916): recibi mensaje del coordinador, recibi un 26
[TRACE] 12:09:17:526 Planificador/(17911:17914): recibi del esi en ejecucion el mensaje 13
[TRACE] 12:09:17:727 Planificador/(17911:17916): recibi mensaje del coordinador, recibi un 26
[TRACE] 12:09:17:766 Planificador/(17911:17914): recibi del esi en ejecucion el mensaje 13
[TRACE] 12:09:17:967 Planificador/(17911:17916): recibi mensaje del coordinador, recibi un 26
[TRACE] 12:09:18:6 Planificador/(17911:17914): recibi del esi en ejecucion el mensaje 13
[TRACE] 12:09:18:207 Planificador/(17911:17916): recibi mensaje del coordinador, recibi un 26
[TRACE] 12:09:18:247 Planificador/(17911:17914): recibi del esi en ejecucion el mensaje 13
[TRACE] 12:09:18:447 Planificador/(17911:17916): recibi mensaje del coordinador, recibi un 26
[TRACE] 12:09:18:487 Planificador/(17911:17914): recibi del esi en ejecucion el mensaje 13
[TRACE] 12:09:18:688 Planificador/(17911:17916): recibi mensaje del coordinador, recibi un 26
[TRACE] 12:09:18:726 Planificador/(17911:17914): recibi del esi en ejecucion el mensaje 13
[TRACE] 12:09:18:927 Planificador/(17911:17916): recibi mensaje del coordinador, recibi un 26
[TRACE] 12:09:18:967 Planificador/(17911:17914): recibi del esi en ejecucion el mensaje 13
[TRACE] 12:09:19:168 Planificador/(17911:17916): recibi mensaje del coordinador, recibi un 26
[TRACE] 12:09:19:207 Planificador/(17911:17914): recibi del esi en ejecucion el mensaje 13
[TRACE] 12:09:19:408 Planificador/(17911:17916): recibi mensaje del coordinador, recibi un 26
[TRACE] 12:09:19:448 Planificador/(17911:17914): recibi del esi en ejecucion el mensaje 13
[TRACE] 12:09:19:648 Planificador/(17911:17916): recibi mensaje del coordinador, recibi un 26
[TRACE] 12:09:19:687 Planificador/(17911:17914): recibi del esi en ejecucion el mensaje 13
[TRACE] 12:09:19:888 Planificador/(17911:17916): recibi mensaje del coordinador, recibi un 26
[TRACE] 12:09:19:926 Planificador/(17911:17914): recibi del esi en ejecucion el mensaje 13
[TRACE] 12:09:20:127 Planificador/(17911:17916): recibi mensaje del coordinador, recibi un 26
[TRACE] 12:09:20:167 Planificador/(17911:17914): recibi del esi en ejecucion el mensaje 13
[TRACE] 12:09:20:368 Planificador/(17911:17916): recibi mensaje del coordinador, recibi un 26
[TRACE] 12:09:20:408 Planificador/(17911:17914): recibi del esi en ejecucion el mensaje 13
[TRACE] 12:09:20:609 Planificador/(17911:17916): recibi mensaje del coordinador, recibi un 27
[TRACE] 12:09:20:686 Planificador/(17911:17914): recibi del esi en ejecucion el mensaje 13
[TRACE] 12:09:20:887 Planificador/(17911:17916): recibi mensaje del coordinador, recibi un 27
[TRACE] 12:09:20:966 Planificador/(17911:17914): recibi del esi en ejecucion el mensaje 13
[TRACE] 12:09:21:167 Planificador/(17911:17916): recibi mensaje del coordinador, recibi un 27
[TRACE] 12:09:21:247 Planificador/(17911:17914): recibi del esi en ejecucion el mensaje 13
[TRACE] 12:09:21:447 Planificador/(17911:17916): recibi mensaje del coordinador, recibi un 27
[TRACE] 12:09:21:526 Planificador/(17911:17914): recibi del esi en ejecucion el mensaje 13
[TRACE] 12:09:21:727 Planificador/(17911:17916): recibi mensaje del coordinador, recibi un 27
[TRACE] 12:09:21:807 Planificador/(17911:17914): recibi del esi en ejecucion el mensaje 13
[TRACE] 12:09:22:8 Planificador/(17911:17916): recibi mensaje del coordinador, recibi un 27
[TRACE] 12:09:22:86 Planificador/(17911:17914): recibi del esi en ejecucion el mensaje 13
[TRACE] 12:09:22:286 Planificador/(17911:17916): recibi mensaje del coordinador, recibi un 27
[TRACE] 12:09:22:366 Planificador/(17911:17914): recibi del esi en ejecucion el mensaje 13
[TRACE] 12:09:22:567 Planificador/(17911:17916): recibi mensaje del coordinador, recibi un 27
[TRACE] 12:09:22:647 Planificador/(17911:17914): recibi del esi en ejecucion el mensaje 13
[TRACE] 12:09:22:848 Planificador/(17911:17916): recibi mensaje del coordinador, recibi un 27
[TRACE] 12:09:22:927 Planificador/(17911:17914): recibi del esi en ejecucion el mensaje 13
[TRACE] 12:09:23:127 Planificador/(17911:17916): recibi mensaje del coordinador, recibi un 27
[TRACE] 12:09:23:208 Planificador/(17911:17914): recibi del esi en ejecucion el mensaje 13
[TRACE] 12:09:23:409 Planificador/(17911:17916): recibi mensaje del coordinador, recibi un 27
[TRACE] 12:09:23:486 Planificador/(17911:17914): recibi del esi en ejecucion el mensaje 13
[TRACE] 12:09:23:686 Planificador/(17911:17916): recibi mensaje del coordinador, recibi un 27
[TRACE] 12:09:23:766 Planificador/(17911:17914): recibi del esi en ejecucion el mensaje 13
[TRACE] 12:09:23:966 Planificador/(17911:17916): recibi mensaje del coordinador, recibi un 27
[TRACE] 12:09:24:46 Planificador/(17911:17914): recibi del esi en ejecucion el mensaje 13
[TRACE] 12:09:24:247 Planificador/(17911:17916): recibi mensaje del coordinador, recibi un 27
[TRACE] 12:09:24:326 Planificador/(17911:17914): recibi del esi en ejecucion el mensaje 13
[TRACE] 12:09:24:527 Planificador/(17911:17916): recibi mensaje del coordinador, recibi un 27
[TRACE] 12:09:24:606 Planificador/(17911:17914): recibi del esi en ejecucion el mensaje 13
[TRACE] 12:09:24:807 Planificador/(17911:17916): recibi mensaje del coordinador, recibi un 27
[TRACE] 12:09:24:887 Planificador/(17911:17914): recibi del esi en ejecucion el mensaje 13
[TRACE] 12:09:25:87 Planificador/(17911:17916): recibi mensaje del coordinador, recibi un 27
[TRACE] 12:09:25:167 Planificador/(17911:17914): recibi del esi en ejecucion el mensaje 13
[TRACE] 12:09:25:367 Planificador/(17911:17916): recibi mensaje del coordinador, recibi un 27
[TRACE] 12:09:25:446 Planificador/(17911:17914): recibi del esi en ejecucion el mensaje 13
[TRACE] 12:09:25:647 Planificador/(17911:17916): recibi mensaje del coordinador, recibi un 27
[TRACE] 12:09:25:726 Planificador/(17911:17914): recibi del esi en ejecucion el mensaje 13
[TRACE] 12:09:25:927 Planificador/(17911:17916): recibi mensaje del coordinador, recibi un 27
[TRACE] 12:09:26:7 Planificador/(17911:17914): recibi del esi en ejecucion el mensaje 13
[TRACE] 12:09:26:208 Planificador/(17911:17916): recibi mensaje del coordinador, recibi un 27
[TRACE] 12:09:26:286 Planificador/(17911:17914): recibi del esi en ejecucion el mensaje 13
[TRACE] 12:09:26:487 Planificador/(17911:17916): recibi mensaje del coordinador, recibi un 27
[TRACE] 12:09:26:566 Planificador/(17911:17914): recibi del esi en ejecucion el mensaje 13
[TRACE] 12:09:26:766 Planificador/(17911:17916): recibi mensaje del coordinador, recibi un 27
[TRACE] 12:09:26:847 Planificador/(17911:17914): recibi del esi en ejecucion el mensaje 13
[TRACE] 12:09:27:47 Planificador/(17911:17916): recibi mensaje del coordinador, recibi un 27
[TRACE] 12:09:27:127 Planificador/(17911:17914): recibi del esi en ejecucion el mensaje 13
[TRACE] 12:09:27:328 Planificador/(17911:17916): recibi mensaje del coordinador, recibi un 27
[TRACE] 12:09:27:407 Planificador/(17911:17914): recibi del esi en ejecucion el mensaje 13
[TRACE] 12:09:27:608 Planificador/(17911:17916): recibi mensaje del coordinador, recibi un 27
[TRACE] 12:09:27:686 Planificador/(17911:17914): recibi del esi en ejecucion el mensaje 13
[TRACE] 12:09:27:887 Planificador/(17911:17916): recibi mensaje del coordinador, recibi un 27
[TRACE] 12:09:27:966 Planificador/(17911:17914): recibi del esi en ejecucion el mensaje 13
[TRACE] 12:09:28:167 Planificador/(17911:17916): recibi mensaje del coordinador, recibi un 27
[TRACE] 12:09:28:247 Planificador/(17911:17914): recibi del esi en ejecucion el mensaje 13
[TRACE] 12:09:28:448 Planificador/(17911:17916): recibi mensaje del coordinador, recibi un 27
[TRACE] 12:09:28:526 Planificador/(17911:17914): recibi del esi en ejecucion el mensaje 13
[TRACE] 12:09:28:727 Planificador/(17911:17916): recibi mensaje del coordinador, recibi un 27
[TRACE] 12:09:28:806 Planificador/(17911:17914): recibi del esi en ejecucion el mensaje 13
[TRACE] 12:09:29:6 Planificador/(17911:17916): recibi mensaje del coordinador, recibi un 28
[TRACE] 12:09:29:46 Planificador/(17911:17916): clave sandwich:bondiola:simple liberada
[TRACE] 12:09:29:87 Planificador/(17911:17914): recibi del esi en ejecucion el mensaje 13
[TRACE] 12:09:29:287 Planificador/(17911:17916): recibi mensaje del coordinador, recibi un 28
[TRACE] 12:09:29:327 Planificador/(17911:17916): clave sandwich:bondiola:jyq liberada
[TRACE] 12:09:29:370 Planificador/(17911:17914): recibi del esi en ejecucion el mensaje 13
[TRACE] 12:09:29:571 Planificador/(17911:17916): recibi mensaje del coordinador, recibi un 28
[TRACE] 12:09:29:610 Planificador/(17911:17916): clave sandwich:bondiola:completo liberada
[TRACE] 12:09:29:651 Planificador/(17911:17914): recibi del esi en ejecucion el mensaje 13
[TRACE] 12:09:29:851 Planificador/(17911:17916): recibi mensaje del coordinador, recibi un 28
[TRACE] 12:09:29:890 Planificador/(17911:17916): clave sandwich:lomo:simple liberada
[TRACE] 12:09:29:930 Planificador/(17911:17914): recibi del esi en ejecucion el mensaje 13
[TRACE] 12:09:30:131 Planificador/(17911:17916): recibi mensaje del coordinador, recibi un 28
[TRACE] 12:09:30:170 Planificador/(17911:17916): clave sandwich:lomo:jyq liberada
[TRACE] 12:09:30:210 Planificador/(17911:17914): recibi del esi en ejecucion el mensaje 13
[TRACE] 12:09:30:411 Planificador/(17911:17916): recibi mensaje del coordinador, recibi un 28
[TRACE] 12:09:30:451 Planificador/(17911:17916): clave sandwich:lomo:completo liberada
[TRACE] 12:09:30:490 Planificador/(17911:17914): recibi del esi en ejecucion el mensaje 13
[TRACE] 12:09:30:690 Planificador/(17911:17916): recibi mensaje del coordinador, recibi un 28
[TRACE] 12:09:30:730 Planificador/(17911:17916): clave sandwich:vacio:simple liberada
[TRACE] 12:09:30:771 Planificador/(17911:17914): recibi del esi en ejecucion el mensaje 13
[TRACE] 12:09:30:971 Planificador/(17911:17916): recibi mensaje del coordinador, recibi un 28
[TRACE] 12:09:31:10 Planificador/(17911:17916): clave sandwich:vacio:jyq liberada
[TRACE] 12:09:31:51 Planificador/(17911:17914): recibi del esi en ejecucion el mensaje 13
[TRACE] 12:09:31:252 Planificador/(17911:17916): recibi mensaje del coordinador, recibi un 28
[TRACE] 12:09:31:290 Planificador/(17911:17916): clave sandwich:vacio:completo liberada
[TRACE] 12:09:31:331 Planificador/(17911:17914): recibi del esi en ejecucion el mensaje 13
[TRACE] 12:09:31:531 Planificador/(17911:17916): recibi mensaje del coordinador, recibi un 28
[TRACE] 12:09:31:570 Planificador/(17911:17916): clave sandwich:choripan liberada
[TRACE] 12:09:31:610 Planificador/(17911:17914): recibi del esi en ejecucion el mensaje 13
[TRACE] 12:09:31:811 Planificador/(17911:17916): recibi mensaje del coordinador, recibi un 28
[TRACE] 12:09:31:850 Planificador/(17911:17916): clave sandwich:morcipan liberada
[TRACE] 12:09:31:890 Planificador/(17911:17914): recibi del esi en ejecucion el mensaje 13
[TRACE] 12:09:32:90 Planificador/(17911:17916): recibi mensaje del coordinador, recibi un 28
[TRACE] 12:09:32:130 Planificador/(17911:17916): clave parrilla:chinchulines liberada
[TRACE] 12:09:32:171 Planificador/(17911:17914): recibi del esi en ejecucion el mensaje 13
[TRACE] 12:09:32:372 Planificador/(17911:17916): recibi mensaje del coordinador, recibi un 28
[TRACE] 12:09:32:410 Planificador/(17911:17916): clave parrilla:rinion liberada
[TRACE] 12:09:32:450 Planificador/(17911:17914): recibi del esi en ejecucion el mensaje 13
[TRACE] 12:09:32:651 Planificador/(17911:17916): recibi mensaje del coordinador, recibi un 28
[TRACE] 12:09:32:690 Planificador/(17911:17916): clave parrilla:tiraasado liberada
[TRACE] 12:09:32:735 Planificador/(17911:17914): recibi del esi en ejecucion el mensaje 13
[TRACE] 12:09:32:936 Planificador/(17911:17916): recibi mensaje del coordinador, recibi un 28
[TRACE] 12:09:32:974 Planificador/(17911:17916): clave parrilla:vacio liberada
[TRACE] 12:09:33:15 Planificador/(17911:17914): recibi del esi en ejecucion el mensaje 13
[TRACE] 12:09:33:215 Planificador/(17911:17916): recibi mensaje del coordinador, recibi un 28
[TRACE] 12:09:33:255 Planificador/(17911:17916): clave parrilla:entrania liberada
[TRACE] 12:09:33:301 Planificador/(17911:17914): recibi del esi en ejecucion el mensaje 13
[TRACE] 12:09:33:503 Planificador/(17911:17916): recibi mensaje del coordinador, recibi un 28
[TRACE] 12:09:33:543 Planificador/(17911:17916): clave parrilla:bifedelomo liberada
[TRACE] 12:09:33:583 Planificador/(17911:17914): recibi del esi en ejecucion el mensaje 13
[TRACE] 12:09:33:784 Planificador/(17911:17916): recibi mensaje del coordinador, recibi un 28
[TRACE] 12:09:33:822 Planificador/(17911:17916): clave parrilla:matambre:simple liberada
[TRACE] 12:09:33:870 Planificador/(17911:17914): recibi del esi en ejecucion el mensaje 13
[TRACE] 12:09:34:71 Planificador/(17911:17916): recibi mensaje del coordinador, recibi un 28
[TRACE] 12:09:34:110 Planificador/(17911:17916): clave parrilla:matambre:alapizza liberada
[TRACE] 12:09:34:151 Planificador/(17911:17914): recibi del esi en ejecucion el mensaje 13
[TRACE] 12:09:34:351 Planificador/(17911:17916): recibi mensaje del coordinador, recibi un 28
[TRACE] 12:09:34:390 Planificador/(17911:17916): clave parrilla:ojodebife liberada
[TRACE] 12:09:34:435 Planificador/(17911:17914): recibi del esi en ejecucion el mensaje 13
[TRACE] 12:09:34:636 Planificador/(17911:17916): recibi mensaje del coordinador, recibi un 28
[TRACE] 12:09:34:674 Planificador/(17911:17916): clave parrilla:molleja liberada
[TRACE] 12:09:34:714 Planificador/(17911:17914): recibi del esi en ejecucion el mensaje 13
[TRACE] 12:09:34:915 Planificador/(17911:17916): recibi mensaje del coordinador, recibi un 28
[TRACE] 12:09:34:954 Planificador/(17911:17916): clave parrilla:pareja liberada
[TRACE] 12:09:34:995 Planificador/(17911:17914): recibi del esi en ejecucion el mensaje 13
[TRACE] 12:09:35:195 Planificador/(17911:17916): recibi mensaje del coordinador, recibi un 28
[TRACE] 12:09:35:234 Planificador/(17911:17916): clave cocina:papasfritas liberada
[TRACE] 12:09:35:275 Planificador/(17911:17914): recibi del esi en ejecucion el mensaje 13
[TRACE] 12:09:35:477 Planificador/(17911:17916): recibi mensaje del coordinador, recibi un 28
[TRACE] 12:09:35:514 Planificador/(17911:17916): clave cocina:batatasfritas liberada
[TRACE] 12:09:35:555 Planificador/(17911:17914): recibi del esi en ejecucion el mensaje 13
[TRACE] 12:09:35:755 Planificador/(17911:17916): recibi mensaje del coordinador, recibi un 28
[TRACE] 12:09:35:794 Planificador/(17911:17916): clave cocina:tallarines liberada
[TRACE] 12:09:35:835 Planificador/(17911:17914): recibi del esi en ejecucion el mensaje 13
[TRACE] 12:09:36:35 Planificador/(17911:17916): recibi mensaje del coordinador, recibi un 28
[TRACE] 12:09:36:74 Planificador/(17911:17916): clave cocina:ravioles liberada
[TRACE] 12:09:36:114 Planificador/(17911:17914): recibi del esi en ejecucion el mensaje 13
[TRACE] 12:09:36:314 Planificador/(17911:17916): recibi mensaje del coordinador, recibi un 28
[TRACE] 12:09:36:354 Planificador/(17911:17916): clave cocina:nioquis liberada
[TRACE] 12:09:36:394 Planificador/(17911:17914): recibi del esi en ejecucion el mensaje 13
[TRACE] 12:09:36:594 Planificador/(17911:17916): recibi mensaje del coordinador, recibi un 28
[TRACE] 12:09:36:634 Planificador/(17911:17916): clave cocina:suprema liberada
[TRACE] 12:09:36:674 Planificador/(17911:17914): recibi del esi en ejecucion el mensaje 13
[TRACE] 12:09:36:874 Planificador/(17911:17916): recibi mensaje del coordinador, recibi un 28
[TRACE] 12:09:36:914 Planificador/(17911:17916): clave cocina:milanesa:carne liberada
[TRACE] 12:09:36:954 Planificador/(17911:17914): recibi del esi en ejecucion el mensaje 13
[TRACE] 12:09:37:154 Planificador/(17911:17916): recibi mensaje del coordinador, recibi un 28
[TRACE] 12:09:37:194 Planificador/(17911:17916): clave cocina:milanesa:pollo liberada
[TRACE] 12:09:37:234 Planificador/(17911:17914): recibi del esi en ejecucion el mensaje 13
[TRACE] 12:09:37:235 Planificador/(17911:17914): recibi del esi en ejecucion el mensaje 16
[TRACE] 12:09:37:235 Planificador/(17911:17914): clave sandwich:bondiola:simple liberada
[TRACE] 12:09:37:235 Planificador/(17911:17914): clave sandwich:bondiola:jyq liberada
[TRACE] 12:09:37:236 Planificador/(17911:17914): clave sandwich:bondiola:completo liberada
[TRACE] 12:09:37:236 Planificador/(17911:17914): clave sandwich:lomo:simple liberada
[TRACE] 12:09:37:236 Planificador/(17911:17914): clave sandwich:lomo:jyq liberada
[TRACE] 12:09:37:236 Planificador/(17911:17914): clave sandwich:lomo:completo liberada
[TRACE] 12:09:37:236 Planificador/(17911:17914): clave sandwich:vacio:simple liberada
[TRACE] 12:09:37:236 Planificador/(17911:17914): clave sandwich:vacio:jyq liberada
[TRACE] 12:09:37:236 Planificador/(17911:17914): clave sandwich:vacio:completo liberada
[TRACE] 12:09:37:236 Planificador/(17911:17914): clave sandwich:choripan liberada
[TRACE] 12:09:37:236 Planificador/(17911:17914): clave sandwich:morcipan liberada
[TRACE] 12:09:37:236 Planificador/(17911:17914): clave parrilla:chinchulines liberada
[TRACE] 12:09:37:236 Planificador/(17911:17914): clave parrilla:rinion liberada
[TRACE] 12:09:37:236 Planificador/(17911:17914): clave parrilla:tiraasado liberada
[TRACE] 12:09:37:236 Planificador/(17911:17914): clave parrilla:vacio liberada
[TRACE] 12:09:37:236 Planificador/(17911:17914): clave parrilla:entrania liberada
[TRACE] 12:09:37:236 Planificador/(17911:17914): clave parrilla:bifedelomo liberada
[TRACE] 12:09:37:236 Planificador/(17911:17914): clave parrilla:matambre:simple liberada
[TRACE] 12:09:37:236 Planificador/(17911:17914): clave parrilla:matambre:alapizza liberada
[TRACE] 12:09:37:236 Planificador/(17911:17914): clave parrilla:ojodebife liberada
[TRACE] 12:09:37:236 Planificador/(17911:17914): clave parrilla:molleja liberada
[TRACE] 12:09:37:236 Planificador/(17911:17914): clave parrilla:pareja liberada
[TRACE] 12:09:37:236 Planificador/(17911:17914): clave cocina:papasfritas liberada
[TRACE] 12:09:37:236 Planificador/(17911:17914): clave cocina:batatasfritas liberada
[TRACE] 12:09:37:236 Planificador/(17911:17914): clave cocina:tallarines liberada
[TRACE] 12:09:37:236 Planificador/(17911:17914): clave cocina:ravioles liberada
[TRACE] 12:09:37:236 Planificador/(17911:17914): clave cocina:nioquis liberada
[TRACE] 12:09:37:236 Planificador/(17911:17914): clave cocina:suprema liberada
[TRACE] 12:09:37:236 Planificador/(17911:17914): clave cocina:milanesa:carne liberada
[TRACE] 12:09:37:236 Planificador/(17911:17914): clave cocina:milanesa:pollo liberada
[INFO] 12:09:37:236 Planificador/(17911:17914): ESI 17 movido a la cola de terminados
[TRACE] 12:10:00:991 Planificador/(17911:17913): Consola recibe pausar
[TRACE] 12:10:09:753 Planificador/(17911:17913): Consola recibe desbloquear
[TRACE] 12:10:09:753 Planificador/(17911:17913): ESI 14 agregado a la cola de listos!
[DEBUG] 12:10:09:753 Planificador/(17911:17913): esi 14 desbloqueado
[TRACE] 12:10:11:970 Planificador/(17911:17913): Consola recibe desbloquear
[DEBUG] 12:10:11:970 Planificador/(17911:17913): no hay procesos bloqueados, se libero la clave
[TRACE] 12:10:17:428 Planificador/(17911:17913): Consola recibe continuar
[WARNING] 12:10:17:428 Planificador/(17911:17914): cola de listos de arriba a abajo
[DEBUG] 12:10:17:428 Planificador/(17911:17914): ESI 14 con rafagaEstimada 1.266405
[INFO] 12:10:17:428 Planificador/(17911:17914): esi 14 enviado a ejecutar
[TRACE] 12:10:17:629 Planificador/(17911:17916): recibi mensaje del coordinador, recibi un 26
[TRACE] 12:10:17:666 Planificador/(17911:17914): recibi del esi en ejecucion el mensaje 13
[TRACE] 12:10:17:867 Planificador/(17911:17916): recibi mensaje del coordinador, recibi un 26
[TRACE] 12:10:17:906 Planificador/(17911:17914): recibi del esi en ejecucion el mensaje 13
[TRACE] 12:10:18:106 Planificador/(17911:17916): recibi mensaje del coordinador, recibi un 26
[TRACE] 12:10:18:146 Planificador/(17911:17914): recibi del esi en ejecucion el mensaje 13
[TRACE] 12:10:18:347 Planificador/(17911:17916): recibi mensaje del coordinador, recibi un 26
[TRACE] 12:10:18:386 Planificador/(17911:17914): recibi del esi en ejecucion el mensaje 13
[TRACE] 12:10:18:587 Planificador/(17911:17916): recibi mensaje del coordinador, recibi un 26
[TRACE] 12:10:18:627 Planificador/(17911:17914): recibi del esi en ejecucion el mensaje 13
[TRACE] 12:10:18:827 Planificador/(17911:17916): recibi mensaje del coordinador, recibi un 26
[TRACE] 12:10:18:866 Planificador/(17911:17914): recibi del esi en ejecucion el mensaje 13
[TRACE] 12:10:19:67 Planificador/(17911:17916): recibi mensaje del coordinador, recibi un 26
[TRACE] 12:10:19:106 Planificador/(17911:17914): recibi del esi en ejecucion el mensaje 13
[TRACE] 12:10:19:306 Planificador/(17911:17916): recibi mensaje del coordinador, recibi un 26
[TRACE] 12:10:19:346 Planificador/(17911:17914): recibi del esi en ejecucion el mensaje 13
[TRACE] 12:10:19:547 Planificador/(17911:17916): recibi mensaje del coordinador, recibi un 26
[TRACE] 12:10:19:586 Planificador/(17911:17914): recibi del esi en ejecucion el mensaje 13
[TRACE] 12:10:19:787 Planificador/(17911:17916): recibi mensaje del coordinador, recibi un 26
[TRACE] 12:10:19:826 Planificador/(17911:17914): recibi del esi en ejecucion el mensaje 13
[TRACE] 12:10:20:27 Planificador/(17911:17916): recibi mensaje del coordinador, recibi un 27
[TRACE] 12:10:20:107 Planificador/(17911:17914): recibi del esi en ejecucion el mensaje 13
[TRACE] 12:10:20:308 Planificador/(17911:17916): recibi mensaje del coordinador, recibi un 27
[TRACE] 12:10:20:386 Planificador/(17911:17914): recibi del esi en ejecucion el mensaje 13
[TRACE] 12:10:20:587 Planificador/(17911:17916): recibi mensaje del coordinador, recibi un 27
[TRACE] 12:10:20:666 Planificador/(17911:17914): recibi del esi en ejecucion el mensaje 13
[TRACE] 12:10:20:867 Planificador/(17911:17916): recibi mensaje del coordinador, recibi un 27
[TRACE] 12:10:20:946 Planificador/(17911:17914): recibi del esi en ejecucion el mensaje 13
[TRACE] 12:10:21:146 Planificador/(17911:17916): recibi mensaje del coordinador, recibi un 27
[TRACE] 12:10:21:226 Planificador/(17911:17914): recibi del esi en ejecucion el mensaje 13
[TRACE] 12:10:21:427 Planificador/(17911:17916): recibi mensaje del coordinador, recibi un 27
[TRACE] 12:10:21:506 Planificador/(17911:17914): recibi del esi en ejecucion el mensaje 13
[TRACE] 12:10:21:708 Planificador/(17911:17916): recibi mensaje del coordinador, recibi un 27
[TRACE] 12:10:21:786 Planificador/(17911:17914): recibi del esi en ejecucion el mensaje 13
[TRACE] 12:10:21:987 Planificador/(17911:17916): recibi mensaje del coordinador, recibi un 27
[TRACE] 12:10:22:66 Planificador/(17911:17914): recibi del esi en ejecucion el mensaje 13
[TRACE] 12:10:22:267 Planificador/(17911:17916): recibi mensaje del coordinador, recibi un 27
[TRACE] 12:10:22:347 Planificador/(17911:17914): recibi del esi en ejecucion el mensaje 13
[TRACE] 12:10:22:548 Planificador/(17911:17916): recibi mensaje del coordinador, recibi un 27
[TRACE] 12:10:22:626 Planificador/(17911:17914): recibi del esi en ejecucion el mensaje 13
[TRACE] 12:10:22:826 Planificador/(17911:17916): recibi mensaje del coordinador, recibi un 28
[TRACE] 12:10:22:866 Planificador/(17911:17916): clave postre:ingrediente1 liberada
[TRACE] 12:10:22:906 Planificador/(17911:17914): recibi del esi en ejecucion el mensaje 13
[TRACE] 12:10:23:107 Planificador/(17911:17916): recibi mensaje del coordinador, recibi un 28
[TRACE] 12:10:23:146 Planificador/(17911:17916): clave postre:ingrediente2 liberada
[TRACE] 12:10:23:187 Planificador/(17911:17914): recibi del esi en ejecucion el mensaje 13
[TRACE] 12:10:23:388 Planificador/(17911:17916): recibi mensaje del coordinador, recibi un 28
[TRACE] 12:10:23:426 Planificador/(17911:17916): clave postre:ingrediente3 liberada
[TRACE] 12:10:23:467 Planificador/(17911:17914): recibi del esi en ejecucion el mensaje 13
[TRACE] 12:10:23:668 Planificador/(17911:17916): recibi mensaje del coordinador, recibi un 28
[TRACE] 12:10:23:706 Planificador/(17911:17916): clave postre:ingrediente4 liberada
[TRACE] 12:10:23:746 Planificador/(17911:17914): recibi del esi en ejecucion el mensaje 13
[TRACE] 12:10:23:947 Planificador/(17911:17916): recibi mensaje del coordinador, recibi un 28
[TRACE] 12:10:23:986 Planificador/(17911:17916): clave postre:ingrediente5 liberada
[TRACE] 12:10:24:27 Planificador/(17911:17914): recibi del esi en ejecucion el mensaje 13
[TRACE] 12:10:24:228 Planificador/(17911:17916): recibi mensaje del coordinador, recibi un 28
[TRACE] 12:10:24:266 Planificador/(17911:17916): clave postre:ingrediente6 liberada
[TRACE] 12:10:24:486 Planificador/(17911:17914): recibi del esi en ejecucion el mensaje 13
[TRACE] 12:10:24:686 Planificador/(17911:17916): recibi mensaje del coordinador, recibi un 28
[TRACE] 12:10:24:726 Planificador/(17911:17916): clave postre:ingrediente7 liberada
[TRACE] 12:10:24:766 Planificador/(17911:17914): recibi del esi en ejecucion el mensaje 13
[TRACE] 12:10:24:967 Planificador/(17911:17916): recibi mensaje del coordinador, recibi un 28
[TRACE] 12:10:25:6 Planificador/(17911:17916): clave postre:ingrediente8 liberada
[TRACE] 12:10:25:47 Planificador/(17911:17914): recibi del esi en ejecucion el mensaje 13
[TRACE] 12:10:25:247 Planificador/(17911:17916): recibi mensaje del coordinador, recibi un 28
[TRACE] 12:10:25:286 Planificador/(17911:17916): clave postre:ingrediente9 liberada
[TRACE] 12:10:25:289 Planificador/(17911:17914): recibi del esi en ejecucion el mensaje 13
[TRACE] 12:10:25:297 Planificador/(17911:17916): recibi mensaje del coordinador, recibi un 28
[INFO] 12:10:25:301 Planificador/(17911:17914): ESI 14 movido a la cola de terminados
