ESI	|	OPERACION
ESI10	|	GET lalala:sadk ESI10	|	GET un:get ESI10	|	GET otro:get ESI10	|	GET tu:vieja ESI10	|	GET damela:copa ESI10	|	GET dame:atuhermana ESI10	|	GET lalala:sadk1 ESI10	|	GET un:get1 ESI10	|	GET otro:ge1t ESI10	|	GET tu:vieja1 ESI10	|	GET damela:c1opa ESI10	|	GET dame:atu1hermana ESI10	|	GET lalala:sadk2 ESI10	|	GET un:get12 ESI10	|	GET otro:get2 ESI10	|	GET tu:vieja2 ESI10	|	GET damela:c2opa ESI10	|	GET dame:atu2hermana ESI10	|	GET lalala:sadk3 ESI10	|	GET un:get3 ESI10	|	GET otro:ge3t ESI10	|	GET tu:vieja3 ESI10	|	GET damela:c3opa ESI10	|	GET dame:atu3hermana ESI10	|	GET lalala:sadk4 ESI10	|	GET un:get4 ESI10	|	GET otro:ge4t ESI10	|	GET tu:vieja4 ESI10	|	GET damela:c4opa ESI10	|	GET dame:atu4hermana ESI10	|	GET lalala:sadk5 ESI10	|	GET un:get5 ESI10	|	GET otro:ge5t ESI10	|	GET tu:vieja5 ESI10	|	GET damela:c5opa ESI10	|	GET dame:atu5hermana ESI7	|	GET lalala:sadk ESI7	|	GET un:get ESI7	|	GET otro:get ESI7	|	GET tu:vieja ESI7	|	GET damela:copa ESI7	|	GET dame:atuhermana ESI7	|	GET lalala:sadk1 ESI7	|	GET un:get1 ESI7	|	GET otro:ge1t ESI7	|	GET tu:vieja1 ESI7	|	GET damela:c1opa ESI7	|	GET dame:atu1hermana ESI7	|	GET lalala:sadk2 ESI7	|	GET un:get12 ESI7	|	GET otro:get2 ESI7	|	GET tu:vieja2 ESI7	|	GET damela:c2opa ESI7	|	GET dame:atu2hermana ESI7	|	GET lalala:sadk3 ESI7	|	GET un:get3 ESI7	|	GET otro:ge3t ESI7	|	GET tu:vieja3 ESI7	|	GET damela:c3opa ESI7	|	GET dame:atu3hermana ESI7	|	GET lalala:sadk4 ESI7	|	GET un:get4 ESI7	|	GET otro:ge4t ESI7	|	GET tu:vieja4 ESI7	|	GET damela:c4opa ESI7	|	GET dame:atu4hermana ESI7	|	GET lalala:sadk5 ESI7	|	GET un:get5 ESI7	|	GET otro:ge5t ESI7	|	GET tu:vieja5 ESI7	|	GET damela:c5opa ESI7	|	GET dame:atu5hermana ESI11	|	GET lalala:sadk ESI9	|	GET lalala:sadk ESI10	|	GET lalala:sadk ESI9	|	GET lalala:sadk ESI10	|	GET lalala:sadk ESI11	|	GET deportes:futbol:messi ESI11	|	GET deportes:futbol:messi ESI11	|	GET deportes:futbol:messi ESI11	|	GET deportes:futbol:menem ESI11	|	SET deportes:futbol:menem Lionel MenemESI11	|	GET deportes:futbol:menem ESI11	|	SET deportes:futbol:menem Lionel MenemESI11	|	GET deportes:futbol:menem ESI11	|	SET deportes:futbol:menem Lionel MenemESI10	|	GET deportes:futbol:menem ESI10	|	SET deportes:futbol:menem Lionel MenemESI10	|	GET deportes:futbol:menem ESI10	|	SET deportes:futbol:menem Lionel MenemESI10	|	GET deportes:futbol:menem ESI10	|	SET deportes:futbol:menem Lionel MenemESI10	|	GET deportes:futbol:menem ESI10	|	SET deportes:futbol:menem Lionel MenemESI10	|	GET deportes:futbol:menem ESI10	|	SET deportes:futbol:menem Lionel MenemESI10	|	GET deportes:futbol:menem ESI10	|	SET deportes:futbol:menem Lionel MenemESI10	|	GET deportes:futbol:menem ESI10	|	SET deportes:futbol:menem Lionel MenemESI10	|	GET deportes:futbol:menem ESI10	|	SET deportes:futbol:menem Lionel MenemESI10	|	GET deportes:futbol:menem ESI10	|	SET deportes:futbol:menem Lionel MenemESI10	|	GET deportes:futbol:menem ESI10	|	SET deportes:futbol:menem Lionel MenemESI10	|	GET deportes:basquet:ginobili ESI10	|	SET deportes:basquet:ginobili Emanuel GinobiliESI10	|	GET prueba ESI10	|	SET prueba unoESI10	|	GET lalala ESI10	|	SET lalala dosESI10	|	GET prueba ESI10	|	SET prueba unoESI10	|	GET lalala ESI10	|	SET lalala dosESI10	|	GET prueba ESI10	|	SET prueba unoESI10	|	GET lalala ESI10	|	SET lalala dosESI10	|	GET prueba ESI10	|	SET prueba unoESI10	|	GET lalala ESI10	|	SET lalala dosESI10	|	STORE prueba ESI10	|	GET prueba ESI10	|	SET prueba unoESI10	|	GET lalala ESI10	|	SET lalala dosESI11	|	GET prueba ESI11	|	GET prueba ESI10	|	GET prueba ESI10	|	GET lalala ESI10	|	STORE prueba ESI10	|	STORE lalala ESI10	|	GET prueba ESI10	|	GET lalala ESI10	|	STORE prueba ESI10	|	GET prueba ESI10	|	GET lalala ESI10	|	STORE prueba ESI10	|	GET prueba ESI10	|	GET lalala ESI10	|	SET lalala leleleESI10	|	GET prueba ESI10	|	GET lalala ESI10	|	SET lalala leleleESI10	|	GET prueba ESI10	|	GET lalala ESI10	|	SET lalala leleleESI10	|	SET prueba prROBaESI10	|	GET prueba ESI10	|	GET lalala ESI10	|	SET lalala leleleESI10	|	SET prueba prROBaESI10	|	GET prueba ESI10	|	GET lalala ESI10	|	SET lalala leleleESI10	|	SET prueba prROBaESI11	|	GET prueba ESI11	|	GET prueba ESI10	|	GET prueba ESI10	|	GET lalala ESI10	|	SET lalala leleleESI10	|	SET prueba prROBaESI10	|	GET deportes:futbol:menem ESI10	|	SET deportes:futbol:menem Lionel MenemESI10	|	GET deportes:basquet:ginobili ESI10	|	SET deportes:basquet:ginobili Emanuel GinobiliESI10	|	STORE deportes:basquet:ginobili ESI10	|	GET deportes:futbol:menem ESI10	|	SET deportes:futbol:menem Lionel MenemESI10	|	GET deportes:futbol:menem ESI10	|	SET deportes:futbol:menem Lionel MenemESI10	|	GET deportes:basquet:ginobili ESI10	|	SET deportes:basquet:ginobili Emanuel GinobiliESI10	|	GET deportes:futbol:menem ESI10	|	SET deportes:futbol:menem Lionel MenemESI10	|	GET deportes:basquet:ginobili ESI10	|	SET deportes:basquet:ginobili Emanuel GinobiliESI10	|	GET deportes:futbol:menem ESI10	|	GET deportes:futbol:menem ESI10	|	SET deportes:futbol:menem Lionel MenemESI10	|	GET deportes:basquet:ginobili ESI10	|	SET deportes:basquet:ginobili Emanuel GinobiliESI10	|	STORE deportes:basquet:ginobili ESI10	|	GET deportes:futbol:menem ESI10	|	SET deportes:futbol:menem Lionel MenemESI10	|	GET deportes:basquet:ginobili ESI10	|	SET deportes:basquet:ginobili Emanuel GinobiliESI10	|	STORE deportes:basquet:ginobili ESI10	|	GET deportes:futbol:menem ESI10	|	SET deportes:futbol:menem Lionel MenemESI10	|	GET deportes:futbol:menem ESI10	|	SET deportes:futbol:menem Lionel MenemESI10	|	GET deportes:futbol:menem ESI10	|	SET deportes:futbol:menem Lionel MenemESI10	|	GET deportes:futbol:menem ESI10	|	SET deportes:futbol:menem Lionel MenemESI10	|	GET deportes:basquet:ginobili ESI10	|	SET deportes:basquet:ginobili Emanuel GinobiliESI10	|	STORE deportes:basquet:ginobili ESI9	|	GET deportes:futbol:menem ESI9	|	SET deportes:futbol:menem Lionel MenemESI10	|	GET deportes:futbol:menem ESI10	|	SET deportes:futbol:menem Lionel MenemESI10	|	GET deportes:basquet:ginobili ESI10	|	SET deportes:basquet:ginobili Emanuel GinobiliESI10	|	GET deportes:futbol:menem ESI10	|	SET deportes:futbol:menem Lionel MenemESI10	|	GET deportes:basquet:ginobili ESI10	|	SET deportes:basquet:ginobili Emanuel GinobiliESI10	|	STORE deportes:basquet:ginobili ESI10	|	GET deportes:futbol:menem ESI10	|	SET deportes:futbol:menem Lionel MenemESI10	|	GET deportes:basquet:ginobili ESI10	|	SET deportes:basquet:ginobili Emanuel GinobiliESI10	|	STORE deportes:basquet:ginobili ESI10	|	GET futbol:messi ESI10	|	SET futbol:messi TraemeLaCopaESI10	|	GET e3:sony:juegos 
ESI10	|	GET e3:microsoft:juegos 
ESI10	|	SET e3:sony:juegos TLOU2
ESI10	|	SET e3:sony:juegos Spiderman
ESI10	|	SET e3:sony:juegos GhostOfTsushima
ESI10	|	SET e3:sony:juegos DeathStranding
ESI10	|	SET e3:sony:juegos ResidenEvil2Remake
ESI10	|	SET e3:sony:juegos Destiny2DLCForsaken
ESI10	|	SET e3:microsoft:juegos DLCCuphead
ESI10	|	SET e3:microsoft:juegos ForzaHorizon4
ESI10	|	SET e3:microsoft:juegos Gears5
ESI10	|	SET e3:microsoft:juegos MetroExodus
ESI10	|	SET e3:microsoft:juegos Fallout76
ESI10	|	SET e3:microsoft:juegos TheDivision2
ESI10	|	SET e3:microsoft:juegos DyingLight2
ESI10	|	SET e3:microsoft:juegos Crackdown3
ESI10	|	SET e3:microsoft:juegos HaloInfinite
ESI10	|	SET e3:microsoft:juegos KingdomHearts3
ESI10	|	STORE e3:microsoft:juegos 
ESI10	|	STORE e3:sony:juegos 
ESI10	|	GET e3:sony:juegos 
ESI10	|	GET e3:microsoft:juegos 
ESI10	|	SET e3:sony:juegos TLOU2
ESI10	|	SET e3:sony:juegos Spiderman
ESI10	|	SET e3:sony:juegos GhostOfTsushima
ESI10	|	SET e3:sony:juegos DeathStranding
ESI10	|	SET e3:sony:juegos ResidenEvil2Remake
ESI10	|	SET e3:sony:juegos Destiny2DLCForsaken
ESI10	|	SET e3:microsoft:juegos DLCCuphead
ESI10	|	SET e3:microsoft:juegos ForzaHorizon4
ESI10	|	SET e3:microsoft:juegos Gears5
ESI10	|	SET e3:microsoft:juegos MetroExodus
ESI10	|	SET e3:microsoft:juegos Fallout76
ESI10	|	SET e3:microsoft:juegos TheDivision2
ESI10	|	SET e3:microsoft:juegos DyingLight2
ESI10	|	SET e3:microsoft:juegos Crackdown3
ESI10	|	SET e3:microsoft:juegos HaloInfinite
ESI10	|	SET e3:microsoft:juegos KingdomHearts3
ESI10	|	STORE e3:microsoft:juegos 
ESI10	|	STORE e3:sony:juegos 
ESI10	|	GET e3:sony:juegos 
ESI10	|	GET e3:microsoft:juegos 
ESI10	|	SET e3:sony:juegos TLOU2
ESI10	|	SET e3:sony:juegos Spiderman
ESI10	|	SET e3:sony:juegos GhostOfTsushima
ESI10	|	SET e3:sony:juegos DeathStranding
ESI10	|	SET e3:sony:juegos ResidenEvil2Remake
ESI10	|	SET e3:sony:juegos Destiny2DLCForsaken
ESI10	|	SET e3:microsoft:juegos DLCCuphead
ESI10	|	SET e3:microsoft:juegos ForzaHorizon4
ESI10	|	SET e3:microsoft:juegos Gears5
ESI10	|	SET e3:microsoft:juegos MetroExodus
ESI10	|	SET e3:microsoft:juegos Fallout76
ESI10	|	SET e3:microsoft:juegos TheDivision2
ESI10	|	SET e3:microsoft:juegos DyingLight2
ESI10	|	SET e3:microsoft:juegos Crackdown3
ESI10	|	SET e3:microsoft:juegos HaloInfinite
ESI10	|	SET e3:microsoft:juegos KingdomHearts3
ESI10	|	STORE e3:microsoft:juegos 
ESI11	|	GET e3:sony:juegos 
ESI11	|	GET e3:microsoft:juegos 
ESI11	|	SET e3:sony:juegos TLOU2
ESI11	|	SET e3:sony:juegos Spiderman
ESI11	|	SET e3:sony:juegos GhostOfTsushima
ESI11	|	SET e3:sony:juegos DeathStranding
ESI11	|	SET e3:sony:juegos ResidenEvil2Remake
ESI11	|	SET e3:sony:juegos Destiny2DLCForsaken
ESI11	|	SET e3:microsoft:juegos DLCCuphead
ESI11	|	SET e3:microsoft:juegos ForzaHorizon4
ESI11	|	SET e3:microsoft:juegos Gears5
ESI11	|	SET e3:microsoft:juegos MetroExodus
ESI11	|	SET e3:microsoft:juegos Fallout76
ESI11	|	SET e3:microsoft:juegos TheDivision2
ESI11	|	SET e3:microsoft:juegos DyingLight2
ESI11	|	SET e3:microsoft:juegos Crackdown3
ESI11	|	SET e3:microsoft:juegos HaloInfinite
ESI11	|	SET e3:microsoft:juegos KingdomHearts3
ESI11	|	STORE e3:microsoft:juegos 
ESI11	|	STORE e3:sony:juegos 
ESI13	|	GET e3:sony:juegos 
ESI13	|	GET e3:microsoft:juegos 
ESI13	|	SET e3:sony:juegos TLOU2
ESI13	|	SET e3:sony:juegos Spiderman
ESI13	|	SET e3:sony:juegos GhostOfTsushima
ESI13	|	SET e3:sony:juegos DeathStranding
ESI13	|	SET e3:sony:juegos ResidenEvil2Remake
ESI13	|	SET e3:sony:juegos Destiny2DLCForsaken
ESI13	|	SET e3:microsoft:juegos DLCCuphead
ESI13	|	SET e3:microsoft:juegos ForzaHorizon4
ESI13	|	SET e3:microsoft:juegos Gears5
ESI13	|	SET e3:microsoft:juegos MetroExodus
ESI13	|	SET e3:microsoft:juegos Fallout76
ESI13	|	SET e3:microsoft:juegos TheDivision2
ESI13	|	SET e3:microsoft:juegos DyingLight2
ESI13	|	SET e3:microsoft:juegos Crackdown3
ESI13	|	SET e3:microsoft:juegos HaloInfinite
ESI13	|	SET e3:microsoft:juegos KingdomHearts3
ESI13	|	STORE e3:microsoft:juegos 
ESI13	|	STORE e3:sony:juegos 
ESI15	|	GET e3:sony:juegos 
ESI15	|	GET e3:microsoft:juegos 
ESI15	|	SET e3:sony:juegos TLOU2
ESI15	|	SET e3:sony:juegos Spiderman
ESI15	|	SET e3:sony:juegos GhostOfTsushima
ESI15	|	SET e3:sony:juegos DeathStranding
ESI15	|	SET e3:sony:juegos ResidenEvil2Remake
ESI15	|	SET e3:sony:juegos Destiny2DLCForsaken
ESI15	|	SET e3:microsoft:juegos DLCCuphead
ESI15	|	SET e3:microsoft:juegos ForzaHorizon4
ESI15	|	SET e3:microsoft:juegos Gears5
ESI15	|	SET e3:microsoft:juegos MetroExodus
ESI15	|	SET e3:microsoft:juegos Fallout76
ESI15	|	SET e3:microsoft:juegos TheDivision2
ESI15	|	SET e3:microsoft:juegos DyingLight2
ESI15	|	SET e3:microsoft:juegos Crackdown3
ESI15	|	SET e3:microsoft:juegos HaloInfinite
ESI15	|	SET e3:microsoft:juegos KingdomHearts3
ESI15	|	STORE e3:microsoft:juegos 
ESI15	|	STORE e3:sony:juegos 
ESI17	|	GET e3:sony:juegos 
ESI17	|	GET e3:microsoft:juegos 
ESI17	|	SET e3:sony:juegos TLOU2
ESI17	|	SET e3:sony:juegos Spiderman
ESI17	|	SET e3:sony:juegos GhostOfTsushima
ESI17	|	SET e3:sony:juegos DeathStranding
ESI17	|	SET e3:sony:juegos ResidenEvil2Remake
ESI17	|	SET e3:sony:juegos Destiny2DLCForsaken
ESI17	|	SET e3:microsoft:juegos DLCCuphead
ESI17	|	SET e3:microsoft:juegos ForzaHorizon4
ESI17	|	SET e3:microsoft:juegos Gears5
ESI17	|	SET e3:microsoft:juegos MetroExodus
ESI17	|	SET e3:microsoft:juegos Fallout76
ESI17	|	SET e3:microsoft:juegos TheDivision2
ESI17	|	SET e3:microsoft:juegos DyingLight2
ESI17	|	SET e3:microsoft:juegos Crackdown3
ESI17	|	SET e3:microsoft:juegos HaloInfinite
ESI17	|	SET e3:microsoft:juegos KingdomHearts3
ESI17	|	STORE e3:microsoft:juegos 
ESI17	|	STORE e3:sony:juegos 
ESI19	|	GET e3:sony:juegos 
ESI19	|	GET e3:microsoft:juegos 
ESI19	|	SET e3:sony:juegos TLOU2
ESI19	|	SET e3:sony:juegos Spiderman
ESI19	|	SET e3:sony:juegos GhostOfTsushima
ESI19	|	SET e3:sony:juegos DeathStranding
ESI19	|	SET e3:sony:juegos ResidenEvil2Remake
ESI19	|	SET e3:sony:juegos Destiny2DLCForsaken
ESI19	|	SET e3:microsoft:juegos DLCCuphead
ESI19	|	SET e3:microsoft:juegos ForzaHorizon4
ESI19	|	SET e3:microsoft:juegos Gears5
ESI19	|	SET e3:microsoft:juegos MetroExodus
ESI19	|	SET e3:microsoft:juegos Fallout76
ESI19	|	SET e3:microsoft:juegos TheDivision2
ESI19	|	SET e3:microsoft:juegos DyingLight2
ESI19	|	SET e3:microsoft:juegos Crackdown3
ESI19	|	SET e3:microsoft:juegos HaloInfinite
ESI19	|	SET e3:microsoft:juegos KingdomHearts3
ESI19	|	STORE e3:microsoft:juegos 
ESI19	|	STORE e3:sony:juegos 
ESI10	|	GET e3:sony:juegos 
ESI10	|	GET e3:microsoft:juegos 
ESI10	|	SET e3:sony:juegos TLOU2
ESI10	|	GET e3:sony:juegos 
ESI10	|	GET e3:microsoft:juegos 
ESI10	|	SET e3:sony:juegos TLOU2
ESI10	|	GET e3:sony:juegos 
ESI10	|	GET e3:microsoft:juegos 
ESI10	|	SET e3:sony:juegos TLOU2
ESI10	|	SET e3:sony:juegos Spiderman
ESI10	|	SET e3:sony:juegos GhostOfTsushima
ESI10	|	SET e3:sony:juegos DeathStranding
ESI10	|	SET e3:sony:juegos ResidenEvil2Remake
ESI10	|	SET e3:sony:juegos Destiny2DLCForsaken
ESI10	|	SET e3:microsoft:juegos DLCCuphead
ESI10	|	SET e3:microsoft:juegos ForzaHorizon4
ESI10	|	SET e3:microsoft:juegos Gears5
ESI10	|	SET e3:microsoft:juegos MetroExodus
ESI10	|	SET e3:microsoft:juegos Fallout76
ESI10	|	SET e3:microsoft:juegos TheDivision2
ESI10	|	SET e3:microsoft:juegos DyingLight2
ESI10	|	SET e3:microsoft:juegos Crackdown3
ESI10	|	SET e3:microsoft:juegos HaloInfinite
ESI10	|	SET e3:microsoft:juegos KingdomHearts3
ESI10	|	STORE e3:microsoft:juegos 
ESI10	|	STORE e3:sony:juegos 
ESI13	|	GET a 
ESI13	|	GET b 
ESI13	|	GET c 
ESI13	|	GET d 
ESI13	|	GET e 
ESI13	|	GET f 
ESI13	|	GET g 
ESI13	|	GET h 
ESI13	|	GET i 
ESI13	|	GET j 
ESI13	|	GET k 
ESI13	|	GET ll 
ESI13	|	GET m 
ESI13	|	GET o 
ESI13	|	GET p 
ESI13	|	GET q 
ESI13	|	GET r 
ESI13	|	GET s 
ESI13	|	GET t 
ESI13	|	GET u 
ESI13	|	GET v 
ESI13	|	GET w 
ESI13	|	GET x 
ESI13	|	GET y 
ESI13	|	GET z 
ESI13	|	SET a MENEM
ESI13	|	SET b MENEM
ESI13	|	SET c MENEM
ESI13	|	GET a 
ESI13	|	GET b 
ESI13	|	GET c 
ESI13	|	GET d 
ESI13	|	GET e 
ESI13	|	GET f 
ESI13	|	GET g 
ESI13	|	GET h 
ESI13	|	GET i 
ESI13	|	GET j 
ESI13	|	GET k 
ESI13	|	GET ll 
ESI13	|	GET m 
ESI13	|	GET o 
ESI13	|	GET p 
ESI13	|	GET q 
ESI13	|	GET r 
ESI13	|	GET s 
ESI13	|	GET t 
ESI13	|	GET u 
ESI13	|	GET v 
ESI13	|	GET w 
ESI13	|	GET x 
ESI13	|	GET y 
ESI13	|	GET z 
ESI13	|	SET a MENEM
ESI13	|	SET b MENEM
ESI13	|	SET c MENEM
ESI13	|	SET d MENEM
ESI13	|	SET e MENEM
ESI13	|	SET f MENEM
ESI13	|	SET g MENEM
ESI13	|	SET h MENEM
ESI13	|	SET i MENEM
ESI13	|	SET j MENEM
ESI13	|	SET k MENEM
ESI13	|	SET ll MENEM
ESI13	|	SET m MENEM
ESI13	|	SET o MENEM
ESI13	|	SET p MENEM
ESI13	|	SET q MENEM
ESI13	|	SET r MENEM
ESI13	|	SET s MENEM
ESI13	|	SET t MENEM
ESI13	|	SET u MENEM
ESI13	|	SET v MENEM
ESI13	|	SET w MENEM
ESI13	|	SET x MENEM
ESI13	|	SET y MENEM
ESI13	|	SET z MENEM
ESI13	|	GET a 
ESI13	|	GET b 
ESI13	|	GET c 
ESI13	|	GET d 
ESI13	|	GET e 
ESI13	|	GET f 
ESI13	|	GET g 
ESI13	|	GET h 
ESI13	|	GET i 
ESI13	|	GET j 
ESI13	|	GET k 
ESI13	|	GET ll 
ESI13	|	GET m 
ESI13	|	GET n 
ESI13	|	GET o 
ESI13	|	GET p 
ESI13	|	GET q 
ESI13	|	GET r 
ESI13	|	GET s 
ESI13	|	GET t 
ESI13	|	GET u 
ESI13	|	GET v 
ESI13	|	GET w 
ESI13	|	GET x 
ESI13	|	GET y 
ESI13	|	GET z 
ESI13	|	SET a MENEM
ESI13	|	SET b MENEM
ESI13	|	SET c MENEM
ESI13	|	SET d MENEM
ESI13	|	SET e MENEM
ESI13	|	SET f MENEM
ESI13	|	SET g MENEM
ESI13	|	SET h MENEM
ESI13	|	SET i MENEM
ESI13	|	SET j MENEM
ESI13	|	SET k MENEM
ESI13	|	SET ll MENEM
ESI13	|	SET m MENEM
ESI13	|	SET n MENEM
ESI13	|	SET o MENEM
ESI13	|	GET a 
ESI13	|	GET b 
ESI13	|	GET c 
ESI13	|	GET d 
ESI13	|	GET e 
ESI13	|	GET f 
ESI13	|	GET g 
ESI13	|	GET h 
ESI13	|	GET i 
ESI13	|	GET j 
ESI13	|	GET k 
ESI13	|	GET ll 
ESI13	|	GET m 
ESI13	|	GET n 
ESI13	|	GET o 
ESI13	|	GET p 
ESI13	|	GET q 
ESI13	|	GET r 
ESI13	|	GET s 
ESI13	|	GET t 
ESI13	|	GET u 
ESI13	|	GET v 
ESI13	|	GET w 
ESI13	|	GET x 
ESI13	|	GET y 
ESI13	|	GET z 
ESI13	|	SET a MENEM
ESI13	|	SET b MENEM
ESI13	|	SET c MENEM
ESI13	|	SET d MENEM
ESI13	|	SET e MENEM
ESI13	|	SET f MENEM
ESI13	|	SET g MENEM
ESI13	|	SET h MENEM
ESI13	|	SET i MENEM
ESI13	|	SET j MENEM
ESI13	|	SET k MENEM
ESI13	|	SET ll MENEM
ESI13	|	SET m MENEM
ESI13	|	SET n MENEM
ESI13	|	SET o MENEM
ESI13	|	GET a 
ESI13	|	GET b 
ESI13	|	GET c 
ESI13	|	GET d 
ESI13	|	GET e 
ESI13	|	GET f 
ESI13	|	GET g 
ESI13	|	GET h 
ESI13	|	GET i 
ESI13	|	GET j 
ESI13	|	GET k 
ESI13	|	GET ll 
ESI13	|	GET m 
ESI13	|	GET n 
ESI13	|	GET o 
ESI13	|	GET p 
ESI13	|	GET q 
ESI13	|	GET r 
ESI13	|	GET s 
ESI13	|	GET t 
ESI13	|	GET u 
ESI13	|	GET v 
ESI13	|	GET w 
ESI13	|	GET x 
ESI13	|	GET y 
ESI13	|	GET z 
ESI13	|	SET a MENEM
ESI13	|	SET b MENEM
ESI13	|	SET c MENEM
ESI13	|	SET d MENEM
ESI13	|	SET e MENEM
ESI13	|	SET f MENEM
ESI13	|	SET g MENEM
ESI13	|	SET h MENEM
ESI13	|	SET i MENEM
ESI13	|	SET j MENEM
ESI13	|	SET k MENEM
ESI13	|	SET ll MENEM
ESI13	|	SET m MENEM
ESI13	|	SET n MENEM
ESI13	|	SET o MENEM
ESI13	|	SET p MENEM
ESI13	|	SET q MENEM
ESI13	|	SET r MENEM
ESI13	|	SET s MENEM
ESI13	|	SET t MENEM
ESI13	|	SET u MENEM
ESI13	|	SET v MENEM
ESI13	|	SET w MENEM
ESI13	|	SET x MENEM
ESI13	|	SET y MENEM
ESI13	|	SET z MENEM
ESI15	|	GET e3:sony:juegos 
ESI15	|	GET e3:microsoft:juegos 
ESI15	|	SET e3:sony:juegos TLOU2
ESI15	|	SET e3:sony:juegos Spiderman
ESI15	|	SET e3:sony:juegos GhostOfTsushima
ESI15	|	SET e3:sony:juegos DeathStranding
ESI15	|	SET e3:sony:juegos ResidenEvil2Remake
ESI15	|	SET e3:sony:juegos Destiny2DLCForsaken
ESI15	|	SET e3:microsoft:juegos DLCCuphead
ESI15	|	SET e3:microsoft:juegos ForzaHorizon4
ESI15	|	SET e3:microsoft:juegos Gears5
ESI15	|	SET e3:microsoft:juegos MetroExodus
ESI15	|	SET e3:microsoft:juegos Fallout76
ESI15	|	SET e3:microsoft:juegos TheDivision2
ESI15	|	SET e3:microsoft:juegos DyingLight2
ESI15	|	SET e3:microsoft:juegos Crackdown3
ESI15	|	SET e3:microsoft:juegos HaloInfinite
ESI15	|	SET e3:microsoft:juegos KingdomHearts3
ESI15	|	STORE e3:microsoft:juegos 
ESI15	|	STORE e3:sony:juegos 
ESI12	|	GET sandwich:bondiola:simple 
ESI12	|	GET sandwich:bondiola:jyq 
ESI12	|	GET sandwich:bondiola:completo 
ESI12	|	GET sandwich:lomo:simple 
ESI12	|	GET sandwich:lomo:jyq 
ESI12	|	GET sandwich:lomo:completo 
ESI12	|	GET sandwich:vacio:simple 
ESI12	|	GET sandwich:vacio:jyq 
ESI12	|	GET sandwich:vacio:completo 
ESI12	|	GET sandwich:choripan 
ESI12	|	GET sandwich:morcipan 
ESI12	|	GET parrilla:chinchulines 
ESI12	|	GET parrilla:rinion 
ESI12	|	GET parrilla:tiraasado 
ESI12	|	GET parrilla:vacio 
ESI12	|	GET parrilla:entrania 
ESI12	|	GET parrilla:bifedelomo 
ESI12	|	GET parrilla:matambre:simple 
ESI12	|	GET parrilla:matambre:alapizza 
ESI12	|	GET parrilla:ojodebife 
ESI12	|	GET parrilla:molleja 
ESI12	|	GET parrilla:pareja 
ESI12	|	GET cocina:papasfritas 
ESI12	|	GET cocina:batatasfritas 
ESI12	|	GET cocina:tallarines 
ESI12	|	GET cocina:ravioles 
ESI12	|	GET cocina:nioquis 
ESI12	|	GET cocina:suprema 
ESI12	|	GET cocina:milanesa:carne 
ESI12	|	GET cocina:milanesa:pollo 
ESI12	|	SET sandwich:bondiola:simple panbondiola
ESI9	|	GET sandwich:bondiola:simple 
ESI9	|	GET sandwich:bondiola:jyq 
ESI9	|	GET sandwich:bondiola:completo 
ESI9	|	GET sandwich:lomo:simple 
ESI9	|	GET sandwich:lomo:jyq 
ESI9	|	GET sandwich:lomo:completo 
ESI9	|	GET sandwich:vacio:simple 
ESI9	|	GET sandwich:vacio:jyq 
ESI9	|	GET sandwich:vacio:completo 
ESI9	|	GET sandwich:choripan 
ESI9	|	GET sandwich:morcipan 
ESI9	|	GET parrilla:chinchulines 
ESI9	|	GET parrilla:rinion 
ESI9	|	GET parrilla:tiraasado 
ESI9	|	GET parrilla:vacio 
ESI9	|	GET parrilla:entrania 
ESI9	|	GET parrilla:bifedelomo 
ESI9	|	GET parrilla:matambre:simple 
ESI9	|	GET parrilla:matambre:alapizza 
ESI9	|	GET parrilla:ojodebife 
ESI9	|	GET parrilla:molleja 
ESI9	|	GET parrilla:pareja 
ESI9	|	GET cocina:papasfritas 
ESI9	|	GET cocina:batatasfritas 
ESI9	|	GET cocina:tallarines 
ESI9	|	GET cocina:ravioles 
ESI9	|	GET cocina:nioquis 
ESI9	|	GET cocina:suprema 
ESI9	|	GET cocina:milanesa:carne 
ESI9	|	GET cocina:milanesa:pollo 
ESI9	|	SET sandwich:bondiola:simple panbondiola
ESI11	|	GET sandwich:bondiola:simple 
ESI10	|	GET sandwich:bondiola:simple 
ESI10	|	GET sandwich:bondiola:jyq 
ESI10	|	GET sandwich:bondiola:completo 
ESI10	|	GET sandwich:lomo:simple 
ESI10	|	GET sandwich:lomo:jyq 
ESI10	|	GET sandwich:lomo:completo 
ESI10	|	GET sandwich:vacio:simple 
ESI10	|	GET sandwich:vacio:jyq 
ESI10	|	GET sandwich:vacio:completo 
ESI10	|	GET sandwich:choripan 
ESI10	|	GET sandwich:morcipan 
ESI10	|	GET parrilla:chinchulines 
ESI10	|	GET parrilla:rinion 
ESI10	|	GET parrilla:tiraasado 
ESI10	|	GET parrilla:vacio 
ESI10	|	GET parrilla:entrania 
ESI10	|	GET parrilla:bifedelomo 
ESI10	|	GET parrilla:matambre:simple 
ESI10	|	GET parrilla:matambre:alapizza 
ESI10	|	GET parrilla:ojodebife 
ESI10	|	GET parrilla:molleja 
ESI10	|	GET parrilla:pareja 
ESI10	|	GET cocina:papasfritas 
ESI10	|	GET cocina:batatasfritas 
ESI10	|	GET cocina:tallarines 
ESI10	|	GET cocina:ravioles 
ESI10	|	GET cocina:nioquis 
ESI10	|	GET cocina:suprema 
ESI10	|	GET cocina:milanesa:carne 
ESI10	|	GET cocina:milanesa:pollo 
ESI10	|	SET sandwich:bondiola:simple panbondiola
ESI10	|	GET sandwich:bondiola:simple 
ESI10	|	GET sandwich:bondiola:jyq 
ESI10	|	GET sandwich:bondiola:completo 
ESI10	|	GET sandwich:lomo:simple 
ESI10	|	GET sandwich:lomo:jyq 
ESI10	|	GET sandwich:lomo:completo 
ESI10	|	GET sandwich:vacio:simple 
ESI10	|	GET sandwich:vacio:jyq 
ESI10	|	GET sandwich:vacio:completo 
ESI10	|	GET sandwich:choripan 
ESI10	|	GET sandwich:morcipan 
ESI10	|	GET parrilla:chinchulines 
ESI10	|	GET parrilla:rinion 
ESI10	|	GET parrilla:tiraasado 
ESI10	|	GET parrilla:vacio 
ESI10	|	GET parrilla:entrania 
ESI10	|	GET parrilla:bifedelomo 
ESI10	|	GET parrilla:matambre:simple 
ESI10	|	GET parrilla:matambre:alapizza 
ESI10	|	GET parrilla:ojodebife 
ESI10	|	GET parrilla:molleja 
ESI10	|	GET parrilla:pareja 
ESI10	|	GET cocina:papasfritas 
ESI10	|	GET cocina:batatasfritas 
ESI10	|	GET cocina:tallarines 
ESI10	|	GET cocina:ravioles 
ESI10	|	GET cocina:nioquis 
ESI10	|	GET cocina:suprema 
ESI10	|	GET cocina:milanesa:carne 
ESI10	|	GET cocina:milanesa:pollo 
ESI10	|	SET sandwich:bondiola:simple panbondiola
ESI10	|	GET sandwich:bondiola:simple 
ESI10	|	GET sandwich:bondiola:jyq 
ESI10	|	GET sandwich:bondiola:completo 
ESI10	|	GET sandwich:lomo:simple 
ESI10	|	GET sandwich:lomo:jyq 
ESI10	|	GET sandwich:lomo:completo 
ESI10	|	GET sandwich:vacio:simple 
ESI10	|	GET sandwich:vacio:jyq 
ESI10	|	GET sandwich:vacio:completo 
ESI10	|	GET sandwich:choripan 
ESI10	|	GET sandwich:morcipan 
ESI10	|	GET parrilla:chinchulines 
ESI10	|	GET parrilla:rinion 
ESI10	|	GET parrilla:tiraasado 
ESI10	|	GET parrilla:vacio 
ESI10	|	GET parrilla:entrania 
ESI10	|	GET parrilla:bifedelomo 
ESI10	|	GET parrilla:matambre:simple 
ESI10	|	GET parrilla:matambre:alapizza 
ESI10	|	GET parrilla:ojodebife 
ESI10	|	GET parrilla:molleja 
ESI10	|	GET parrilla:pareja 
ESI10	|	GET cocina:papasfritas 
ESI10	|	GET cocina:batatasfritas 
ESI10	|	GET cocina:tallarines 
ESI10	|	GET cocina:ravioles 
ESI10	|	GET cocina:nioquis 
ESI10	|	GET cocina:suprema 
ESI10	|	GET cocina:milanesa:carne 
ESI10	|	GET cocina:milanesa:pollo 
ESI10	|	SET sandwich:bondiola:simple panbondiola
ESI11	|	GET sandwich:bondiola:simple 
ESI11	|	GET sandwich:bondiola:jyq 
ESI11	|	GET sandwich:bondiola:completo 
ESI11	|	GET sandwich:lomo:simple 
ESI11	|	GET sandwich:lomo:jyq 
ESI11	|	GET sandwich:lomo:completo 
ESI11	|	GET sandwich:vacio:simple 
ESI11	|	GET sandwich:vacio:jyq 
ESI11	|	GET sandwich:vacio:completo 
ESI11	|	GET sandwich:choripan 
ESI11	|	GET sandwich:morcipan 
ESI11	|	GET parrilla:chinchulines 
ESI11	|	GET parrilla:rinion 
ESI11	|	GET parrilla:tiraasado 
ESI11	|	GET parrilla:vacio 
ESI11	|	GET parrilla:entrania 
ESI11	|	GET parrilla:bifedelomo 
ESI11	|	GET parrilla:matambre:simple 
ESI11	|	GET parrilla:matambre:alapizza 
ESI11	|	GET parrilla:ojodebife 
ESI11	|	GET parrilla:molleja 
ESI11	|	GET parrilla:pareja 
ESI11	|	GET cocina:papasfritas 
ESI11	|	GET cocina:batatasfritas 
ESI11	|	GET cocina:tallarines 
ESI11	|	GET cocina:ravioles 
ESI11	|	GET cocina:nioquis 
ESI11	|	GET cocina:suprema 
ESI11	|	GET cocina:milanesa:carne 
ESI11	|	GET cocina:milanesa:pollo 
ESI11	|	SET sandwich:bondiola:simple panbondiola
ESI9	|	GET sandwich:bondiola:simple 
ESI9	|	GET sandwich:bondiola:jyq 
ESI9	|	GET sandwich:bondiola:completo 
ESI9	|	GET sandwich:lomo:simple 
ESI9	|	GET sandwich:lomo:jyq 
ESI9	|	GET sandwich:lomo:completo 
ESI9	|	GET sandwich:vacio:simple 
ESI9	|	GET sandwich:vacio:jyq 
ESI9	|	GET sandwich:vacio:completo 
ESI9	|	GET sandwich:choripan 
ESI9	|	GET sandwich:morcipan 
ESI9	|	GET parrilla:chinchulines 
ESI9	|	GET parrilla:rinion 
ESI9	|	GET parrilla:tiraasado 
ESI9	|	GET parrilla:vacio 
ESI9	|	GET parrilla:entrania 
ESI9	|	GET parrilla:bifedelomo 
ESI9	|	GET parrilla:matambre:simple 
ESI9	|	GET parrilla:matambre:alapizza 
ESI9	|	GET parrilla:ojodebife 
ESI9	|	GET sandwich:bondiola:simple 
ESI9	|	GET sandwich:bondiola:jyq 
ESI9	|	GET sandwich:bondiola:completo 
ESI9	|	GET sandwich:lomo:simple 
ESI9	|	GET sandwich:lomo:jyq 
ESI9	|	GET sandwich:lomo:completo 
ESI9	|	GET sandwich:vacio:simple 
ESI9	|	GET sandwich:vacio:jyq 
ESI9	|	GET sandwich:vacio:completo 
ESI9	|	GET sandwich:choripan 
ESI9	|	GET sandwich:morcipan 
ESI9	|	GET parrilla:chinchulines 
ESI9	|	GET parrilla:rinion 
ESI9	|	GET parrilla:tiraasado 
ESI9	|	GET parrilla:vacio 
ESI9	|	GET parrilla:entrania 
ESI9	|	GET parrilla:bifedelomo 
ESI9	|	GET parrilla:matambre:simple 
ESI9	|	GET parrilla:matambre:alapizza 
ESI9	|	GET parrilla:ojodebife 
ESI9	|	GET parrilla:molleja 
ESI9	|	GET parrilla:pareja 
ESI9	|	GET cocina:papasfritas 
ESI9	|	GET cocina:batatasfritas 
ESI9	|	GET cocina:tallarines 
ESI9	|	GET cocina:ravioles 
ESI9	|	GET cocina:nioquis 
ESI9	|	GET cocina:suprema 
ESI9	|	GET cocina:milanesa:carne 
ESI9	|	GET cocina:milanesa:pollo 
ESI9	|	SET sandwich:bondiola:simple panbondiola
ESI10	|	GET sandwich:bondiola:simple 
ESI10	|	GET sandwich:bondiola:simple 
ESI10	|	GET sandwich:bondiola:jyq 
ESI10	|	GET sandwich:bondiola:completo 
ESI10	|	GET sandwich:lomo:simple 
ESI10	|	GET sandwich:lomo:jyq 
ESI10	|	GET sandwich:lomo:completo 
ESI10	|	GET sandwich:vacio:simple 
ESI10	|	GET sandwich:vacio:jyq 
ESI10	|	GET sandwich:vacio:completo 
ESI10	|	GET sandwich:choripan 
ESI10	|	GET sandwich:morcipan 
ESI10	|	GET parrilla:chinchulines 
ESI10	|	GET parrilla:rinion 
ESI10	|	GET parrilla:tiraasado 
ESI10	|	GET parrilla:vacio 
ESI10	|	GET parrilla:entrania 
ESI10	|	GET parrilla:bifedelomo 
ESI10	|	GET parrilla:matambre:simple 
ESI10	|	GET parrilla:matambre:alapizza 
ESI10	|	GET parrilla:ojodebife 
ESI10	|	GET parrilla:molleja 
ESI10	|	GET parrilla:pareja 
ESI10	|	GET cocina:papasfritas 
ESI10	|	GET cocina:batatasfritas 
ESI10	|	GET cocina:tallarines 
ESI10	|	GET cocina:ravioles 
ESI10	|	GET cocina:nioquis 
ESI10	|	GET cocina:suprema 
ESI10	|	GET cocina:milanesa:carne 
ESI10	|	GET cocina:milanesa:pollo 
ESI10	|	SET sandwich:bondiola:simple panbondiola
ESI10	|	SET sandwich:bondiola:jyq panjamonquesobondiola
ESI10	|	SET sandwich:bondiola:completo panjamonquesolechugatomatebondiola
ESI10	|	SET sandwich:lomo:simple panlomo
ESI10	|	SET sandwich:lomo:jyq panjamonquesolomo
ESI10	|	SET sandwich:lomo:completo panjamonquesolechugatomatelomo
ESI10	|	SET sandwich:vacio:simple panvacio
ESI10	|	SET sandwich:vacio:jyq panjamonquesovacio
ESI10	|	SET sandwich:vacio:completo panjamonquesolechugatomatevacio
ESI10	|	SET sandwich:choripan panchorizo
ESI10	|	SET sandwich:morcipan panmorcilla
ESI10	|	SET parrilla:chinchulines chinchulineslimon
ESI10	|	SET parrilla:rinion rinionylimon
ESI10	|	SET parrilla:tiraasado porcionde3o4huesos
ESI10	|	SET parrilla:vacio vacioconfritas
ESI10	|	SET parrilla:entrania entraniaconfritas
ESI10	|	SET parrilla:bifedelomo bifeconfritas
ESI10	|	SET parrilla:matambre:simple matambrefritas
ESI10	|	SET parrilla:matambre:alapizza matambrejamonquesooregano
ESI10	|	SET parrilla:ojodebife ojodebifeconfritas
ESI10	|	SET parrilla:molleja mollejaconlimon
ESI10	|	SET parrilla:pareja chorizoymorcilla
ESI10	|	SET cocina:papasfritas papayaceite
ESI10	|	SET cocina:batatasfritas batatayaceite
ESI10	|	SET cocina:tallarines tallarinescontuco
ESI10	|	SET cocina:ravioles raviolesdejyqcontuco
ESI10	|	SET cocina:nioquis nioquisdepapacontuco
ESI10	|	SET cocina:suprema supremaalamaryland
ESI10	|	SET cocina:milanesa:carne milanesadecarneconfritas
ESI10	|	SET cocina:milanesa:pollo milanesadepolloconfritas
ESI10	|	STORE sandwich:bondiola:simple 
