[TRACE] 10:46:06:513 Instancia/(15544:15544): Conectado a Coordinador OK.

[TRACE] 10:46:06:514 Instancia/(15544:15544): Se inicializó la Instancia, se encontraron 0 entradas de una ejecución anterior.
[TRACE] 10:54:47:644 Instancia/(15544:15544): Se recibe instruccion SET.

[TRACE] 10:54:47:644 Instancia/(15544:15544): Se escribió con exito sobre la entrada 0 y con un total de 1 entradas.
[TRACE] 10:54:47:924 Instancia/(15544:15544): Se recibe instruccion SET.

[TRACE] 10:54:47:964 Instancia/(15544:15544): Se escribió con exito sobre la entrada 0 y con un total de 1 entradas.
[TRACE] 10:54:48:204 Instancia/(15544:15544): Se recibe instruccion SET.

[TRACE] 10:54:48:245 Instancia/(15544:15544): Se escribió con exito sobre la entrada 0 y con un total de 1 entradas.
[TRACE] 10:54:48:484 Instancia/(15544:15544): Se recibe instruccion SET.

[TRACE] 10:54:48:524 Instancia/(15544:15544): Se escribió con exito sobre la entrada 0 y con un total de 1 entradas.
[TRACE] 10:54:48:764 Instancia/(15544:15544): Se recibe instruccion SET.

[TRACE] 10:54:48:804 Instancia/(15544:15544): Se escribió con exito sobre la entrada 0 y con un total de 1 entradas.
[TRACE] 10:54:49:44 Instancia/(15544:15544): Se recibe instruccion SET.

[TRACE] 10:54:49:84 Instancia/(15544:15544): Se escribió con exito sobre la entrada 0 y con un total de 1 entradas.
[TRACE] 10:54:52:404 Instancia/(15544:15544): Se recibe instruccion STORE.

[TRACE] 10:54:52:444 Instancia/(15544:15544): Se leyó con exito el value de la clave e3:sony:juegos.
[TRACE] 10:54:55:364 Instancia/(15544:15544): Se recibe instruccion SET.

[TRACE] 10:54:55:404 Instancia/(15544:15544): Se escribió con exito sobre la entrada 1 y con un total de 1 entradas.
[TRACE] 10:54:56:204 Instancia/(15544:15544): Se recibe instruccion SET.

[TRACE] 10:54:56:244 Instancia/(15544:15544): Se escribió con exito sobre la entrada 2 y con un total de 1 entradas.
[TRACE] 10:54:57:44 Instancia/(15544:15544): Se recibe instruccion SET.

[TRACE] 10:54:57:84 Instancia/(15544:15544): Se escribió con exito sobre la entrada 3 y con un total de 1 entradas.
[TRACE] 10:54:58:165 Instancia/(15544:15544): Se recibe instruccion STORE.

[TRACE] 10:54:58:204 Instancia/(15544:15544): Se leyó con exito el value de la clave postre:ingrediente2.
[TRACE] 10:54:59:16 Instancia/(15544:15544): Se recibe instruccion STORE.

[TRACE] 10:54:59:56 Instancia/(15544:15544): Se leyó con exito el value de la clave postre:ingrediente5.
[TRACE] 10:54:59:856 Instancia/(15544:15544): Se recibe instruccion STORE.

[TRACE] 10:54:59:896 Instancia/(15544:15544): Se leyó con exito el value de la clave postre:ingrediente8.
[TRACE] 10:55:04:68 Instancia/(15544:15544): Se recibe instruccion SET.

[TRACE] 10:55:04:108 Instancia/(15544:15544): Se escribió con exito sobre la entrada 4 y con un total de 1 entradas.
[TRACE] 10:55:04:908 Instancia/(15544:15544): Se recibe instruccion SET.

[TRACE] 10:55:04:948 Instancia/(15544:15544): Se escribió con exito sobre la entrada 5 y con un total de 1 entradas.
[TRACE] 10:55:05:748 Instancia/(15544:15544): Se recibe instruccion SET.

[TRACE] 10:55:05:788 Instancia/(15544:15544): Se escribió con exito sobre la entrada 6 y con un total de 1 entradas.
[TRACE] 10:55:06:588 Instancia/(15544:15544): Se recibe instruccion SET.

[TRACE] 10:55:06:628 Instancia/(15544:15544): Se escribió con exito sobre la entrada 7 y con un total de 1 entradas.
[TRACE] 10:55:07:432 Instancia/(15544:15544): Se recibe instruccion SET.

[TRACE] 10:55:07:472 Instancia/(15544:15544): Se escribió con exito sobre la entrada 8 y con un total de 1 entradas.
[TRACE] 10:55:29:160 Instancia/(15544:15544): Se recibe instruccion SET.

[TRACE] 10:55:39:683 Instancia/(16628:16628): Conectado a Coordinador OK.

[TRACE] 10:55:39:683 Instancia/(16628:16628): Se inicializó la Instancia, se encontraron 0 entradas de una ejecución anterior.
[TRACE] 10:56:15:348 Instancia/(16628:16628): Se recibe instruccion SET.

[TRACE] 10:56:15:348 Instancia/(16628:16628): Se escribió con exito sobre la entrada 0 y con un total de 1 entradas.
[TRACE] 10:56:15:628 Instancia/(16628:16628): Se recibe instruccion SET.

[TRACE] 10:56:15:668 Instancia/(16628:16628): Se escribió con exito sobre la entrada 0 y con un total de 1 entradas.
[TRACE] 10:56:15:908 Instancia/(16628:16628): Se recibe instruccion SET.

[TRACE] 10:56:15:948 Instancia/(16628:16628): Se escribió con exito sobre la entrada 0 y con un total de 1 entradas.
[TRACE] 10:56:16:188 Instancia/(16628:16628): Se recibe instruccion SET.

[TRACE] 10:56:16:228 Instancia/(16628:16628): Se escribió con exito sobre la entrada 0 y con un total de 1 entradas.
[TRACE] 10:56:16:468 Instancia/(16628:16628): Se recibe instruccion SET.

[TRACE] 10:56:16:508 Instancia/(16628:16628): Se escribió con exito sobre la entrada 0 y con un total de 1 entradas.
[TRACE] 10:56:16:748 Instancia/(16628:16628): Se recibe instruccion SET.

[TRACE] 10:56:16:788 Instancia/(16628:16628): Se escribió con exito sobre la entrada 0 y con un total de 1 entradas.
[TRACE] 11:06:46:32 Instancia/(16628:16628): Se recibe instruccion SET.

[ERROR] 11:08:27:851 Instancia/(16851:16851): Error al conectar al Coordinador.

[TRACE] 11:08:33:44 Instancia/(16859:16859): Conectado a Coordinador OK.

[TRACE] 11:08:33:44 Instancia/(16859:16859): Se inicializó la Instancia, se encontraron 0 entradas de una ejecución anterior.
[TRACE] 11:08:53:153 Instancia/(16859:16859): Se recibe instruccion SET.

[TRACE] 11:08:53:155 Instancia/(16859:16859): Se escribió con exito sobre la entrada 0 y con un total de 1 entradas.
[TRACE] 11:08:53:432 Instancia/(16859:16859): Se recibe instruccion SET.

[TRACE] 11:08:53:472 Instancia/(16859:16859): Se escribió con exito sobre la entrada 0 y con un total de 1 entradas.
[TRACE] 11:08:53:712 Instancia/(16859:16859): Se recibe instruccion SET.

[TRACE] 11:08:53:752 Instancia/(16859:16859): Se escribió con exito sobre la entrada 0 y con un total de 1 entradas.
[TRACE] 11:08:53:992 Instancia/(16859:16859): Se recibe instruccion SET.

[TRACE] 11:08:54:32 Instancia/(16859:16859): Se escribió con exito sobre la entrada 0 y con un total de 1 entradas.
[TRACE] 11:08:54:272 Instancia/(16859:16859): Se recibe instruccion SET.

[TRACE] 11:08:54:312 Instancia/(16859:16859): Se escribió con exito sobre la entrada 0 y con un total de 1 entradas.
[TRACE] 11:08:54:552 Instancia/(16859:16859): Se recibe instruccion SET.

[TRACE] 11:08:54:592 Instancia/(16859:16859): Se escribió con exito sobre la entrada 0 y con un total de 1 entradas.
[TRACE] 11:08:57:916 Instancia/(16859:16859): Se recibe instruccion STORE.

[TRACE] 11:08:57:956 Instancia/(16859:16859): Se leyó con exito el value de la clave e3:sony:juegos.
[TRACE] 11:09:02:76 Instancia/(16859:16859): Se recibe instruccion SET.

[TRACE] 11:09:02:116 Instancia/(16859:16859): Se escribió con exito sobre la entrada 1 y con un total de 1 entradas.
[TRACE] 11:09:02:928 Instancia/(16859:16859): Se recibe instruccion SET.

[TRACE] 11:09:02:968 Instancia/(16859:16859): Se escribió con exito sobre la entrada 2 y con un total de 1 entradas.
[TRACE] 11:09:03:768 Instancia/(16859:16859): Se recibe instruccion SET.

[TRACE] 11:09:03:808 Instancia/(16859:16859): Se escribió con exito sobre la entrada 3 y con un total de 1 entradas.
[TRACE] 11:09:04:608 Instancia/(16859:16859): Se recibe instruccion SET.

[TRACE] 11:09:04:648 Instancia/(16859:16859): Se escribió con exito sobre la entrada 4 y con un total de 1 entradas.
[TRACE] 11:09:05:448 Instancia/(16859:16859): Se recibe instruccion SET.

[TRACE] 11:09:05:488 Instancia/(16859:16859): Se escribió con exito sobre la entrada 5 y con un total de 1 entradas.
[TRACE] 11:09:18:301 Instancia/(16859:16859): Se recibe instruccion SET.

[TRACE] 11:09:18:340 Instancia/(16859:16859): Se escribió con exito sobre la entrada 6 y con un total de 1 entradas.
[TRACE] 11:09:19:700 Instancia/(16859:16859): Se recibe instruccion STORE.

[TRACE] 11:09:19:740 Instancia/(16859:16859): Se leyó con exito el value de la clave platoprincipal:ingrediente3.
[TRACE] 11:09:27:741 Instancia/(16859:16859): Se recibe instruccion SET.

[TRACE] 11:09:27:781 Instancia/(16859:16859): Se escribió con exito sobre la entrada 7 y con un total de 1 entradas.
[TRACE] 11:09:28:580 Instancia/(16859:16859): Se recibe instruccion SET.

[TRACE] 11:09:28:620 Instancia/(16859:16859): Se escribió con exito sobre la entrada 8 y con un total de 1 entradas.
[TRACE] 11:09:29:420 Instancia/(16859:16859): Se recibe instruccion SET.

[TRACE] 11:09:29:460 Instancia/(16859:16859): Se escribió con exito sobre la entrada 9 y con un total de 1 entradas.
[TRACE] 11:09:30:260 Instancia/(16859:16859): Se recibe instruccion SET.

[TRACE] 11:09:30:300 Instancia/(16859:16859): Se escribió con exito sobre la entrada 10 y con un total de 1 entradas.
[TRACE] 11:09:31:100 Instancia/(16859:16859): Se recibe instruccion SET.

[TRACE] 11:09:31:140 Instancia/(16859:16859): Se escribió con exito sobre la entrada 11 y con un total de 1 entradas.
[TRACE] 11:09:31:940 Instancia/(16859:16859): Se recibe instruccion SET.

[TRACE] 11:09:31:980 Instancia/(16859:16859): Se escribió con exito sobre la entrada 12 y con un total de 1 entradas.
[TRACE] 11:09:32:780 Instancia/(16859:16859): Se recibe instruccion SET.

[TRACE] 11:09:32:820 Instancia/(16859:16859): Se escribió con exito sobre la entrada 13 y con un total de 2 entradas.
[TRACE] 11:09:33:620 Instancia/(16859:16859): Se recibe instruccion SET.

[TRACE] 11:09:33:660 Instancia/(16859:16859): Se escribió con exito sobre la entrada 15 y con un total de 1 entradas.
[TRACE] 11:09:34:460 Instancia/(16859:16859): Se recibe instruccion SET.

[TRACE] 11:09:34:500 Instancia/(16859:16859): Se escribió con exito sobre la entrada 16 y con un total de 1 entradas.
[TRACE] 11:09:35:300 Instancia/(16859:16859): Se recibe instruccion SET.

[TRACE] 11:09:35:341 Instancia/(16859:16859): Se escribió con exito sobre la entrada 17 y con un total de 1 entradas.
[TRACE] 11:09:36:140 Instancia/(16859:16859): Se recibe instruccion STORE.

[TRACE] 11:09:36:180 Instancia/(16859:16859): Se leyó con exito el value de la clave sandwich:bondiola:simple.
[TRACE] 11:09:36:984 Instancia/(16859:16859): Se recibe instruccion STORE.

[TRACE] 11:09:37:25 Instancia/(16859:16859): Se leyó con exito el value de la clave sandwich:lomo:simple.
[TRACE] 11:09:37:828 Instancia/(16859:16859): Se recibe instruccion STORE.

[TRACE] 11:09:37:868 Instancia/(16859:16859): Se leyó con exito el value de la clave sandwich:vacio:simple.
[TRACE] 11:09:38:668 Instancia/(16859:16859): Se recibe instruccion STORE.

[TRACE] 11:09:38:708 Instancia/(16859:16859): Se leyó con exito el value de la clave sandwich:choripan.
[TRACE] 11:09:39:508 Instancia/(16859:16859): Se recibe instruccion STORE.

[TRACE] 11:09:39:549 Instancia/(16859:16859): Se leyó con exito el value de la clave parrilla:rinion.
[TRACE] 11:09:40:348 Instancia/(16859:16859): Se recibe instruccion STORE.

[TRACE] 11:09:40:388 Instancia/(16859:16859): Se leyó con exito el value de la clave parrilla:entrania.
[TRACE] 11:09:41:188 Instancia/(16859:16859): Se recibe instruccion STORE.

[TRACE] 11:09:41:229 Instancia/(16859:16859): Se leyó con exito el value de la clave parrilla:matambre:alapizza.
[TRACE] 11:09:42:29 Instancia/(16859:16859): Se recibe instruccion STORE.

[TRACE] 11:09:42:68 Instancia/(16859:16859): Se leyó con exito el value de la clave parrilla:pareja.
[TRACE] 11:09:43:20 Instancia/(16859:16859): Se recibe instruccion STORE.

[TRACE] 11:09:43:60 Instancia/(16859:16859): Se leyó con exito el value de la clave cocina:tallarines.
[TRACE] 11:09:43:302 Instancia/(16859:16859): Se recibe instruccion STORE.

[TRACE] 11:17:24:322 Instancia/(16916:16916): Conectado a Coordinador OK.

[TRACE] 11:17:24:322 Instancia/(16916:16916): Se inicializó la Instancia, se encontraron 0 entradas de una ejecución anterior.
[TRACE] 11:17:36:156 Instancia/(16916:16916): Se recibe instruccion SET.

[TRACE] 11:17:36:156 Instancia/(16916:16916): Se escribió con exito sobre la entrada 0 y con un total de 1 entradas.
[TRACE] 11:17:36:0 Instancia/(16916:16916): Se recibe instruccion SET.

[TRACE] 11:17:37:40 Instancia/(16916:16916): Se escribió con exito sobre la entrada 1 y con un total de 1 entradas.
[TRACE] 11:17:37:561 Instancia/(16916:16916): Se recibe instruccion STORE.

[TRACE] 11:17:37:602 Instancia/(16916:16916): Se leyó con exito el value de la clave platoprincipal:ingrediente1.
[TRACE] 11:17:38:404 Instancia/(16916:16916): Se recibe instruccion STORE.

[TRACE] 11:17:38:444 Instancia/(16916:16916): Se leyó con exito el value de la clave platoprincipal:ingrediente4.
[TRACE] 11:17:57:564 Instancia/(16916:16916): Se recibe instruccion SET.

[TRACE] 11:17:57:604 Instancia/(16916:16916): Se escribió con exito sobre la entrada 2 y con un total de 2 entradas.
[TRACE] 11:17:58:404 Instancia/(16916:16916): Se recibe instruccion SET.

[TRACE] 11:17:58:444 Instancia/(16916:16916): Se escribió con exito sobre la entrada 4 y con un total de 1 entradas.
[TRACE] 11:17:59:248 Instancia/(16916:16916): Se recibe instruccion SET.

[TRACE] 11:17:59:288 Instancia/(16916:16916): Se escribió con exito sobre la entrada 5 y con un total de 1 entradas.
[TRACE] 11:18:00:88 Instancia/(16916:16916): Se recibe instruccion SET.

[TRACE] 11:18:00:128 Instancia/(16916:16916): Se escribió con exito sobre la entrada 6 y con un total de 1 entradas.
[TRACE] 11:18:00:929 Instancia/(16916:16916): Se recibe instruccion SET.

[TRACE] 11:18:00:968 Instancia/(16916:16916): Se escribió con exito sobre la entrada 7 y con un total de 1 entradas.
[TRACE] 11:18:01:768 Instancia/(16916:16916): Se recibe instruccion SET.

[TRACE] 11:18:01:808 Instancia/(16916:16916): Se escribió con exito sobre la entrada 8 y con un total de 1 entradas.
[TRACE] 11:18:02:608 Instancia/(16916:16916): Se recibe instruccion SET.

[TRACE] 11:18:02:648 Instancia/(16916:16916): Se escribió con exito sobre la entrada 9 y con un total de 1 entradas.
[TRACE] 11:18:03:448 Instancia/(16916:16916): Se recibe instruccion SET.

[TRACE] 11:18:03:488 Instancia/(16916:16916): Se escribió con exito sobre la entrada 10 y con un total de 1 entradas.
[TRACE] 11:18:04:288 Instancia/(16916:16916): Se recibe instruccion SET.

[TRACE] 11:18:04:328 Instancia/(16916:16916): Se escribió con exito sobre la entrada 11 y con un total de 1 entradas.
[TRACE] 11:18:05:128 Instancia/(16916:16916): Se recibe instruccion SET.

[TRACE] 11:18:05:168 Instancia/(16916:16916): Se escribió con exito sobre la entrada 12 y con un total de 2 entradas.
[TRACE] 11:18:05:969 Instancia/(16916:16916): Se recibe instruccion STORE.

[TRACE] 11:18:06:8 Instancia/(16916:16916): Se leyó con exito el value de la clave sandwich:bondiola:jyq.
[TRACE] 11:18:06:816 Instancia/(16916:16916): Se recibe instruccion STORE.

[TRACE] 11:18:06:860 Instancia/(16916:16916): Se leyó con exito el value de la clave sandwich:lomo:jyq.
[TRACE] 11:18:07:660 Instancia/(16916:16916): Se recibe instruccion STORE.

[TRACE] 11:18:07:704 Instancia/(16916:16916): Se leyó con exito el value de la clave sandwich:vacio:jyq.
[TRACE] 11:18:08:508 Instancia/(16916:16916): Se recibe instruccion STORE.

[TRACE] 11:18:08:548 Instancia/(16916:16916): Se leyó con exito el value de la clave sandwich:morcipan.
[TRACE] 11:18:09:348 Instancia/(16916:16916): Se recibe instruccion STORE.

[TRACE] 11:18:09:388 Instancia/(16916:16916): Se leyó con exito el value de la clave parrilla:tiraasado.
[TRACE] 11:18:10:192 Instancia/(16916:16916): Se recibe instruccion STORE.

[TRACE] 11:18:10:232 Instancia/(16916:16916): Se leyó con exito el value de la clave parrilla:bifedelomo.
[TRACE] 11:18:11:36 Instancia/(16916:16916): Se recibe instruccion STORE.

[TRACE] 11:18:11:76 Instancia/(16916:16916): Se leyó con exito el value de la clave parrilla:ojodebife.
[TRACE] 11:18:11:876 Instancia/(16916:16916): Se recibe instruccion STORE.

[TRACE] 11:18:11:916 Instancia/(16916:16916): Se leyó con exito el value de la clave cocina:papasfritas.
[TRACE] 11:18:12:724 Instancia/(16916:16916): Se recibe instruccion STORE.

[TRACE] 11:18:12:768 Instancia/(16916:16916): Se leyó con exito el value de la clave cocina:ravioles.
[TRACE] 11:18:13:576 Instancia/(16916:16916): Se recibe instruccion STORE.

[TRACE] 11:18:13:616 Instancia/(16916:16916): Se leyó con exito el value de la clave cocina:milanesa:carne.
[TRACE] 12:07:44:226 Instancia/(16916:16916): Se recibe instruccion STORE.

[TRACE] 12:08:11:259 Instancia/(17917:17917): Conectado a Coordinador OK.

[TRACE] 12:08:11:260 Instancia/(17917:17917): Se inicializó la Instancia, se encontraron 0 entradas de una ejecución anterior.
[TRACE] 12:08:35:346 Instancia/(17917:17917): Se recibe instruccion SET.

[TRACE] 12:08:35:346 Instancia/(17917:17917): Se escribió con exito sobre la entrada 0 y con un total de 1 entradas.
[TRACE] 12:08:35:626 Instancia/(17917:17917): Se recibe instruccion SET.

[TRACE] 12:08:35:666 Instancia/(17917:17917): Se escribió con exito sobre la entrada 0 y con un total de 1 entradas.
[TRACE] 12:08:35:906 Instancia/(17917:17917): Se recibe instruccion SET.

[TRACE] 12:08:35:947 Instancia/(17917:17917): Se escribió con exito sobre la entrada 0 y con un total de 1 entradas.
[TRACE] 12:08:36:186 Instancia/(17917:17917): Se recibe instruccion SET.

[TRACE] 12:08:36:226 Instancia/(17917:17917): Se escribió con exito sobre la entrada 0 y con un total de 1 entradas.
[TRACE] 12:08:36:466 Instancia/(17917:17917): Se recibe instruccion SET.

[TRACE] 12:08:36:506 Instancia/(17917:17917): Se escribió con exito sobre la entrada 0 y con un total de 1 entradas.
[TRACE] 12:08:36:746 Instancia/(17917:17917): Se recibe instruccion SET.

[TRACE] 12:08:36:786 Instancia/(17917:17917): Se escribió con exito sobre la entrada 0 y con un total de 1 entradas.
[TRACE] 12:08:40:106 Instancia/(17917:17917): Se recibe instruccion STORE.

[TRACE] 12:08:40:146 Instancia/(17917:17917): Se leyó con exito el value de la clave e3:sony:juegos.
[TRACE] 12:08:44:266 Instancia/(17917:17917): Se recibe instruccion SET.

[TRACE] 12:08:44:306 Instancia/(17917:17917): Se escribió con exito sobre la entrada 1 y con un total de 1 entradas.
[TRACE] 12:08:45:106 Instancia/(17917:17917): Se recibe instruccion SET.

[TRACE] 12:08:45:146 Instancia/(17917:17917): Se escribió con exito sobre la entrada 2 y con un total de 1 entradas.
[TRACE] 12:08:45:946 Instancia/(17917:17917): Se recibe instruccion SET.

[TRACE] 12:08:45:987 Instancia/(17917:17917): Se escribió con exito sobre la entrada 3 y con un total de 1 entradas.
[TRACE] 12:08:46:787 Instancia/(17917:17917): Se recibe instruccion SET.

[TRACE] 12:08:46:826 Instancia/(17917:17917): Se escribió con exito sobre la entrada 4 y con un total de 1 entradas.
[TRACE] 12:08:47:626 Instancia/(17917:17917): Se recibe instruccion SET.

[TRACE] 12:08:47:666 Instancia/(17917:17917): Se escribió con exito sobre la entrada 5 y con un total de 1 entradas.
[TRACE] 12:09:11:202 Instancia/(17917:17917): Se recibe instruccion SET.

[TRACE] 12:09:11:242 Instancia/(17917:17917): Se escribió con exito sobre la entrada 6 y con un total de 1 entradas.
[TRACE] 12:09:12:602 Instancia/(17917:17917): Se recibe instruccion STORE.

[TRACE] 12:09:12:642 Instancia/(17917:17917): Se leyó con exito el value de la clave platoprincipal:ingrediente3.
[TRACE] 12:09:20:646 Instancia/(17917:17917): Se recibe instruccion SET.

[TRACE] 12:09:20:686 Instancia/(17917:17917): Se escribió con exito sobre la entrada 7 y con un total de 1 entradas.
[TRACE] 12:09:21:486 Instancia/(17917:17917): Se recibe instruccion SET.

[TRACE] 12:09:21:526 Instancia/(17917:17917): Se escribió con exito sobre la entrada 8 y con un total de 1 entradas.
[TRACE] 12:09:22:326 Instancia/(17917:17917): Se recibe instruccion SET.

[TRACE] 12:09:22:366 Instancia/(17917:17917): Se escribió con exito sobre la entrada 9 y con un total de 1 entradas.
[TRACE] 12:09:23:166 Instancia/(17917:17917): Se recibe instruccion SET.

[TRACE] 12:09:23:207 Instancia/(17917:17917): Se escribió con exito sobre la entrada 10 y con un total de 1 entradas.
[TRACE] 12:09:24:6 Instancia/(17917:17917): Se recibe instruccion SET.

[TRACE] 12:09:24:46 Instancia/(17917:17917): Se escribió con exito sobre la entrada 11 y con un total de 1 entradas.
[TRACE] 12:09:24:846 Instancia/(17917:17917): Se recibe instruccion SET.

[TRACE] 12:09:24:886 Instancia/(17917:17917): Se escribió con exito sobre la entrada 12 y con un total de 1 entradas.
[TRACE] 12:09:25:686 Instancia/(17917:17917): Se recibe instruccion SET.

[TRACE] 12:09:25:726 Instancia/(17917:17917): Se escribió con exito sobre la entrada 13 y con un total de 2 entradas.
[TRACE] 12:09:26:527 Instancia/(17917:17917): Se recibe instruccion SET.

[TRACE] 12:09:26:566 Instancia/(17917:17917): Se escribió con exito sobre la entrada 15 y con un total de 1 entradas.
[TRACE] 12:09:27:367 Instancia/(17917:17917): Se recibe instruccion SET.

[TRACE] 12:09:27:407 Instancia/(17917:17917): Se escribió con exito sobre la entrada 16 y con un total de 1 entradas.
[TRACE] 12:09:28:206 Instancia/(17917:17917): Se recibe instruccion SET.

[TRACE] 12:09:28:246 Instancia/(17917:17917): Se escribió con exito sobre la entrada 17 y con un total de 1 entradas.
[TRACE] 12:09:29:46 Instancia/(17917:17917): Se recibe instruccion STORE.

[TRACE] 12:09:29:86 Instancia/(17917:17917): Se leyó con exito el value de la clave sandwich:bondiola:simple.
[TRACE] 12:09:29:890 Instancia/(17917:17917): Se recibe instruccion STORE.

[TRACE] 12:09:29:930 Instancia/(17917:17917): Se leyó con exito el value de la clave sandwich:lomo:simple.
[TRACE] 12:09:30:730 Instancia/(17917:17917): Se recibe instruccion STORE.

[TRACE] 12:09:30:771 Instancia/(17917:17917): Se leyó con exito el value de la clave sandwich:vacio:simple.
[TRACE] 12:09:31:570 Instancia/(17917:17917): Se recibe instruccion STORE.

[TRACE] 12:09:31:610 Instancia/(17917:17917): Se leyó con exito el value de la clave sandwich:choripan.
[TRACE] 12:09:32:410 Instancia/(17917:17917): Se recibe instruccion STORE.

[TRACE] 12:09:32:450 Instancia/(17917:17917): Se leyó con exito el value de la clave parrilla:rinion.
[TRACE] 12:09:33:255 Instancia/(17917:17917): Se recibe instruccion STORE.

[TRACE] 12:09:33:299 Instancia/(17917:17917): Se leyó con exito el value de la clave parrilla:entrania.
[TRACE] 12:09:34:110 Instancia/(17917:17917): Se recibe instruccion STORE.

[TRACE] 12:09:34:150 Instancia/(17917:17917): Se leyó con exito el value de la clave parrilla:matambre:alapizza.
[TRACE] 12:09:34:954 Instancia/(17917:17917): Se recibe instruccion STORE.

[TRACE] 12:09:34:995 Instancia/(17917:17917): Se leyó con exito el value de la clave parrilla:pareja.
[TRACE] 12:09:35:794 Instancia/(17917:17917): Se recibe instruccion STORE.

[TRACE] 12:09:35:834 Instancia/(17917:17917): Se leyó con exito el value de la clave cocina:tallarines.
[TRACE] 12:09:36:634 Instancia/(17917:17917): Se recibe instruccion STORE.

[TRACE] 12:09:36:674 Instancia/(17917:17917): Se leyó con exito el value de la clave cocina:suprema.
[TRACE] 12:10:20:66 Instancia/(17917:17917): Se recibe instruccion SET.

[TRACE] 12:10:20:106 Instancia/(17917:17917): Se escribió con exito sobre la entrada 18 y con un total de 1 entradas.
[TRACE] 12:10:20:906 Instancia/(17917:17917): Se recibe instruccion SET.

[TRACE] 12:10:20:946 Instancia/(17917:17917): Se escribió con exito sobre la entrada 19 y con un total de 1 entradas.
[TRACE] 12:10:21:748 Instancia/(17917:17917): Se recibe instruccion SET.

[TRACE] 12:10:21:786 Instancia/(17917:17917): Se escribió con exito sobre la entrada 20 y con un total de 1 entradas.
[TRACE] 12:10:22:587 Instancia/(17917:17917): Se recibe instruccion SET.

[TRACE] 12:10:22:626 Instancia/(17917:17917): Se escribió con exito sobre la entrada 21 y con un total de 1 entradas.
[TRACE] 12:10:22:866 Instancia/(17917:17917): Se recibe instruccion STORE.

[TRACE] 12:10:22:906 Instancia/(17917:17917): Se leyó con exito el value de la clave postre:ingrediente1.
[TRACE] 12:10:23:706 Instancia/(17917:17917): Se recibe instruccion STORE.

[TRACE] 12:10:23:746 Instancia/(17917:17917): Se leyó con exito el value de la clave postre:ingrediente4.
[TRACE] 12:10:24:726 Instancia/(17917:17917): Se recibe instruccion STORE.

[TRACE] 12:10:24:766 Instancia/(17917:17917): Se leyó con exito el value de la clave postre:ingrediente7.
[TRACE] 12:10:25:287 Instancia/(17917:17917): Se recibe instruccion STORE.

