[TRACE] 10:46:59:400 Instancia/(15557:15557): Conectado a Coordinador OK.

[TRACE] 10:46:59:400 Instancia/(15557:15557): Se inicializó la Instancia, se encontraron 0 entradas de una ejecución anterior.
[TRACE] 10:54:55:84 Instancia/(15557:15557): Se recibe instruccion SET.

[TRACE] 10:54:55:84 Instancia/(15557:15557): Se escribió con exito sobre la entrada 0 y con un total de 1 entradas.
[TRACE] 10:54:55:924 Instancia/(15557:15557): Se recibe instruccion SET.

[TRACE] 10:54:55:964 Instancia/(15557:15557): Se escribió con exito sobre la entrada 1 y con un total de 1 entradas.
[TRACE] 10:54:56:764 Instancia/(15557:15557): Se recibe instruccion SET.

[TRACE] 10:54:56:804 Instancia/(15557:15557): Se escribió con exito sobre la entrada 2 y con un total de 1 entradas.
[TRACE] 10:54:57:604 Instancia/(15557:15557): Se recibe instruccion SET.

[TRACE] 10:54:57:644 Instancia/(15557:15557): Se escribió con exito sobre la entrada 3 y con un total de 1 entradas.
[TRACE] 10:54:57:884 Instancia/(15557:15557): Se recibe instruccion STORE.

[TRACE] 10:54:57:924 Instancia/(15557:15557): Se leyó con exito el value de la clave postre:ingrediente1.
[TRACE] 10:54:58:728 Instancia/(15557:15557): Se recibe instruccion STORE.

[TRACE] 10:54:58:772 Instancia/(15557:15557): Se leyó con exito el value de la clave postre:ingrediente4.
[TRACE] 10:54:59:576 Instancia/(15557:15557): Se recibe instruccion STORE.

[TRACE] 10:54:59:617 Instancia/(15557:15557): Se leyó con exito el value de la clave postre:ingrediente7.
[TRACE] 10:55:00:420 Instancia/(15557:15557): Se recibe instruccion STORE.

[TRACE] 10:55:00:464 Instancia/(15557:15557): Se leyó con exito el value de la clave postre:ingrediente10.
[TRACE] 10:55:04:628 Instancia/(15557:15557): Se recibe instruccion SET.

[TRACE] 10:55:04:668 Instancia/(15557:15557): Se escribió con exito sobre la entrada 4 y con un total de 1 entradas.
[TRACE] 10:55:05:468 Instancia/(15557:15557): Se recibe instruccion SET.

[TRACE] 10:55:05:508 Instancia/(15557:15557): Se escribió con exito sobre la entrada 5 y con un total de 1 entradas.
[TRACE] 10:55:06:308 Instancia/(15557:15557): Se recibe instruccion SET.

[TRACE] 10:55:06:348 Instancia/(15557:15557): Se escribió con exito sobre la entrada 6 y con un total de 1 entradas.
[TRACE] 10:55:07:148 Instancia/(15557:15557): Se recibe instruccion SET.

[TRACE] 10:55:07:188 Instancia/(15557:15557): Se escribió con exito sobre la entrada 7 y con un total de 1 entradas.
[TRACE] 10:55:29:150 Instancia/(15557:15557): Se recibe instruccion SET.

[TRACE] 10:55:40:811 Instancia/(16631:16631): Conectado a Coordinador OK.

[TRACE] 10:55:40:811 Instancia/(16631:16631): Se inicializó la Instancia, se encontraron 0 entradas de una ejecución anterior.
[TRACE] 10:56:17:28 Instancia/(16631:16631): Se recibe instruccion SET.

[TRACE] 10:56:17:28 Instancia/(16631:16631): Se escribió con exito sobre la entrada 0 y con un total de 1 entradas.
[TRACE] 10:56:17:308 Instancia/(16631:16631): Se recibe instruccion SET.

[TRACE] 10:56:17:348 Instancia/(16631:16631): Se escribió con exito sobre la entrada 0 y con un total de 1 entradas.
[TRACE] 10:56:17:588 Instancia/(16631:16631): Se recibe instruccion SET.

[TRACE] 10:56:17:628 Instancia/(16631:16631): Se escribió con exito sobre la entrada 0 y con un total de 1 entradas.
[TRACE] 10:56:17:868 Instancia/(16631:16631): Se recibe instruccion SET.

[TRACE] 10:56:17:908 Instancia/(16631:16631): Se escribió con exito sobre la entrada 0 y con un total de 1 entradas.
[TRACE] 10:56:18:148 Instancia/(16631:16631): Se recibe instruccion SET.

[TRACE] 10:56:18:188 Instancia/(16631:16631): Se escribió con exito sobre la entrada 0 y con un total de 1 entradas.
[TRACE] 11:04:29:336 Instancia/(16631:16631): Se recibe instruccion SET.

[TRACE] 11:04:29:376 Instancia/(16631:16631): Se escribió con exito sobre la entrada 0 y con un total de 1 entradas.
[TRACE] 11:05:02:900 Instancia/(16631:16631): Se recibe instruccion SET.

[TRACE] 11:05:02:940 Instancia/(16631:16631): Se escribió con exito sobre la entrada 0 y con un total de 1 entradas.
[TRACE] 11:06:46:28 Instancia/(16631:16631): Se recibe instruccion SET.

[ERROR] 11:08:28:563 Instancia/(16852:16852): Error al conectar al Coordinador.

[TRACE] 11:08:33:973 Instancia/(16860:16860): Conectado a Coordinador OK.

[TRACE] 11:08:33:973 Instancia/(16860:16860): Se inicializó la Instancia, se encontraron 0 entradas de una ejecución anterior.
[TRACE] 11:08:54:832 Instancia/(16860:16860): Se recibe instruccion SET.

[TRACE] 11:08:54:833 Instancia/(16860:16860): Se escribió con exito sobre la entrada 0 y con un total de 1 entradas.
[TRACE] 11:08:55:112 Instancia/(16860:16860): Se recibe instruccion SET.

[TRACE] 11:08:55:152 Instancia/(16860:16860): Se escribió con exito sobre la entrada 0 y con un total de 1 entradas.
[TRACE] 11:08:55:392 Instancia/(16860:16860): Se recibe instruccion SET.

[TRACE] 11:08:55:433 Instancia/(16860:16860): Se escribió con exito sobre la entrada 0 y con un total de 1 entradas.
[TRACE] 11:08:55:676 Instancia/(16860:16860): Se recibe instruccion SET.

[TRACE] 11:08:55:716 Instancia/(16860:16860): Se escribió con exito sobre la entrada 0 y con un total de 1 entradas.
[TRACE] 11:08:55:956 Instancia/(16860:16860): Se recibe instruccion SET.

[TRACE] 11:08:55:996 Instancia/(16860:16860): Se escribió con exito sobre la entrada 0 y con un total de 1 entradas.
[TRACE] 11:08:56:236 Instancia/(16860:16860): Se recibe instruccion SET.

[TRACE] 11:08:56:276 Instancia/(16860:16860): Se escribió con exito sobre la entrada 0 y con un total de 1 entradas.
[TRACE] 11:08:56:516 Instancia/(16860:16860): Se recibe instruccion SET.

[TRACE] 11:08:56:556 Instancia/(16860:16860): Se escribió con exito sobre la entrada 0 y con un total de 1 entradas.
[TRACE] 11:08:56:796 Instancia/(16860:16860): Se recibe instruccion SET.

[TRACE] 11:08:56:836 Instancia/(16860:16860): Se escribió con exito sobre la entrada 0 y con un total de 1 entradas.
[TRACE] 11:08:57:76 Instancia/(16860:16860): Se recibe instruccion SET.

[TRACE] 11:08:57:116 Instancia/(16860:16860): Se escribió con exito sobre la entrada 0 y con un total de 1 entradas.
[TRACE] 11:08:57:356 Instancia/(16860:16860): Se recibe instruccion SET.

[TRACE] 11:08:57:396 Instancia/(16860:16860): Se escribió con exito sobre la entrada 0 y con un total de 1 entradas.
[TRACE] 11:08:57:636 Instancia/(16860:16860): Se recibe instruccion STORE.

[TRACE] 11:08:57:676 Instancia/(16860:16860): Se leyó con exito el value de la clave e3:microsoft:juegos.
[TRACE] 11:09:02:356 Instancia/(16860:16860): Se recibe instruccion SET.

[TRACE] 11:09:02:396 Instancia/(16860:16860): Se escribió con exito sobre la entrada 1 y con un total de 1 entradas.
[TRACE] 11:09:03:208 Instancia/(16860:16860): Se recibe instruccion SET.

[TRACE] 11:09:03:248 Instancia/(16860:16860): Se escribió con exito sobre la entrada 2 y con un total de 1 entradas.
[TRACE] 11:09:04:49 Instancia/(16860:16860): Se recibe instruccion SET.

[TRACE] 11:09:04:88 Instancia/(16860:16860): Se escribió con exito sobre la entrada 3 y con un total de 1 entradas.
[TRACE] 11:09:04:888 Instancia/(16860:16860): Se recibe instruccion SET.

[TRACE] 11:09:04:928 Instancia/(16860:16860): Se escribió con exito sobre la entrada 4 y con un total de 1 entradas.
[TRACE] 11:09:17:740 Instancia/(16860:16860): Se recibe instruccion SET.

[TRACE] 11:09:17:780 Instancia/(16860:16860): Se escribió con exito sobre la entrada 5 y con un total de 1 entradas.
[TRACE] 11:09:18:580 Instancia/(16860:16860): Se recibe instruccion SET.

[TRACE] 11:09:18:620 Instancia/(16860:16860): Se escribió con exito sobre la entrada 6 y con un total de 1 entradas.
[TRACE] 11:09:19:141 Instancia/(16860:16860): Se recibe instruccion STORE.

[TRACE] 11:09:19:180 Instancia/(16860:16860): Se leyó con exito el value de la clave platoprincipal:ingrediente1.
[TRACE] 11:09:19:980 Instancia/(16860:16860): Se recibe instruccion STORE.

[TRACE] 11:09:20:20 Instancia/(16860:16860): Se leyó con exito el value de la clave platoprincipal:ingrediente4.
[TRACE] 11:09:28:20 Instancia/(16860:16860): Se recibe instruccion SET.

[TRACE] 11:09:28:61 Instancia/(16860:16860): Se escribió con exito sobre la entrada 7 y con un total de 2 entradas.
[TRACE] 11:09:28:860 Instancia/(16860:16860): Se recibe instruccion SET.

[TRACE] 11:09:28:900 Instancia/(16860:16860): Se escribió con exito sobre la entrada 9 y con un total de 1 entradas.
[TRACE] 11:09:29:700 Instancia/(16860:16860): Se recibe instruccion SET.

[TRACE] 11:09:29:740 Instancia/(16860:16860): Se escribió con exito sobre la entrada 10 y con un total de 1 entradas.
[TRACE] 11:09:30:540 Instancia/(16860:16860): Se recibe instruccion SET.

[TRACE] 11:09:30:580 Instancia/(16860:16860): Se escribió con exito sobre la entrada 11 y con un total de 1 entradas.
[TRACE] 11:09:31:380 Instancia/(16860:16860): Se recibe instruccion SET.

[TRACE] 11:09:31:420 Instancia/(16860:16860): Se escribió con exito sobre la entrada 12 y con un total de 1 entradas.
[TRACE] 11:09:32:220 Instancia/(16860:16860): Se recibe instruccion SET.

[TRACE] 11:09:32:261 Instancia/(16860:16860): Se escribió con exito sobre la entrada 13 y con un total de 1 entradas.
[TRACE] 11:09:33:60 Instancia/(16860:16860): Se recibe instruccion SET.

[TRACE] 11:09:33:100 Instancia/(16860:16860): Se escribió con exito sobre la entrada 14 y con un total de 1 entradas.
[TRACE] 11:09:33:900 Instancia/(16860:16860): Se recibe instruccion SET.

[TRACE] 11:09:33:941 Instancia/(16860:16860): Se escribió con exito sobre la entrada 15 y con un total de 1 entradas.
[TRACE] 11:09:34:740 Instancia/(16860:16860): Se recibe instruccion SET.

[TRACE] 11:09:34:780 Instancia/(16860:16860): Se escribió con exito sobre la entrada 16 y con un total de 1 entradas.
[TRACE] 11:09:35:580 Instancia/(16860:16860): Se recibe instruccion SET.

[TRACE] 11:09:35:620 Instancia/(16860:16860): Se escribió con exito sobre la entrada 17 y con un total de 2 entradas.
[TRACE] 11:09:36:420 Instancia/(16860:16860): Se recibe instruccion STORE.

[TRACE] 11:09:36:460 Instancia/(16860:16860): Se leyó con exito el value de la clave sandwich:bondiola:jyq.
[TRACE] 11:09:37:264 Instancia/(16860:16860): Se recibe instruccion STORE.

[TRACE] 11:09:37:304 Instancia/(16860:16860): Se leyó con exito el value de la clave sandwich:lomo:jyq.
[TRACE] 11:09:38:109 Instancia/(16860:16860): Se recibe instruccion STORE.

[TRACE] 11:09:38:148 Instancia/(16860:16860): Se leyó con exito el value de la clave sandwich:vacio:jyq.
[TRACE] 11:09:38:949 Instancia/(16860:16860): Se recibe instruccion STORE.

[TRACE] 11:09:38:988 Instancia/(16860:16860): Se leyó con exito el value de la clave sandwich:morcipan.
[TRACE] 11:09:39:789 Instancia/(16860:16860): Se recibe instruccion STORE.

[TRACE] 11:09:39:828 Instancia/(16860:16860): Se leyó con exito el value de la clave parrilla:tiraasado.
[TRACE] 11:09:40:628 Instancia/(16860:16860): Se recibe instruccion STORE.

[TRACE] 11:09:40:668 Instancia/(16860:16860): Se leyó con exito el value de la clave parrilla:bifedelomo.
[TRACE] 11:09:41:468 Instancia/(16860:16860): Se recibe instruccion STORE.

[TRACE] 11:09:41:508 Instancia/(16860:16860): Se leyó con exito el value de la clave parrilla:ojodebife.
[TRACE] 11:09:42:308 Instancia/(16860:16860): Se recibe instruccion STORE.

[TRACE] 11:17:27:498 Instancia/(16917:16917): Conectado a Coordinador OK.

[TRACE] 11:17:27:498 Instancia/(16917:16917): Se inicializó la Instancia, se encontraron 0 entradas de una ejecución anterior.
[TRACE] 11:17:36:436 Instancia/(16917:16917): Se recibe instruccion SET.

[TRACE] 11:17:36:436 Instancia/(16917:16917): Se escribió con exito sobre la entrada 0 y con un total de 1 entradas.
[TRACE] 11:17:37:280 Instancia/(16917:16917): Se recibe instruccion SET.

[TRACE] 11:17:37:321 Instancia/(16917:16917): Se escribió con exito sobre la entrada 1 y con un total de 1 entradas.
[TRACE] 11:17:37:840 Instancia/(16917:16917): Se recibe instruccion STORE.

[TRACE] 11:17:37:880 Instancia/(16917:16917): Se leyó con exito el value de la clave platoprincipal:ingrediente2.
[TRACE] 11:17:38:684 Instancia/(16917:16917): Se recibe instruccion STORE.

[TRACE] 11:17:38:724 Instancia/(16917:16917): Se leyó con exito el value de la clave platoprincipal:ingrediente5.
[TRACE] 11:17:57:844 Instancia/(16917:16917): Se recibe instruccion SET.

[TRACE] 11:17:57:884 Instancia/(16917:16917): Se escribió con exito sobre la entrada 2 y con un total de 2 entradas.
[TRACE] 11:17:58:685 Instancia/(16917:16917): Se recibe instruccion SET.

[TRACE] 11:17:58:724 Instancia/(16917:16917): Se escribió con exito sobre la entrada 4 y con un total de 2 entradas.
[TRACE] 11:17:59:528 Instancia/(16917:16917): Se recibe instruccion SET.

[TRACE] 11:17:59:568 Instancia/(16917:16917): Se escribió con exito sobre la entrada 6 y con un total de 2 entradas.
[TRACE] 11:18:00:368 Instancia/(16917:16917): Se recibe instruccion SET.

[TRACE] 11:18:00:408 Instancia/(16917:16917): Se escribió con exito sobre la entrada 8 y con un total de 1 entradas.
[TRACE] 11:18:01:208 Instancia/(16917:16917): Se recibe instruccion SET.

[TRACE] 11:18:01:248 Instancia/(16917:16917): Se escribió con exito sobre la entrada 9 y con un total de 1 entradas.
[TRACE] 11:18:02:48 Instancia/(16917:16917): Se recibe instruccion SET.

[TRACE] 11:18:02:88 Instancia/(16917:16917): Se escribió con exito sobre la entrada 10 y con un total de 1 entradas.
[TRACE] 11:18:02:888 Instancia/(16917:16917): Se recibe instruccion SET.

[TRACE] 11:18:02:928 Instancia/(16917:16917): Se escribió con exito sobre la entrada 11 y con un total de 1 entradas.
[TRACE] 11:18:03:728 Instancia/(16917:16917): Se recibe instruccion SET.

[TRACE] 11:18:03:768 Instancia/(16917:16917): Se escribió con exito sobre la entrada 12 y con un total de 1 entradas.
[TRACE] 11:18:04:568 Instancia/(16917:16917): Se recibe instruccion SET.

[TRACE] 11:18:04:608 Instancia/(16917:16917): Se escribió con exito sobre la entrada 13 y con un total de 1 entradas.
[TRACE] 11:18:05:408 Instancia/(16917:16917): Se recibe instruccion SET.

[TRACE] 11:18:05:448 Instancia/(16917:16917): Se escribió con exito sobre la entrada 14 y con un total de 2 entradas.
[TRACE] 11:18:06:248 Instancia/(16917:16917): Se recibe instruccion STORE.

[TRACE] 11:18:06:288 Instancia/(16917:16917): Se leyó con exito el value de la clave sandwich:bondiola:completo.
[TRACE] 11:18:07:100 Instancia/(16917:16917): Se recibe instruccion STORE.

[TRACE] 11:18:07:140 Instancia/(16917:16917): Se leyó con exito el value de la clave sandwich:lomo:completo.
[TRACE] 11:18:07:944 Instancia/(16917:16917): Se recibe instruccion STORE.

[TRACE] 11:18:07:984 Instancia/(16917:16917): Se leyó con exito el value de la clave sandwich:vacio:completo.
[TRACE] 11:18:08:788 Instancia/(16917:16917): Se recibe instruccion STORE.

[TRACE] 11:18:08:828 Instancia/(16917:16917): Se leyó con exito el value de la clave parrilla:chinchulines.
[TRACE] 11:18:09:628 Instancia/(16917:16917): Se recibe instruccion STORE.

[TRACE] 11:18:09:668 Instancia/(16917:16917): Se leyó con exito el value de la clave parrilla:vacio.
[TRACE] 11:18:10:473 Instancia/(16917:16917): Se recibe instruccion STORE.

[TRACE] 11:18:10:512 Instancia/(16917:16917): Se leyó con exito el value de la clave parrilla:matambre:simple.
[TRACE] 11:18:11:316 Instancia/(16917:16917): Se recibe instruccion STORE.

[TRACE] 11:18:11:356 Instancia/(16917:16917): Se leyó con exito el value de la clave parrilla:molleja.
[TRACE] 11:18:12:156 Instancia/(16917:16917): Se recibe instruccion STORE.

[TRACE] 11:18:12:200 Instancia/(16917:16917): Se leyó con exito el value de la clave cocina:batatasfritas.
[TRACE] 11:18:13:8 Instancia/(16917:16917): Se recibe instruccion STORE.

[TRACE] 11:18:13:48 Instancia/(16917:16917): Se leyó con exito el value de la clave cocina:nioquis.
[TRACE] 11:18:13:856 Instancia/(16917:16917): Se recibe instruccion STORE.

[TRACE] 11:18:13:896 Instancia/(16917:16917): Se leyó con exito el value de la clave cocina:milanesa:pollo.
[TRACE] 12:08:13:268 Instancia/(17918:17918): Conectado a Coordinador OK.

[TRACE] 12:08:13:269 Instancia/(17918:17918): Se inicializó la Instancia, se encontraron 0 entradas de una ejecución anterior.
[TRACE] 12:08:37:26 Instancia/(17918:17918): Se recibe instruccion SET.

[TRACE] 12:08:37:26 Instancia/(17918:17918): Se escribió con exito sobre la entrada 0 y con un total de 1 entradas.
[TRACE] 12:08:37:306 Instancia/(17918:17918): Se recibe instruccion SET.

[TRACE] 12:08:37:346 Instancia/(17918:17918): Se escribió con exito sobre la entrada 0 y con un total de 1 entradas.
[TRACE] 12:08:37:586 Instancia/(17918:17918): Se recibe instruccion SET.

[TRACE] 12:08:37:626 Instancia/(17918:17918): Se escribió con exito sobre la entrada 0 y con un total de 1 entradas.
[TRACE] 12:08:37:866 Instancia/(17918:17918): Se recibe instruccion SET.

[TRACE] 12:08:37:906 Instancia/(17918:17918): Se escribió con exito sobre la entrada 0 y con un total de 1 entradas.
[TRACE] 12:08:38:146 Instancia/(17918:17918): Se recibe instruccion SET.

[TRACE] 12:08:38:186 Instancia/(17918:17918): Se escribió con exito sobre la entrada 0 y con un total de 1 entradas.
[TRACE] 12:08:38:427 Instancia/(17918:17918): Se recibe instruccion SET.

[TRACE] 12:08:38:466 Instancia/(17918:17918): Se escribió con exito sobre la entrada 0 y con un total de 1 entradas.
[TRACE] 12:08:38:706 Instancia/(17918:17918): Se recibe instruccion SET.

[TRACE] 12:08:38:746 Instancia/(17918:17918): Se escribió con exito sobre la entrada 0 y con un total de 1 entradas.
[TRACE] 12:08:38:986 Instancia/(17918:17918): Se recibe instruccion SET.

[TRACE] 12:08:39:27 Instancia/(17918:17918): Se escribió con exito sobre la entrada 0 y con un total de 1 entradas.
[TRACE] 12:08:39:266 Instancia/(17918:17918): Se recibe instruccion SET.

[TRACE] 12:08:39:306 Instancia/(17918:17918): Se escribió con exito sobre la entrada 0 y con un total de 1 entradas.
[TRACE] 12:08:39:546 Instancia/(17918:17918): Se recibe instruccion SET.

[TRACE] 12:08:39:586 Instancia/(17918:17918): Se escribió con exito sobre la entrada 0 y con un total de 1 entradas.
[TRACE] 12:08:39:826 Instancia/(17918:17918): Se recibe instruccion STORE.

[TRACE] 12:08:39:867 Instancia/(17918:17918): Se leyó con exito el value de la clave e3:microsoft:juegos.
[TRACE] 12:08:44:546 Instancia/(17918:17918): Se recibe instruccion SET.

[TRACE] 12:08:44:586 Instancia/(17918:17918): Se escribió con exito sobre la entrada 1 y con un total de 1 entradas.
[TRACE] 12:08:45:386 Instancia/(17918:17918): Se recibe instruccion SET.

[TRACE] 12:08:45:426 Instancia/(17918:17918): Se escribió con exito sobre la entrada 2 y con un total de 1 entradas.
[TRACE] 12:08:46:226 Instancia/(17918:17918): Se recibe instruccion SET.

[TRACE] 12:08:46:266 Instancia/(17918:17918): Se escribió con exito sobre la entrada 3 y con un total de 1 entradas.
[TRACE] 12:08:47:66 Instancia/(17918:17918): Se recibe instruccion SET.

[TRACE] 12:08:47:106 Instancia/(17918:17918): Se escribió con exito sobre la entrada 4 y con un total de 1 entradas.
[TRACE] 12:09:10:642 Instancia/(17918:17918): Se recibe instruccion SET.

[TRACE] 12:09:10:682 Instancia/(17918:17918): Se escribió con exito sobre la entrada 5 y con un total de 1 entradas.
[TRACE] 12:09:11:482 Instancia/(17918:17918): Se recibe instruccion SET.

[TRACE] 12:09:11:522 Instancia/(17918:17918): Se escribió con exito sobre la entrada 6 y con un total de 1 entradas.
[TRACE] 12:09:12:42 Instancia/(17918:17918): Se recibe instruccion STORE.

[TRACE] 12:09:12:82 Instancia/(17918:17918): Se leyó con exito el value de la clave platoprincipal:ingrediente1.
[TRACE] 12:09:12:883 Instancia/(17918:17918): Se recibe instruccion STORE.

[TRACE] 12:09:12:923 Instancia/(17918:17918): Se leyó con exito el value de la clave platoprincipal:ingrediente4.
[TRACE] 12:09:20:926 Instancia/(17918:17918): Se recibe instruccion SET.

[TRACE] 12:09:20:966 Instancia/(17918:17918): Se escribió con exito sobre la entrada 7 y con un total de 2 entradas.
[TRACE] 12:09:21:766 Instancia/(17918:17918): Se recibe instruccion SET.

[TRACE] 12:09:21:806 Instancia/(17918:17918): Se escribió con exito sobre la entrada 9 y con un total de 1 entradas.
[TRACE] 12:09:22:606 Instancia/(17918:17918): Se recibe instruccion SET.

[TRACE] 12:09:22:647 Instancia/(17918:17918): Se escribió con exito sobre la entrada 10 y con un total de 1 entradas.
[TRACE] 12:09:23:446 Instancia/(17918:17918): Se recibe instruccion SET.

[TRACE] 12:09:23:486 Instancia/(17918:17918): Se escribió con exito sobre la entrada 11 y con un total de 1 entradas.
[TRACE] 12:09:24:286 Instancia/(17918:17918): Se recibe instruccion SET.

[TRACE] 12:09:24:326 Instancia/(17918:17918): Se escribió con exito sobre la entrada 12 y con un total de 1 entradas.
[TRACE] 12:09:25:126 Instancia/(17918:17918): Se recibe instruccion SET.

[TRACE] 12:09:25:167 Instancia/(17918:17918): Se escribió con exito sobre la entrada 13 y con un total de 1 entradas.
[TRACE] 12:09:25:966 Instancia/(17918:17918): Se recibe instruccion SET.

[TRACE] 12:09:26:6 Instancia/(17918:17918): Se escribió con exito sobre la entrada 14 y con un total de 1 entradas.
[TRACE] 12:09:26:806 Instancia/(17918:17918): Se recibe instruccion SET.

[TRACE] 12:09:26:846 Instancia/(17918:17918): Se escribió con exito sobre la entrada 15 y con un total de 1 entradas.
[TRACE] 12:09:27:646 Instancia/(17918:17918): Se recibe instruccion SET.

[TRACE] 12:09:27:686 Instancia/(17918:17918): Se escribió con exito sobre la entrada 16 y con un total de 2 entradas.
[TRACE] 12:09:28:486 Instancia/(17918:17918): Se recibe instruccion SET.

[TRACE] 12:09:28:526 Instancia/(17918:17918): Se escribió con exito sobre la entrada 18 y con un total de 2 entradas.
[TRACE] 12:09:29:327 Instancia/(17918:17918): Se recibe instruccion STORE.

[TRACE] 12:09:29:367 Instancia/(17918:17918): Se leyó con exito el value de la clave sandwich:bondiola:jyq.
[TRACE] 12:09:30:170 Instancia/(17918:17918): Se recibe instruccion STORE.

[TRACE] 12:09:30:210 Instancia/(17918:17918): Se leyó con exito el value de la clave sandwich:lomo:jyq.
[TRACE] 12:09:31:10 Instancia/(17918:17918): Se recibe instruccion STORE.

[TRACE] 12:09:31:50 Instancia/(17918:17918): Se leyó con exito el value de la clave sandwich:vacio:jyq.
[TRACE] 12:09:31:850 Instancia/(17918:17918): Se recibe instruccion STORE.

[TRACE] 12:09:31:890 Instancia/(17918:17918): Se leyó con exito el value de la clave sandwich:morcipan.
[TRACE] 12:09:32:690 Instancia/(17918:17918): Se recibe instruccion STORE.

[TRACE] 12:09:32:734 Instancia/(17918:17918): Se leyó con exito el value de la clave parrilla:tiraasado.
[TRACE] 12:09:33:543 Instancia/(17918:17918): Se recibe instruccion STORE.

[TRACE] 12:09:33:582 Instancia/(17918:17918): Se leyó con exito el value de la clave parrilla:bifedelomo.
[TRACE] 12:09:34:390 Instancia/(17918:17918): Se recibe instruccion STORE.

[TRACE] 12:09:34:434 Instancia/(17918:17918): Se leyó con exito el value de la clave parrilla:ojodebife.
[TRACE] 12:09:35:234 Instancia/(17918:17918): Se recibe instruccion STORE.

[TRACE] 12:09:35:274 Instancia/(17918:17918): Se leyó con exito el value de la clave cocina:papasfritas.
[TRACE] 12:09:36:74 Instancia/(17918:17918): Se recibe instruccion STORE.

[TRACE] 12:09:36:114 Instancia/(17918:17918): Se leyó con exito el value de la clave cocina:ravioles.
[TRACE] 12:09:36:915 Instancia/(17918:17918): Se recibe instruccion STORE.

[TRACE] 12:09:36:954 Instancia/(17918:17918): Se leyó con exito el value de la clave cocina:milanesa:carne.
[TRACE] 12:10:20:346 Instancia/(17918:17918): Se recibe instruccion SET.

[TRACE] 12:10:20:386 Instancia/(17918:17918): Se escribió con exito sobre la entrada 20 y con un total de 1 entradas.
[TRACE] 12:10:21:187 Instancia/(17918:17918): Se recibe instruccion SET.

[TRACE] 12:10:21:226 Instancia/(17918:17918): Se escribió con exito sobre la entrada 21 y con un total de 1 entradas.
[TRACE] 12:10:22:26 Instancia/(17918:17918): Se recibe instruccion SET.

[TRACE] 12:10:22:66 Instancia/(17918:17918): Se escribió con exito sobre la entrada 22 y con un total de 1 entradas.
[TRACE] 12:10:23:146 Instancia/(17918:17918): Se recibe instruccion STORE.

[TRACE] 12:10:23:186 Instancia/(17918:17918): Se leyó con exito el value de la clave postre:ingrediente2.
[TRACE] 12:10:23:986 Instancia/(17918:17918): Se recibe instruccion STORE.

[TRACE] 12:10:24:27 Instancia/(17918:17918): Se leyó con exito el value de la clave postre:ingrediente5.
[TRACE] 12:10:25:6 Instancia/(17918:17918): Se recibe instruccion STORE.

[TRACE] 12:10:25:46 Instancia/(17918:17918): Se leyó con exito el value de la clave postre:ingrediente8.
[TRACE] 12:10:25:287 Instancia/(17918:17918): Se recibe instruccion STORE.

